{"D:\\Kerjaan\\Oktober 2023\\Final Project\\codepresso\\server\\index.js": {"path":"D:\\Kerjaan\\Oktober 2023\\Final Project\\codepresso\\server\\index.js","statementMap":{"0":{"start":{"line":4,"column":16},"end":{"line":4,"column":34}},"1":{"start":{"line":5,"column":13},"end":{"line":5,"column":28}},"2":{"start":{"line":6,"column":0},"end":{"line":6,"column":27}},"3":{"start":{"line":7,"column":12},"end":{"line":7,"column":21}},"4":{"start":{"line":8,"column":15},"end":{"line":8,"column":43}},"5":{"start":{"line":9,"column":13},"end":{"line":9,"column":29}},"6":{"start":{"line":10,"column":13},"end":{"line":10,"column":28}},"7":{"start":{"line":11,"column":25},"end":{"line":11,"column":41}},"8":{"start":{"line":12,"column":20},"end":{"line":12,"column":34}},"9":{"start":{"line":14,"column":23},"end":{"line":14,"column":49}},"10":{"start":{"line":16,"column":0},"end":{"line":18,"column":5}},"11":{"start":{"line":17,"column":2},"end":{"line":17,"column":30}},"12":{"start":{"line":20,"column":0},"end":{"line":22,"column":3}},"13":{"start":{"line":21,"column":2},"end":{"line":21,"column":47}},"14":{"start":{"line":23,"column":0},"end":{"line":25,"column":3}},"15":{"start":{"line":24,"column":2},"end":{"line":24,"column":46}},"16":{"start":{"line":27,"column":0},"end":{"line":27,"column":16}},"17":{"start":{"line":28,"column":0},"end":{"line":28,"column":24}},"18":{"start":{"line":29,"column":0},"end":{"line":29,"column":48}},"19":{"start":{"line":30,"column":0},"end":{"line":30,"column":34}},"20":{"start":{"line":31,"column":0},"end":{"line":31,"column":69}},"21":{"start":{"line":32,"column":13},"end":{"line":35,"column":2}},"22":{"start":{"line":36,"column":0},"end":{"line":39,"column":3}},"23":{"start":{"line":37,"column":2},"end":{"line":37,"column":18}},"24":{"start":{"line":38,"column":2},"end":{"line":38,"column":9}},"25":{"start":{"line":41,"column":0},"end":{"line":41,"column":24}},"26":{"start":{"line":43,"column":0},"end":{"line":45,"column":3}},"27":{"start":{"line":44,"column":2},"end":{"line":44,"column":53}},"28":{"start":{"line":47,"column":0},"end":{"line":51,"column":1}},"29":{"start":{"line":48,"column":2},"end":{"line":50,"column":5}},"30":{"start":{"line":49,"column":4},"end":{"line":49,"column":47}},"31":{"start":{"line":52,"column":0},"end":{"line":52,"column":21}}},"fnMap":{"0":{"name":"(anonymous_0)","decl":{"start":{"line":16,"column":1},"end":{"line":16,"column":2}},"loc":{"start":{"line":16,"column":13},"end":{"line":18,"column":1}},"line":16},"1":{"name":"(anonymous_1)","decl":{"start":{"line":20,"column":24},"end":{"line":20,"column":25}},"loc":{"start":{"line":20,"column":30},"end":{"line":22,"column":1}},"line":20},"2":{"name":"(anonymous_2)","decl":{"start":{"line":23,"column":24},"end":{"line":23,"column":25}},"loc":{"start":{"line":23,"column":33},"end":{"line":25,"column":1}},"line":23},"3":{"name":"(anonymous_3)","decl":{"start":{"line":36,"column":8},"end":{"line":36,"column":9}},"loc":{"start":{"line":36,"column":28},"end":{"line":39,"column":1}},"line":36},"4":{"name":"(anonymous_4)","decl":{"start":{"line":43,"column":13},"end":{"line":43,"column":14}},"loc":{"start":{"line":43,"column":27},"end":{"line":45,"column":1}},"line":43},"5":{"name":"(anonymous_5)","decl":{"start":{"line":48,"column":19},"end":{"line":48,"column":20}},"loc":{"start":{"line":48,"column":25},"end":{"line":50,"column":3}},"line":48}},"branchMap":{"0":{"loc":{"start":{"line":47,"column":0},"end":{"line":51,"column":1}},"type":"if","locations":[{"start":{"line":47,"column":0},"end":{"line":51,"column":1}},{"start":{},"end":{}}],"line":47}},"s":{"0":2,"1":2,"2":2,"3":2,"4":2,"5":2,"6":2,"7":2,"8":2,"9":2,"10":2,"11":2,"12":2,"13":2,"14":2,"15":0,"16":2,"17":2,"18":2,"19":2,"20":2,"21":2,"22":2,"23":38,"24":38,"25":2,"26":2,"27":0,"28":2,"29":0,"30":0,"31":2},"f":{"0":2,"1":2,"2":0,"3":38,"4":0,"5":0},"b":{"0":[0,2]},"_coverageSchema":"1a1c01bbd47fc00a2c39e90264f33305004495a9","hash":"2e4379e3895b5a0e5dd4f564b5904f81dd5c1dfa"}
,"D:\\Kerjaan\\Oktober 2023\\Final Project\\codepresso\\server\\config\\database.js": {"path":"D:\\Kerjaan\\Oktober 2023\\Final Project\\codepresso\\server\\config\\database.js","statementMap":{"0":{"start":{"line":4,"column":0},"end":{"line":4,"column":27}},"1":{"start":{"line":5,"column":67},"end":{"line":5,"column":78}},"2":{"start":{"line":6,"column":0},"end":{"line":29,"column":2}}},"fnMap":{},"branchMap":{},"s":{"0":2,"1":2,"2":2},"f":{},"b":{},"_coverageSchema":"1a1c01bbd47fc00a2c39e90264f33305004495a9","hash":"f1dd9d5382a57e9582449c92496c93343a883751"}
,"D:\\Kerjaan\\Oktober 2023\\Final Project\\codepresso\\server\\config\\openRoutes.js": {"path":"D:\\Kerjaan\\Oktober 2023\\Final Project\\codepresso\\server\\config\\openRoutes.js","statementMap":{"0":{"start":{"line":5,"column":14},"end":{"line":5,"column":30}},"1":{"start":{"line":6,"column":17},"end":{"line":6,"column":44}},"2":{"start":{"line":7,"column":22},"end":{"line":7,"column":42}},"3":{"start":{"line":10,"column":17},"end":{"line":10,"column":46}},"4":{"start":{"line":12,"column":2},"end":{"line":57,"column":3}},"5":{"start":{"line":13,"column":26},"end":{"line":17,"column":6}},"6":{"start":{"line":19,"column":4},"end":{"line":21,"column":5}},"7":{"start":{"line":20,"column":6},"end":{"line":20,"column":73}},"8":{"start":{"line":22,"column":21},"end":{"line":36,"column":5}},"9":{"start":{"line":38,"column":18},"end":{"line":38,"column":41}},"10":{"start":{"line":40,"column":4},"end":{"line":42,"column":5}},"11":{"start":{"line":41,"column":6},"end":{"line":41,"column":44}},"12":{"start":{"line":44,"column":28},"end":{"line":44,"column":59}},"13":{"start":{"line":46,"column":22},"end":{"line":46,"column":74}},"14":{"start":{"line":46,"column":53},"end":{"line":46,"column":73}},"15":{"start":{"line":48,"column":4},"end":{"line":51,"column":7}},"16":{"start":{"line":53,"column":4},"end":{"line":53,"column":21}},"17":{"start":{"line":55,"column":4},"end":{"line":55,"column":71}},"18":{"start":{"line":56,"column":4},"end":{"line":56,"column":16}},"19":{"start":{"line":60,"column":0},"end":{"line":60,"column":46}}},"fnMap":{"0":{"name":"getOpenRouteServiceRoute","decl":{"start":{"line":9,"column":15},"end":{"line":9,"column":39}},"loc":{"start":{"line":9,"column":93},"end":{"line":58,"column":1}},"line":9},"1":{"name":"(anonymous_1)","decl":{"start":{"line":46,"column":42},"end":{"line":46,"column":43}},"loc":{"start":{"line":46,"column":53},"end":{"line":46,"column":73}},"line":46}},"branchMap":{"0":{"loc":{"start":{"line":19,"column":4},"end":{"line":21,"column":5}},"type":"if","locations":[{"start":{"line":19,"column":4},"end":{"line":21,"column":5}},{"start":{},"end":{}}],"line":19},"1":{"loc":{"start":{"line":40,"column":4},"end":{"line":42,"column":5}},"type":"if","locations":[{"start":{"line":40,"column":4},"end":{"line":42,"column":5}},{"start":{},"end":{}}],"line":40},"2":{"loc":{"start":{"line":40,"column":8},"end":{"line":40,"column":33}},"type":"binary-expr","locations":[{"start":{"line":40,"column":8},"end":{"line":40,"column":14}},{"start":{"line":40,"column":18},"end":{"line":40,"column":33}}],"line":40}},"s":{"0":2,"1":2,"2":2,"3":0,"4":0,"5":0,"6":0,"7":0,"8":0,"9":0,"10":0,"11":0,"12":0,"13":0,"14":0,"15":0,"16":0,"17":0,"18":0,"19":2},"f":{"0":0,"1":0},"b":{"0":[0,0],"1":[0,0],"2":[0,0]},"_coverageSchema":"1a1c01bbd47fc00a2c39e90264f33305004495a9","hash":"7fe0b19ff63cf166c8bb1786c32b2b9ec2037c82"}
,"D:\\Kerjaan\\Oktober 2023\\Final Project\\codepresso\\server\\controllers\\addOnsController.js": {"path":"D:\\Kerjaan\\Oktober 2023\\Final Project\\codepresso\\server\\controllers\\addOnsController.js","statementMap":{"0":{"start":{"line":5,"column":49},"end":{"line":5,"column":82}},"1":{"start":{"line":6,"column":30},"end":{"line":6,"column":67}},"2":{"start":{"line":7,"column":13},"end":{"line":7,"column":28}},"3":{"start":{"line":8,"column":17},"end":{"line":8,"column":53}},"4":{"start":{"line":9,"column":31},"end":{"line":9,"column":66}},"5":{"start":{"line":10,"column":46},"end":{"line":10,"column":66}},"6":{"start":{"line":11,"column":29},"end":{"line":11,"column":68}},"7":{"start":{"line":13,"column":0},"end":{"line":29,"column":2}},"8":{"start":{"line":14,"column":2},"end":{"line":28,"column":3}},"9":{"start":{"line":15,"column":19},"end":{"line":15,"column":29}},"10":{"start":{"line":16,"column":21},"end":{"line":23,"column":6}},"11":{"start":{"line":25,"column":4},"end":{"line":25,"column":64}},"12":{"start":{"line":27,"column":4},"end":{"line":27,"column":34}},"13":{"start":{"line":31,"column":0},"end":{"line":75,"column":2}},"14":{"start":{"line":32,"column":2},"end":{"line":74,"column":3}},"15":{"start":{"line":33,"column":24},"end":{"line":33,"column":32}},"16":{"start":{"line":34,"column":21},"end":{"line":34,"column":68}},"17":{"start":{"line":35,"column":21},"end":{"line":35,"column":39}},"18":{"start":{"line":37,"column":21},"end":{"line":37,"column":49}},"19":{"start":{"line":38,"column":4},"end":{"line":40,"column":5}},"20":{"start":{"line":39,"column":6},"end":{"line":39,"column":51}},"21":{"start":{"line":42,"column":25},"end":{"line":42,"column":54}},"22":{"start":{"line":43,"column":4},"end":{"line":45,"column":5}},"23":{"start":{"line":44,"column":6},"end":{"line":44,"column":78}},"24":{"start":{"line":47,"column":23},"end":{"line":47,"column":59}},"25":{"start":{"line":49,"column":4},"end":{"line":71,"column":6}},"26":{"start":{"line":51,"column":8},"end":{"line":69,"column":9}},"27":{"start":{"line":52,"column":10},"end":{"line":68,"column":12}},"28":{"start":{"line":54,"column":28},"end":{"line":54,"column":54}},"29":{"start":{"line":56,"column":39},"end":{"line":66,"column":16}},"30":{"start":{"line":73,"column":4},"end":{"line":73,"column":34}}},"fnMap":{"0":{"name":"(anonymous_0)","decl":{"start":{"line":13,"column":32},"end":{"line":13,"column":33}},"loc":{"start":{"line":13,"column":52},"end":{"line":29,"column":1}},"line":13},"1":{"name":"(anonymous_1)","decl":{"start":{"line":31,"column":30},"end":{"line":31,"column":31}},"loc":{"start":{"line":31,"column":50},"end":{"line":75,"column":1}},"line":31},"2":{"name":"(anonymous_2)","decl":{"start":{"line":50,"column":21},"end":{"line":50,"column":22}},"loc":{"start":{"line":50,"column":41},"end":{"line":70,"column":7}},"line":50},"3":{"name":"(anonymous_3)","decl":{"start":{"line":53,"column":35},"end":{"line":53,"column":36}},"loc":{"start":{"line":53,"column":59},"end":{"line":67,"column":13}},"line":53}},"branchMap":{"0":{"loc":{"start":{"line":38,"column":4},"end":{"line":40,"column":5}},"type":"if","locations":[{"start":{"line":38,"column":4},"end":{"line":40,"column":5}},{"start":{},"end":{}}],"line":38},"1":{"loc":{"start":{"line":43,"column":4},"end":{"line":45,"column":5}},"type":"if","locations":[{"start":{"line":43,"column":4},"end":{"line":45,"column":5}},{"start":{},"end":{}}],"line":43},"2":{"loc":{"start":{"line":51,"column":8},"end":{"line":69,"column":9}},"type":"if","locations":[{"start":{"line":51,"column":8},"end":{"line":69,"column":9}},{"start":{},"end":{}}],"line":51},"3":{"loc":{"start":{"line":51,"column":12},"end":{"line":51,"column":77}},"type":"binary-expr","locations":[{"start":{"line":51,"column":12},"end":{"line":51,"column":55}},{"start":{"line":51,"column":59},"end":{"line":51,"column":77}}],"line":51}},"s":{"0":2,"1":2,"2":2,"3":2,"4":2,"5":2,"6":2,"7":2,"8":0,"9":0,"10":0,"11":0,"12":0,"13":2,"14":1,"15":1,"16":1,"17":1,"18":1,"19":1,"20":0,"21":1,"22":1,"23":0,"24":1,"25":1,"26":4,"27":4,"28":10,"29":10,"30":0},"f":{"0":0,"1":1,"2":4,"3":10},"b":{"0":[0,1],"1":[0,1],"2":[4,0],"3":[4,4]},"_coverageSchema":"1a1c01bbd47fc00a2c39e90264f33305004495a9","hash":"01cd244a683ff8fc1aedeec4235fe6886eacb524"}
,"D:\\Kerjaan\\Oktober 2023\\Final Project\\codepresso\\server\\controllers\\addressController.js": {"path":"D:\\Kerjaan\\Oktober 2023\\Final Project\\codepresso\\server\\controllers\\addressController.js","statementMap":{"0":{"start":{"line":4,"column":49},"end":{"line":4,"column":82}},"1":{"start":{"line":5,"column":30},"end":{"line":5,"column":67}},"2":{"start":{"line":6,"column":32},"end":{"line":6,"column":67}},"3":{"start":{"line":7,"column":20},"end":{"line":7,"column":40}},"4":{"start":{"line":8,"column":14},"end":{"line":8,"column":32}},"5":{"start":{"line":9,"column":20},"end":{"line":9,"column":31}},"6":{"start":{"line":11,"column":0},"end":{"line":24,"column":2}},"7":{"start":{"line":12,"column":2},"end":{"line":23,"column":3}},"8":{"start":{"line":13,"column":21},"end":{"line":13,"column":29}},"9":{"start":{"line":15,"column":21},"end":{"line":18,"column":6}},"10":{"start":{"line":20,"column":4},"end":{"line":20,"column":64}},"11":{"start":{"line":22,"column":4},"end":{"line":22,"column":34}},"12":{"start":{"line":26,"column":0},"end":{"line":51,"column":2}},"13":{"start":{"line":27,"column":2},"end":{"line":50,"column":3}},"14":{"start":{"line":28,"column":19},"end":{"line":28,"column":29}},"15":{"start":{"line":29,"column":21},"end":{"line":29,"column":29}},"16":{"start":{"line":31,"column":18},"end":{"line":31,"column":50}},"17":{"start":{"line":33,"column":4},"end":{"line":39,"column":5}},"18":{"start":{"line":34,"column":23},"end":{"line":34,"column":81}},"19":{"start":{"line":36,"column":6},"end":{"line":36,"column":65}},"20":{"start":{"line":38,"column":6},"end":{"line":38,"column":36}},"21":{"start":{"line":41,"column":28},"end":{"line":41,"column":82}},"22":{"start":{"line":41,"column":54},"end":{"line":41,"column":81}},"23":{"start":{"line":43,"column":4},"end":{"line":45,"column":5}},"24":{"start":{"line":44,"column":6},"end":{"line":44,"column":62}},"25":{"start":{"line":47,"column":4},"end":{"line":47,"column":64}},"26":{"start":{"line":49,"column":4},"end":{"line":49,"column":34}},"27":{"start":{"line":53,"column":0},"end":{"line":73,"column":2}},"28":{"start":{"line":54,"column":2},"end":{"line":72,"column":3}},"29":{"start":{"line":55,"column":20},"end":{"line":55,"column":28}},"30":{"start":{"line":56,"column":21},"end":{"line":56,"column":49}},"31":{"start":{"line":58,"column":4},"end":{"line":60,"column":5}},"32":{"start":{"line":59,"column":6},"end":{"line":59,"column":51}},"33":{"start":{"line":62,"column":21},"end":{"line":62,"column":29}},"34":{"start":{"line":63,"column":4},"end":{"line":63,"column":34}},"35":{"start":{"line":65,"column":23},"end":{"line":65,"column":52}},"36":{"start":{"line":67,"column":4},"end":{"line":67,"column":37}},"37":{"start":{"line":69,"column":4},"end":{"line":69,"column":74}},"38":{"start":{"line":71,"column":4},"end":{"line":71,"column":34}},"39":{"start":{"line":75,"column":0},"end":{"line":105,"column":2}},"40":{"start":{"line":76,"column":2},"end":{"line":104,"column":3}},"41":{"start":{"line":77,"column":19},"end":{"line":77,"column":29}},"42":{"start":{"line":78,"column":20},"end":{"line":78,"column":28}},"43":{"start":{"line":80,"column":21},"end":{"line":80,"column":49}},"44":{"start":{"line":82,"column":4},"end":{"line":84,"column":5}},"45":{"start":{"line":83,"column":6},"end":{"line":83,"column":51}},"46":{"start":{"line":86,"column":21},"end":{"line":86,"column":29}},"47":{"start":{"line":88,"column":28},"end":{"line":88,"column":54}},"48":{"start":{"line":90,"column":4},"end":{"line":92,"column":5}},"49":{"start":{"line":91,"column":6},"end":{"line":91,"column":62}},"50":{"start":{"line":94,"column":4},"end":{"line":96,"column":5}},"51":{"start":{"line":95,"column":6},"end":{"line":95,"column":96}},"52":{"start":{"line":98,"column":4},"end":{"line":98,"column":53}},"53":{"start":{"line":99,"column":4},"end":{"line":99,"column":37}},"54":{"start":{"line":101,"column":4},"end":{"line":101,"column":61}},"55":{"start":{"line":103,"column":4},"end":{"line":103,"column":34}},"56":{"start":{"line":107,"column":0},"end":{"line":140,"column":2}},"57":{"start":{"line":108,"column":2},"end":{"line":139,"column":3}},"58":{"start":{"line":109,"column":19},"end":{"line":109,"column":29}},"59":{"start":{"line":110,"column":21},"end":{"line":110,"column":29}},"60":{"start":{"line":112,"column":26},"end":{"line":114,"column":6}},"61":{"start":{"line":116,"column":4},"end":{"line":118,"column":5}},"62":{"start":{"line":117,"column":6},"end":{"line":117,"column":67}},"63":{"start":{"line":120,"column":4},"end":{"line":120,"column":81}},"64":{"start":{"line":122,"column":28},"end":{"line":122,"column":54}},"65":{"start":{"line":124,"column":4},"end":{"line":126,"column":5}},"66":{"start":{"line":125,"column":6},"end":{"line":125,"column":62}},"67":{"start":{"line":128,"column":4},"end":{"line":130,"column":5}},"68":{"start":{"line":129,"column":6},"end":{"line":129,"column":96}},"69":{"start":{"line":132,"column":4},"end":{"line":132,"column":62}},"70":{"start":{"line":134,"column":4},"end":{"line":134,"column":37}},"71":{"start":{"line":136,"column":4},"end":{"line":136,"column":61}},"72":{"start":{"line":138,"column":4},"end":{"line":138,"column":34}},"73":{"start":{"line":142,"column":0},"end":{"line":164,"column":2}},"74":{"start":{"line":143,"column":2},"end":{"line":163,"column":3}},"75":{"start":{"line":144,"column":19},"end":{"line":144,"column":29}},"76":{"start":{"line":145,"column":21},"end":{"line":145,"column":29}},"77":{"start":{"line":147,"column":28},"end":{"line":147,"column":54}},"78":{"start":{"line":149,"column":4},"end":{"line":151,"column":5}},"79":{"start":{"line":150,"column":6},"end":{"line":150,"column":62}},"80":{"start":{"line":153,"column":4},"end":{"line":155,"column":5}},"81":{"start":{"line":154,"column":6},"end":{"line":154,"column":96}},"82":{"start":{"line":157,"column":4},"end":{"line":157,"column":45}},"83":{"start":{"line":158,"column":4},"end":{"line":158,"column":37}},"84":{"start":{"line":160,"column":4},"end":{"line":160,"column":62}},"85":{"start":{"line":162,"column":4},"end":{"line":162,"column":34}}},"fnMap":{"0":{"name":"(anonymous_0)","decl":{"start":{"line":11,"column":21},"end":{"line":11,"column":22}},"loc":{"start":{"line":11,"column":41},"end":{"line":24,"column":1}},"line":11},"1":{"name":"(anonymous_1)","decl":{"start":{"line":26,"column":23},"end":{"line":26,"column":24}},"loc":{"start":{"line":26,"column":43},"end":{"line":51,"column":1}},"line":26},"2":{"name":"(anonymous_2)","decl":{"start":{"line":41,"column":41},"end":{"line":41,"column":42}},"loc":{"start":{"line":41,"column":54},"end":{"line":41,"column":81}},"line":41},"3":{"name":"(anonymous_3)","decl":{"start":{"line":53,"column":24},"end":{"line":53,"column":25}},"loc":{"start":{"line":53,"column":44},"end":{"line":73,"column":1}},"line":53},"4":{"name":"(anonymous_4)","decl":{"start":{"line":75,"column":22},"end":{"line":75,"column":23}},"loc":{"start":{"line":75,"column":42},"end":{"line":105,"column":1}},"line":75},"5":{"name":"(anonymous_5)","decl":{"start":{"line":107,"column":27},"end":{"line":107,"column":28}},"loc":{"start":{"line":107,"column":47},"end":{"line":140,"column":1}},"line":107},"6":{"name":"(anonymous_6)","decl":{"start":{"line":142,"column":24},"end":{"line":142,"column":25}},"loc":{"start":{"line":142,"column":44},"end":{"line":164,"column":1}},"line":142}},"branchMap":{"0":{"loc":{"start":{"line":33,"column":4},"end":{"line":39,"column":5}},"type":"if","locations":[{"start":{"line":33,"column":4},"end":{"line":39,"column":5}},{"start":{"line":37,"column":11},"end":{"line":39,"column":5}}],"line":33},"1":{"loc":{"start":{"line":43,"column":4},"end":{"line":45,"column":5}},"type":"if","locations":[{"start":{"line":43,"column":4},"end":{"line":45,"column":5}},{"start":{},"end":{}}],"line":43},"2":{"loc":{"start":{"line":58,"column":4},"end":{"line":60,"column":5}},"type":"if","locations":[{"start":{"line":58,"column":4},"end":{"line":60,"column":5}},{"start":{},"end":{}}],"line":58},"3":{"loc":{"start":{"line":82,"column":4},"end":{"line":84,"column":5}},"type":"if","locations":[{"start":{"line":82,"column":4},"end":{"line":84,"column":5}},{"start":{},"end":{}}],"line":82},"4":{"loc":{"start":{"line":90,"column":4},"end":{"line":92,"column":5}},"type":"if","locations":[{"start":{"line":90,"column":4},"end":{"line":92,"column":5}},{"start":{},"end":{}}],"line":90},"5":{"loc":{"start":{"line":94,"column":4},"end":{"line":96,"column":5}},"type":"if","locations":[{"start":{"line":94,"column":4},"end":{"line":96,"column":5}},{"start":{},"end":{}}],"line":94},"6":{"loc":{"start":{"line":116,"column":4},"end":{"line":118,"column":5}},"type":"if","locations":[{"start":{"line":116,"column":4},"end":{"line":118,"column":5}},{"start":{},"end":{}}],"line":116},"7":{"loc":{"start":{"line":124,"column":4},"end":{"line":126,"column":5}},"type":"if","locations":[{"start":{"line":124,"column":4},"end":{"line":126,"column":5}},{"start":{},"end":{}}],"line":124},"8":{"loc":{"start":{"line":128,"column":4},"end":{"line":130,"column":5}},"type":"if","locations":[{"start":{"line":128,"column":4},"end":{"line":130,"column":5}},{"start":{},"end":{}}],"line":128},"9":{"loc":{"start":{"line":149,"column":4},"end":{"line":151,"column":5}},"type":"if","locations":[{"start":{"line":149,"column":4},"end":{"line":151,"column":5}},{"start":{},"end":{}}],"line":149},"10":{"loc":{"start":{"line":153,"column":4},"end":{"line":155,"column":5}},"type":"if","locations":[{"start":{"line":153,"column":4},"end":{"line":155,"column":5}},{"start":{},"end":{}}],"line":153}},"s":{"0":2,"1":2,"2":2,"3":2,"4":2,"5":2,"6":2,"7":0,"8":0,"9":0,"10":0,"11":0,"12":2,"13":0,"14":0,"15":0,"16":0,"17":0,"18":0,"19":0,"20":0,"21":0,"22":0,"23":0,"24":0,"25":0,"26":0,"27":2,"28":0,"29":0,"30":0,"31":0,"32":0,"33":0,"34":0,"35":0,"36":0,"37":0,"38":0,"39":2,"40":0,"41":0,"42":0,"43":0,"44":0,"45":0,"46":0,"47":0,"48":0,"49":0,"50":0,"51":0,"52":0,"53":0,"54":0,"55":0,"56":2,"57":0,"58":0,"59":0,"60":0,"61":0,"62":0,"63":0,"64":0,"65":0,"66":0,"67":0,"68":0,"69":0,"70":0,"71":0,"72":0,"73":2,"74":0,"75":0,"76":0,"77":0,"78":0,"79":0,"80":0,"81":0,"82":0,"83":0,"84":0,"85":0},"f":{"0":0,"1":0,"2":0,"3":0,"4":0,"5":0,"6":0},"b":{"0":[0,0],"1":[0,0],"2":[0,0],"3":[0,0],"4":[0,0],"5":[0,0],"6":[0,0],"7":[0,0],"8":[0,0],"9":[0,0],"10":[0,0]},"_coverageSchema":"1a1c01bbd47fc00a2c39e90264f33305004495a9","hash":"d4dd3670b3714f8f06b5faa782c5a33e0d602800"}
,"D:\\Kerjaan\\Oktober 2023\\Final Project\\codepresso\\server\\controllers\\authController.js": {"path":"D:\\Kerjaan\\Oktober 2023\\Final Project\\codepresso\\server\\controllers\\authController.js","statementMap":{"0":{"start":{"line":4,"column":49},"end":{"line":4,"column":82}},"1":{"start":{"line":5,"column":34},"end":{"line":5,"column":54}},"2":{"start":{"line":6,"column":42},"end":{"line":6,"column":76}},"3":{"start":{"line":7,"column":46},"end":{"line":7,"column":79}},"4":{"start":{"line":8,"column":32},"end":{"line":8,"column":62}},"5":{"start":{"line":9,"column":12},"end":{"line":9,"column":35}},"6":{"start":{"line":10,"column":13},"end":{"line":10,"column":28}},"7":{"start":{"line":11,"column":119},"end":{"line":11,"column":154}},"8":{"start":{"line":12,"column":53},"end":{"line":12,"column":87}},"9":{"start":{"line":13,"column":14},"end":{"line":13,"column":32}},"10":{"start":{"line":14,"column":30},"end":{"line":14,"column":67}},"11":{"start":{"line":15,"column":53},"end":{"line":15,"column":84}},"12":{"start":{"line":16,"column":15},"end":{"line":16,"column":35}},"13":{"start":{"line":17,"column":20},"end":{"line":17,"column":31}},"14":{"start":{"line":19,"column":0},"end":{"line":67,"column":2}},"15":{"start":{"line":20,"column":2},"end":{"line":66,"column":3}},"16":{"start":{"line":21,"column":18},"end":{"line":21,"column":32}},"17":{"start":{"line":22,"column":21},"end":{"line":22,"column":38}},"18":{"start":{"line":23,"column":21},"end":{"line":23,"column":46}},"19":{"start":{"line":24,"column":24},"end":{"line":24,"column":52}},"20":{"start":{"line":26,"column":4},"end":{"line":28,"column":5}},"21":{"start":{"line":27,"column":6},"end":{"line":27,"column":60}},"22":{"start":{"line":30,"column":21},"end":{"line":30,"column":82}},"23":{"start":{"line":31,"column":4},"end":{"line":33,"column":5}},"24":{"start":{"line":32,"column":6},"end":{"line":32,"column":51}},"25":{"start":{"line":35,"column":17},"end":{"line":38,"column":6}},"26":{"start":{"line":39,"column":4},"end":{"line":41,"column":5}},"27":{"start":{"line":40,"column":6},"end":{"line":40,"column":59}},"28":{"start":{"line":42,"column":29},"end":{"line":42,"column":56}},"29":{"start":{"line":43,"column":26},"end":{"line":43,"column":72}},"30":{"start":{"line":45,"column":4},"end":{"line":47,"column":5}},"31":{"start":{"line":46,"column":6},"end":{"line":46,"column":84}},"32":{"start":{"line":48,"column":18},"end":{"line":48,"column":62}},"33":{"start":{"line":49,"column":4},"end":{"line":57,"column":5}},"34":{"start":{"line":50,"column":6},"end":{"line":50,"column":47}},"35":{"start":{"line":52,"column":6},"end":{"line":54,"column":7}},"36":{"start":{"line":53,"column":8},"end":{"line":53,"column":56}},"37":{"start":{"line":56,"column":6},"end":{"line":56,"column":63}},"38":{"start":{"line":59,"column":4},"end":{"line":59,"column":44}},"39":{"start":{"line":61,"column":18},"end":{"line":61,"column":37}},"40":{"start":{"line":63,"column":4},"end":{"line":63,"column":61}},"41":{"start":{"line":65,"column":4},"end":{"line":65,"column":34}},"42":{"start":{"line":69,"column":0},"end":{"line":99,"column":2}},"43":{"start":{"line":70,"column":2},"end":{"line":98,"column":3}},"44":{"start":{"line":71,"column":20},"end":{"line":71,"column":28}},"45":{"start":{"line":72,"column":20},"end":{"line":72,"column":49}},"46":{"start":{"line":73,"column":21},"end":{"line":73,"column":50}},"47":{"start":{"line":74,"column":4},"end":{"line":76,"column":5}},"48":{"start":{"line":75,"column":6},"end":{"line":75,"column":51}},"49":{"start":{"line":77,"column":25},"end":{"line":77,"column":81}},"50":{"start":{"line":78,"column":4},"end":{"line":80,"column":5}},"51":{"start":{"line":79,"column":6},"end":{"line":79,"column":94}},"52":{"start":{"line":82,"column":28},"end":{"line":82,"column":58}},"53":{"start":{"line":83,"column":4},"end":{"line":83,"column":39}},"54":{"start":{"line":84,"column":4},"end":{"line":84,"column":21}},"55":{"start":{"line":86,"column":4},"end":{"line":93,"column":7}},"56":{"start":{"line":95,"column":4},"end":{"line":95,"column":59}},"57":{"start":{"line":97,"column":4},"end":{"line":97,"column":34}},"58":{"start":{"line":100,"column":0},"end":{"line":146,"column":2}},"59":{"start":{"line":102,"column":2},"end":{"line":145,"column":3}},"60":{"start":{"line":103,"column":20},"end":{"line":103,"column":28}},"61":{"start":{"line":104,"column":20},"end":{"line":104,"column":49}},"62":{"start":{"line":106,"column":21},"end":{"line":106,"column":56}},"63":{"start":{"line":107,"column":4},"end":{"line":109,"column":5}},"64":{"start":{"line":108,"column":6},"end":{"line":108,"column":51}},"65":{"start":{"line":110,"column":25},"end":{"line":110,"column":81}},"66":{"start":{"line":111,"column":4},"end":{"line":113,"column":5}},"67":{"start":{"line":112,"column":6},"end":{"line":112,"column":94}},"68":{"start":{"line":114,"column":4},"end":{"line":116,"column":5}},"69":{"start":{"line":115,"column":6},"end":{"line":115,"column":59}},"70":{"start":{"line":117,"column":24},"end":{"line":117,"column":29}},"71":{"start":{"line":119,"column":4},"end":{"line":127,"column":5}},"72":{"start":{"line":120,"column":6},"end":{"line":120,"column":84}},"73":{"start":{"line":121,"column":6},"end":{"line":121,"column":27}},"74":{"start":{"line":123,"column":6},"end":{"line":125,"column":7}},"75":{"start":{"line":124,"column":8},"end":{"line":124,"column":58}},"76":{"start":{"line":126,"column":6},"end":{"line":126,"column":80}},"77":{"start":{"line":129,"column":28},"end":{"line":129,"column":58}},"78":{"start":{"line":130,"column":4},"end":{"line":130,"column":39}},"79":{"start":{"line":131,"column":4},"end":{"line":131,"column":21}},"80":{"start":{"line":133,"column":4},"end":{"line":140,"column":7}},"81":{"start":{"line":142,"column":4},"end":{"line":142,"column":68}},"82":{"start":{"line":144,"column":4},"end":{"line":144,"column":34}},"83":{"start":{"line":148,"column":0},"end":{"line":169,"column":2}},"84":{"start":{"line":149,"column":2},"end":{"line":168,"column":3}},"85":{"start":{"line":150,"column":18},"end":{"line":150,"column":32}},"86":{"start":{"line":151,"column":21},"end":{"line":151,"column":49}},"87":{"start":{"line":153,"column":4},"end":{"line":155,"column":5}},"88":{"start":{"line":154,"column":6},"end":{"line":154,"column":51}},"89":{"start":{"line":157,"column":17},"end":{"line":157,"column":97}},"90":{"start":{"line":158,"column":4},"end":{"line":160,"column":5}},"91":{"start":{"line":159,"column":6},"end":{"line":159,"column":59}},"92":{"start":{"line":162,"column":18},"end":{"line":162,"column":42}},"93":{"start":{"line":163,"column":4},"end":{"line":163,"column":42}},"94":{"start":{"line":165,"column":4},"end":{"line":165,"column":49}},"95":{"start":{"line":167,"column":4},"end":{"line":167,"column":34}},"96":{"start":{"line":171,"column":0},"end":{"line":204,"column":2}},"97":{"start":{"line":172,"column":2},"end":{"line":203,"column":3}},"98":{"start":{"line":174,"column":45},"end":{"line":174,"column":53}},"99":{"start":{"line":176,"column":20},"end":{"line":176,"column":50}},"100":{"start":{"line":177,"column":21},"end":{"line":177,"column":47}},"101":{"start":{"line":178,"column":4},"end":{"line":180,"column":5}},"102":{"start":{"line":179,"column":6},"end":{"line":179,"column":51}},"103":{"start":{"line":181,"column":20},"end":{"line":181,"column":30}},"104":{"start":{"line":182,"column":4},"end":{"line":182,"column":37}},"105":{"start":{"line":183,"column":4},"end":{"line":183,"column":41}},"106":{"start":{"line":186,"column":4},"end":{"line":190,"column":5}},"107":{"start":{"line":187,"column":6},"end":{"line":187,"column":61}},"108":{"start":{"line":189,"column":6},"end":{"line":189,"column":65}},"109":{"start":{"line":191,"column":20},"end":{"line":191,"column":73}},"110":{"start":{"line":193,"column":28},"end":{"line":193,"column":61}},"111":{"start":{"line":195,"column":4},"end":{"line":195,"column":96}},"112":{"start":{"line":197,"column":4},"end":{"line":197,"column":49}},"113":{"start":{"line":199,"column":4},"end":{"line":201,"column":5}},"114":{"start":{"line":200,"column":6},"end":{"line":200,"column":58}},"115":{"start":{"line":202,"column":4},"end":{"line":202,"column":34}},"116":{"start":{"line":206,"column":0},"end":{"line":239,"column":2}},"117":{"start":{"line":207,"column":2},"end":{"line":238,"column":3}},"118":{"start":{"line":208,"column":31},"end":{"line":213,"column":6}},"119":{"start":{"line":215,"column":33},"end":{"line":215,"column":85}},"120":{"start":{"line":215,"column":68},"end":{"line":215,"column":84}},"121":{"start":{"line":217,"column":27},"end":{"line":227,"column":6}},"122":{"start":{"line":229,"column":21},"end":{"line":233,"column":7}},"123":{"start":{"line":229,"column":51},"end":{"line":233,"column":5}},"124":{"start":{"line":235,"column":4},"end":{"line":235,"column":64}},"125":{"start":{"line":237,"column":4},"end":{"line":237,"column":34}}},"fnMap":{"0":{"name":"(anonymous_0)","decl":{"start":{"line":19,"column":16},"end":{"line":19,"column":17}},"loc":{"start":{"line":19,"column":36},"end":{"line":67,"column":1}},"line":19},"1":{"name":"(anonymous_1)","decl":{"start":{"line":69,"column":19},"end":{"line":69,"column":20}},"loc":{"start":{"line":69,"column":39},"end":{"line":99,"column":1}},"line":69},"2":{"name":"(anonymous_2)","decl":{"start":{"line":100,"column":25},"end":{"line":100,"column":26}},"loc":{"start":{"line":100,"column":45},"end":{"line":146,"column":1}},"line":100},"3":{"name":"(anonymous_3)","decl":{"start":{"line":148,"column":25},"end":{"line":148,"column":26}},"loc":{"start":{"line":148,"column":45},"end":{"line":169,"column":1}},"line":148},"4":{"name":"(anonymous_4)","decl":{"start":{"line":171,"column":24},"end":{"line":171,"column":25}},"loc":{"start":{"line":171,"column":44},"end":{"line":204,"column":1}},"line":171},"5":{"name":"(anonymous_5)","decl":{"start":{"line":206,"column":30},"end":{"line":206,"column":31}},"loc":{"start":{"line":206,"column":50},"end":{"line":239,"column":1}},"line":206},"6":{"name":"(anonymous_6)","decl":{"start":{"line":215,"column":56},"end":{"line":215,"column":57}},"loc":{"start":{"line":215,"column":68},"end":{"line":215,"column":84}},"line":215},"7":{"name":"(anonymous_7)","decl":{"start":{"line":229,"column":40},"end":{"line":229,"column":41}},"loc":{"start":{"line":229,"column":51},"end":{"line":233,"column":5}},"line":229}},"branchMap":{"0":{"loc":{"start":{"line":26,"column":4},"end":{"line":28,"column":5}},"type":"if","locations":[{"start":{"line":26,"column":4},"end":{"line":28,"column":5}},{"start":{},"end":{}}],"line":26},"1":{"loc":{"start":{"line":26,"column":8},"end":{"line":26,"column":33}},"type":"binary-expr","locations":[{"start":{"line":26,"column":8},"end":{"line":26,"column":17}},{"start":{"line":26,"column":21},"end":{"line":26,"column":33}}],"line":26},"2":{"loc":{"start":{"line":31,"column":4},"end":{"line":33,"column":5}},"type":"if","locations":[{"start":{"line":31,"column":4},"end":{"line":33,"column":5}},{"start":{},"end":{}}],"line":31},"3":{"loc":{"start":{"line":39,"column":4},"end":{"line":41,"column":5}},"type":"if","locations":[{"start":{"line":39,"column":4},"end":{"line":41,"column":5}},{"start":{},"end":{}}],"line":39},"4":{"loc":{"start":{"line":43,"column":26},"end":{"line":43,"column":72}},"type":"binary-expr","locations":[{"start":{"line":43,"column":27},"end":{"line":43,"column":66}},{"start":{"line":43,"column":71},"end":{"line":43,"column":72}}],"line":43},"5":{"loc":{"start":{"line":45,"column":4},"end":{"line":47,"column":5}},"type":"if","locations":[{"start":{"line":45,"column":4},"end":{"line":47,"column":5}},{"start":{},"end":{}}],"line":45},"6":{"loc":{"start":{"line":49,"column":4},"end":{"line":57,"column":5}},"type":"if","locations":[{"start":{"line":49,"column":4},"end":{"line":57,"column":5}},{"start":{},"end":{}}],"line":49},"7":{"loc":{"start":{"line":52,"column":6},"end":{"line":54,"column":7}},"type":"if","locations":[{"start":{"line":52,"column":6},"end":{"line":54,"column":7}},{"start":{},"end":{}}],"line":52},"8":{"loc":{"start":{"line":74,"column":4},"end":{"line":76,"column":5}},"type":"if","locations":[{"start":{"line":74,"column":4},"end":{"line":76,"column":5}},{"start":{},"end":{}}],"line":74},"9":{"loc":{"start":{"line":78,"column":4},"end":{"line":80,"column":5}},"type":"if","locations":[{"start":{"line":78,"column":4},"end":{"line":80,"column":5}},{"start":{},"end":{}}],"line":78},"10":{"loc":{"start":{"line":107,"column":4},"end":{"line":109,"column":5}},"type":"if","locations":[{"start":{"line":107,"column":4},"end":{"line":109,"column":5}},{"start":{},"end":{}}],"line":107},"11":{"loc":{"start":{"line":111,"column":4},"end":{"line":113,"column":5}},"type":"if","locations":[{"start":{"line":111,"column":4},"end":{"line":113,"column":5}},{"start":{},"end":{}}],"line":111},"12":{"loc":{"start":{"line":114,"column":4},"end":{"line":116,"column":5}},"type":"if","locations":[{"start":{"line":114,"column":4},"end":{"line":116,"column":5}},{"start":{},"end":{}}],"line":114},"13":{"loc":{"start":{"line":114,"column":8},"end":{"line":114,"column":38}},"type":"binary-expr","locations":[{"start":{"line":114,"column":8},"end":{"line":114,"column":18}},{"start":{"line":114,"column":22},"end":{"line":114,"column":38}}],"line":114},"14":{"loc":{"start":{"line":123,"column":6},"end":{"line":125,"column":7}},"type":"if","locations":[{"start":{"line":123,"column":6},"end":{"line":125,"column":7}},{"start":{},"end":{}}],"line":123},"15":{"loc":{"start":{"line":139,"column":13},"end":{"line":139,"column":69}},"type":"binary-expr","locations":[{"start":{"line":139,"column":13},"end":{"line":139,"column":35}},{"start":{"line":139,"column":39},"end":{"line":139,"column":69}}],"line":139},"16":{"loc":{"start":{"line":153,"column":4},"end":{"line":155,"column":5}},"type":"if","locations":[{"start":{"line":153,"column":4},"end":{"line":155,"column":5}},{"start":{},"end":{}}],"line":153},"17":{"loc":{"start":{"line":158,"column":4},"end":{"line":160,"column":5}},"type":"if","locations":[{"start":{"line":158,"column":4},"end":{"line":160,"column":5}},{"start":{},"end":{}}],"line":158},"18":{"loc":{"start":{"line":178,"column":4},"end":{"line":180,"column":5}},"type":"if","locations":[{"start":{"line":178,"column":4},"end":{"line":180,"column":5}},{"start":{},"end":{}}],"line":178},"19":{"loc":{"start":{"line":199,"column":4},"end":{"line":201,"column":5}},"type":"if","locations":[{"start":{"line":199,"column":4},"end":{"line":201,"column":5}},{"start":{},"end":{}}],"line":199}},"s":{"0":2,"1":2,"2":2,"3":2,"4":2,"5":2,"6":2,"7":2,"8":2,"9":2,"10":2,"11":2,"12":2,"13":2,"14":2,"15":14,"16":14,"17":14,"18":14,"19":14,"20":14,"21":0,"22":14,"23":14,"24":1,"25":13,"26":13,"27":1,"28":12,"29":12,"30":12,"31":0,"32":12,"33":12,"34":0,"35":0,"36":0,"37":0,"38":12,"39":12,"40":12,"41":0,"42":2,"43":4,"44":4,"45":4,"46":4,"47":4,"48":1,"49":3,"50":3,"51":1,"52":2,"53":2,"54":2,"55":2,"56":2,"57":0,"58":2,"59":3,"60":3,"61":3,"62":3,"63":3,"64":1,"65":2,"66":2,"67":1,"68":1,"69":0,"70":1,"71":1,"72":1,"73":1,"74":0,"75":0,"76":0,"77":1,"78":1,"79":1,"80":1,"81":1,"82":0,"83":2,"84":2,"85":2,"86":2,"87":2,"88":0,"89":2,"90":2,"91":1,"92":1,"93":1,"94":1,"95":0,"96":2,"97":0,"98":0,"99":0,"100":0,"101":0,"102":0,"103":0,"104":0,"105":0,"106":0,"107":0,"108":0,"109":0,"110":0,"111":0,"112":0,"113":0,"114":0,"115":0,"116":2,"117":0,"118":0,"119":0,"120":0,"121":0,"122":0,"123":0,"124":0,"125":0},"f":{"0":14,"1":4,"2":3,"3":2,"4":0,"5":0,"6":0,"7":0},"b":{"0":[0,14],"1":[14,14],"2":[1,13],"3":[1,12],"4":[12,12],"5":[0,12],"6":[0,12],"7":[0,0],"8":[1,3],"9":[1,2],"10":[1,2],"11":[1,1],"12":[0,1],"13":[1,1],"14":[0,0],"15":[1,1],"16":[0,2],"17":[1,1],"18":[0,0],"19":[0,0]},"_coverageSchema":"1a1c01bbd47fc00a2c39e90264f33305004495a9","hash":"4d89e3892b1fab73b1897c1a8b4b0eef8bc88243"}
,"D:\\Kerjaan\\Oktober 2023\\Final Project\\codepresso\\server\\controllers\\basketController.js": {"path":"D:\\Kerjaan\\Oktober 2023\\Final Project\\codepresso\\server\\controllers\\basketController.js","statementMap":{"0":{"start":{"line":4,"column":49},"end":{"line":4,"column":82}},"1":{"start":{"line":5,"column":32},"end":{"line":5,"column":63}},"2":{"start":{"line":6,"column":30},"end":{"line":6,"column":67}},"3":{"start":{"line":7,"column":31},"end":{"line":7,"column":66}},"4":{"start":{"line":8,"column":55},"end":{"line":8,"column":75}},"5":{"start":{"line":9,"column":14},"end":{"line":9,"column":32}},"6":{"start":{"line":10,"column":20},"end":{"line":10,"column":31}},"7":{"start":{"line":12,"column":0},"end":{"line":32,"column":2}},"8":{"start":{"line":13,"column":2},"end":{"line":31,"column":3}},"9":{"start":{"line":14,"column":17},"end":{"line":14,"column":48}},"10":{"start":{"line":15,"column":21},"end":{"line":15,"column":29}},"11":{"start":{"line":17,"column":4},"end":{"line":26,"column":5}},"12":{"start":{"line":18,"column":23},"end":{"line":21,"column":8}},"13":{"start":{"line":22,"column":6},"end":{"line":22,"column":64}},"14":{"start":{"line":23,"column":6},"end":{"line":23,"column":24}},"15":{"start":{"line":25,"column":6},"end":{"line":25,"column":34}},"16":{"start":{"line":28,"column":4},"end":{"line":28,"column":62}},"17":{"start":{"line":30,"column":4},"end":{"line":30,"column":34}},"18":{"start":{"line":34,"column":0},"end":{"line":77,"column":2}},"19":{"start":{"line":35,"column":2},"end":{"line":76,"column":3}},"20":{"start":{"line":36,"column":20},"end":{"line":36,"column":28}},"21":{"start":{"line":37,"column":21},"end":{"line":37,"column":29}},"22":{"start":{"line":39,"column":21},"end":{"line":39,"column":48}},"23":{"start":{"line":40,"column":4},"end":{"line":42,"column":5}},"24":{"start":{"line":41,"column":6},"end":{"line":41,"column":51}},"25":{"start":{"line":44,"column":25},"end":{"line":44,"column":62}},"26":{"start":{"line":45,"column":4},"end":{"line":47,"column":5}},"27":{"start":{"line":46,"column":6},"end":{"line":46,"column":86}},"28":{"start":{"line":49,"column":78},"end":{"line":54,"column":6}},"29":{"start":{"line":56,"column":27},"end":{"line":56,"column":59}},"30":{"start":{"line":58,"column":23},"end":{"line":58,"column":106}},"31":{"start":{"line":60,"column":22},"end":{"line":69,"column":6}},"32":{"start":{"line":71,"column":4},"end":{"line":71,"column":36}},"33":{"start":{"line":73,"column":4},"end":{"line":73,"column":72}},"34":{"start":{"line":75,"column":4},"end":{"line":75,"column":34}},"35":{"start":{"line":79,"column":0},"end":{"line":112,"column":2}},"36":{"start":{"line":80,"column":2},"end":{"line":111,"column":3}},"37":{"start":{"line":81,"column":21},"end":{"line":81,"column":34}},"38":{"start":{"line":82,"column":20},"end":{"line":82,"column":28}},"39":{"start":{"line":83,"column":21},"end":{"line":83,"column":29}},"40":{"start":{"line":85,"column":27},"end":{"line":85,"column":111}},"41":{"start":{"line":86,"column":4},"end":{"line":88,"column":5}},"42":{"start":{"line":87,"column":6},"end":{"line":87,"column":81}},"43":{"start":{"line":90,"column":4},"end":{"line":92,"column":5}},"44":{"start":{"line":91,"column":6},"end":{"line":91,"column":96}},"45":{"start":{"line":94,"column":4},"end":{"line":96,"column":5}},"46":{"start":{"line":95,"column":6},"end":{"line":95,"column":67}},"47":{"start":{"line":98,"column":4},"end":{"line":98,"column":29}},"48":{"start":{"line":100,"column":27},"end":{"line":100,"column":65}},"49":{"start":{"line":102,"column":4},"end":{"line":102,"column":42}},"50":{"start":{"line":104,"column":4},"end":{"line":104,"column":32}},"51":{"start":{"line":106,"column":4},"end":{"line":106,"column":36}},"52":{"start":{"line":108,"column":4},"end":{"line":108,"column":77}},"53":{"start":{"line":110,"column":4},"end":{"line":110,"column":34}},"54":{"start":{"line":114,"column":0},"end":{"line":138,"column":2}},"55":{"start":{"line":115,"column":2},"end":{"line":137,"column":3}},"56":{"start":{"line":116,"column":21},"end":{"line":116,"column":34}},"57":{"start":{"line":117,"column":21},"end":{"line":117,"column":29}},"58":{"start":{"line":119,"column":27},"end":{"line":119,"column":59}},"59":{"start":{"line":120,"column":4},"end":{"line":122,"column":5}},"60":{"start":{"line":121,"column":6},"end":{"line":121,"column":81}},"61":{"start":{"line":124,"column":4},"end":{"line":126,"column":5}},"62":{"start":{"line":125,"column":6},"end":{"line":125,"column":96}},"63":{"start":{"line":128,"column":4},"end":{"line":130,"column":7}},"64":{"start":{"line":132,"column":4},"end":{"line":132,"column":36}},"65":{"start":{"line":134,"column":4},"end":{"line":134,"column":77}},"66":{"start":{"line":136,"column":4},"end":{"line":136,"column":34}}},"fnMap":{"0":{"name":"(anonymous_0)","decl":{"start":{"line":12,"column":20},"end":{"line":12,"column":21}},"loc":{"start":{"line":12,"column":40},"end":{"line":32,"column":1}},"line":12},"1":{"name":"(anonymous_1)","decl":{"start":{"line":34,"column":23},"end":{"line":34,"column":24}},"loc":{"start":{"line":34,"column":43},"end":{"line":77,"column":1}},"line":34},"2":{"name":"(anonymous_2)","decl":{"start":{"line":79,"column":23},"end":{"line":79,"column":24}},"loc":{"start":{"line":79,"column":43},"end":{"line":112,"column":1}},"line":79},"3":{"name":"(anonymous_3)","decl":{"start":{"line":114,"column":23},"end":{"line":114,"column":24}},"loc":{"start":{"line":114,"column":43},"end":{"line":138,"column":1}},"line":114}},"branchMap":{"0":{"loc":{"start":{"line":17,"column":4},"end":{"line":26,"column":5}},"type":"if","locations":[{"start":{"line":17,"column":4},"end":{"line":26,"column":5}},{"start":{"line":24,"column":11},"end":{"line":26,"column":5}}],"line":17},"1":{"loc":{"start":{"line":40,"column":4},"end":{"line":42,"column":5}},"type":"if","locations":[{"start":{"line":40,"column":4},"end":{"line":42,"column":5}},{"start":{},"end":{}}],"line":40},"2":{"loc":{"start":{"line":45,"column":4},"end":{"line":47,"column":5}},"type":"if","locations":[{"start":{"line":45,"column":4},"end":{"line":47,"column":5}},{"start":{},"end":{}}],"line":45},"3":{"loc":{"start":{"line":63,"column":16},"end":{"line":63,"column":65}},"type":"cond-expr","locations":[{"start":{"line":63,"column":42},"end":{"line":63,"column":58}},{"start":{"line":63,"column":61},"end":{"line":63,"column":65}}],"line":63},"4":{"loc":{"start":{"line":64,"column":15},"end":{"line":64,"column":62}},"type":"cond-expr","locations":[{"start":{"line":64,"column":40},"end":{"line":64,"column":55}},{"start":{"line":64,"column":58},"end":{"line":64,"column":62}}],"line":64},"5":{"loc":{"start":{"line":65,"column":15},"end":{"line":65,"column":62}},"type":"cond-expr","locations":[{"start":{"line":65,"column":40},"end":{"line":65,"column":55}},{"start":{"line":65,"column":58},"end":{"line":65,"column":62}}],"line":65},"6":{"loc":{"start":{"line":66,"column":15},"end":{"line":66,"column":62}},"type":"cond-expr","locations":[{"start":{"line":66,"column":40},"end":{"line":66,"column":55}},{"start":{"line":66,"column":58},"end":{"line":66,"column":62}}],"line":66},"7":{"loc":{"start":{"line":86,"column":4},"end":{"line":88,"column":5}},"type":"if","locations":[{"start":{"line":86,"column":4},"end":{"line":88,"column":5}},{"start":{},"end":{}}],"line":86},"8":{"loc":{"start":{"line":90,"column":4},"end":{"line":92,"column":5}},"type":"if","locations":[{"start":{"line":90,"column":4},"end":{"line":92,"column":5}},{"start":{},"end":{}}],"line":90},"9":{"loc":{"start":{"line":94,"column":4},"end":{"line":96,"column":5}},"type":"if","locations":[{"start":{"line":94,"column":4},"end":{"line":96,"column":5}},{"start":{},"end":{}}],"line":94},"10":{"loc":{"start":{"line":94,"column":8},"end":{"line":94,"column":37}},"type":"binary-expr","locations":[{"start":{"line":94,"column":8},"end":{"line":94,"column":25}},{"start":{"line":94,"column":29},"end":{"line":94,"column":37}}],"line":94},"11":{"loc":{"start":{"line":120,"column":4},"end":{"line":122,"column":5}},"type":"if","locations":[{"start":{"line":120,"column":4},"end":{"line":122,"column":5}},{"start":{},"end":{}}],"line":120},"12":{"loc":{"start":{"line":124,"column":4},"end":{"line":126,"column":5}},"type":"if","locations":[{"start":{"line":124,"column":4},"end":{"line":126,"column":5}},{"start":{},"end":{}}],"line":124}},"s":{"0":2,"1":2,"2":2,"3":2,"4":2,"5":2,"6":2,"7":2,"8":0,"9":0,"10":0,"11":0,"12":0,"13":0,"14":0,"15":0,"16":0,"17":0,"18":2,"19":0,"20":0,"21":0,"22":0,"23":0,"24":0,"25":0,"26":0,"27":0,"28":0,"29":0,"30":0,"31":0,"32":0,"33":0,"34":0,"35":2,"36":0,"37":0,"38":0,"39":0,"40":0,"41":0,"42":0,"43":0,"44":0,"45":0,"46":0,"47":0,"48":0,"49":0,"50":0,"51":0,"52":0,"53":0,"54":2,"55":0,"56":0,"57":0,"58":0,"59":0,"60":0,"61":0,"62":0,"63":0,"64":0,"65":0,"66":0},"f":{"0":0,"1":0,"2":0,"3":0},"b":{"0":[0,0],"1":[0,0],"2":[0,0],"3":[0,0],"4":[0,0],"5":[0,0],"6":[0,0],"7":[0,0],"8":[0,0],"9":[0,0],"10":[0,0],"11":[0,0],"12":[0,0]},"_coverageSchema":"1a1c01bbd47fc00a2c39e90264f33305004495a9","hash":"3d91100ea6895842bbecab1d35db5f95f4ad5be2"}
,"D:\\Kerjaan\\Oktober 2023\\Final Project\\codepresso\\server\\controllers\\categoryController.js": {"path":"D:\\Kerjaan\\Oktober 2023\\Final Project\\codepresso\\server\\controllers\\categoryController.js","statementMap":{"0":{"start":{"line":4,"column":49},"end":{"line":4,"column":82}},"1":{"start":{"line":5,"column":30},"end":{"line":5,"column":67}},"2":{"start":{"line":6,"column":33},"end":{"line":6,"column":68}},"3":{"start":{"line":7,"column":45},"end":{"line":7,"column":65}},"4":{"start":{"line":8,"column":14},"end":{"line":8,"column":32}},"5":{"start":{"line":9,"column":20},"end":{"line":9,"column":31}},"6":{"start":{"line":11,"column":0},"end":{"line":27,"column":2}},"7":{"start":{"line":12,"column":2},"end":{"line":26,"column":3}},"8":{"start":{"line":13,"column":21},"end":{"line":13,"column":56}},"9":{"start":{"line":15,"column":4},"end":{"line":21,"column":5}},"10":{"start":{"line":16,"column":23},"end":{"line":16,"column":53}},"11":{"start":{"line":17,"column":6},"end":{"line":17,"column":68}},"12":{"start":{"line":18,"column":6},"end":{"line":18,"column":28}},"13":{"start":{"line":20,"column":6},"end":{"line":20,"column":42}},"14":{"start":{"line":23,"column":4},"end":{"line":23,"column":66}},"15":{"start":{"line":25,"column":4},"end":{"line":25,"column":34}},"16":{"start":{"line":28,"column":0},"end":{"line":46,"column":2}},"17":{"start":{"line":29,"column":2},"end":{"line":45,"column":3}},"18":{"start":{"line":30,"column":24},"end":{"line":30,"column":62}},"19":{"start":{"line":32,"column":4},"end":{"line":40,"column":5}},"20":{"start":{"line":33,"column":23},"end":{"line":35,"column":8}},"21":{"start":{"line":36,"column":6},"end":{"line":36,"column":71}},"22":{"start":{"line":37,"column":6},"end":{"line":37,"column":31}},"23":{"start":{"line":39,"column":6},"end":{"line":39,"column":48}},"24":{"start":{"line":42,"column":4},"end":{"line":42,"column":69}},"25":{"start":{"line":44,"column":4},"end":{"line":44,"column":34}},"26":{"start":{"line":48,"column":0},"end":{"line":72,"column":2}},"27":{"start":{"line":49,"column":2},"end":{"line":71,"column":3}},"28":{"start":{"line":50,"column":20},"end":{"line":50,"column":28}},"29":{"start":{"line":52,"column":21},"end":{"line":52,"column":50}},"30":{"start":{"line":54,"column":4},"end":{"line":56,"column":5}},"31":{"start":{"line":55,"column":6},"end":{"line":55,"column":51}},"32":{"start":{"line":58,"column":29},"end":{"line":58,"column":92}},"33":{"start":{"line":59,"column":4},"end":{"line":61,"column":5}},"34":{"start":{"line":60,"column":6},"end":{"line":60,"column":96}},"35":{"start":{"line":63,"column":24},"end":{"line":63,"column":60}},"36":{"start":{"line":65,"column":4},"end":{"line":65,"column":40}},"37":{"start":{"line":66,"column":4},"end":{"line":66,"column":43}},"38":{"start":{"line":68,"column":4},"end":{"line":68,"column":76}},"39":{"start":{"line":70,"column":4},"end":{"line":70,"column":34}},"40":{"start":{"line":74,"column":0},"end":{"line":98,"column":2}},"41":{"start":{"line":75,"column":2},"end":{"line":97,"column":3}},"42":{"start":{"line":76,"column":19},"end":{"line":76,"column":29}},"43":{"start":{"line":77,"column":20},"end":{"line":77,"column":28}},"44":{"start":{"line":79,"column":21},"end":{"line":79,"column":50}},"45":{"start":{"line":81,"column":4},"end":{"line":83,"column":5}},"46":{"start":{"line":82,"column":6},"end":{"line":82,"column":51}},"47":{"start":{"line":85,"column":29},"end":{"line":85,"column":76}},"48":{"start":{"line":86,"column":4},"end":{"line":88,"column":5}},"49":{"start":{"line":87,"column":6},"end":{"line":87,"column":63}},"50":{"start":{"line":89,"column":4},"end":{"line":89,"column":60}},"51":{"start":{"line":91,"column":4},"end":{"line":91,"column":40}},"52":{"start":{"line":92,"column":4},"end":{"line":92,"column":43}},"53":{"start":{"line":94,"column":4},"end":{"line":94,"column":62}},"54":{"start":{"line":96,"column":4},"end":{"line":96,"column":34}},"55":{"start":{"line":100,"column":0},"end":{"line":131,"column":2}},"56":{"start":{"line":101,"column":2},"end":{"line":130,"column":3}},"57":{"start":{"line":102,"column":19},"end":{"line":102,"column":29}},"58":{"start":{"line":103,"column":29},"end":{"line":103,"column":76}},"59":{"start":{"line":105,"column":4},"end":{"line":107,"column":5}},"60":{"start":{"line":106,"column":6},"end":{"line":106,"column":63}},"61":{"start":{"line":109,"column":18},"end":{"line":109,"column":69}},"62":{"start":{"line":111,"column":4},"end":{"line":116,"column":5}},"63":{"start":{"line":112,"column":23},"end":{"line":112,"column":79}},"64":{"start":{"line":113,"column":6},"end":{"line":115,"column":7}},"65":{"start":{"line":114,"column":8},"end":{"line":114,"column":128}},"66":{"start":{"line":118,"column":4},"end":{"line":120,"column":5}},"67":{"start":{"line":119,"column":6},"end":{"line":119,"column":54}},"68":{"start":{"line":122,"column":4},"end":{"line":122,"column":52}},"69":{"start":{"line":124,"column":4},"end":{"line":124,"column":40}},"70":{"start":{"line":125,"column":4},"end":{"line":125,"column":43}},"71":{"start":{"line":127,"column":4},"end":{"line":127,"column":81}},"72":{"start":{"line":129,"column":4},"end":{"line":129,"column":34}}},"fnMap":{"0":{"name":"(anonymous_0)","decl":{"start":{"line":11,"column":22},"end":{"line":11,"column":23}},"loc":{"start":{"line":11,"column":42},"end":{"line":27,"column":1}},"line":11},"1":{"name":"(anonymous_1)","decl":{"start":{"line":28,"column":26},"end":{"line":28,"column":27}},"loc":{"start":{"line":28,"column":46},"end":{"line":46,"column":1}},"line":28},"2":{"name":"(anonymous_2)","decl":{"start":{"line":48,"column":25},"end":{"line":48,"column":26}},"loc":{"start":{"line":48,"column":45},"end":{"line":72,"column":1}},"line":48},"3":{"name":"(anonymous_3)","decl":{"start":{"line":74,"column":23},"end":{"line":74,"column":24}},"loc":{"start":{"line":74,"column":43},"end":{"line":98,"column":1}},"line":74},"4":{"name":"(anonymous_4)","decl":{"start":{"line":100,"column":25},"end":{"line":100,"column":26}},"loc":{"start":{"line":100,"column":45},"end":{"line":131,"column":1}},"line":100}},"branchMap":{"0":{"loc":{"start":{"line":15,"column":4},"end":{"line":21,"column":5}},"type":"if","locations":[{"start":{"line":15,"column":4},"end":{"line":21,"column":5}},{"start":{"line":19,"column":11},"end":{"line":21,"column":5}}],"line":15},"1":{"loc":{"start":{"line":32,"column":4},"end":{"line":40,"column":5}},"type":"if","locations":[{"start":{"line":32,"column":4},"end":{"line":40,"column":5}},{"start":{"line":38,"column":11},"end":{"line":40,"column":5}}],"line":32},"2":{"loc":{"start":{"line":54,"column":4},"end":{"line":56,"column":5}},"type":"if","locations":[{"start":{"line":54,"column":4},"end":{"line":56,"column":5}},{"start":{},"end":{}}],"line":54},"3":{"loc":{"start":{"line":59,"column":4},"end":{"line":61,"column":5}},"type":"if","locations":[{"start":{"line":59,"column":4},"end":{"line":61,"column":5}},{"start":{},"end":{}}],"line":59},"4":{"loc":{"start":{"line":81,"column":4},"end":{"line":83,"column":5}},"type":"if","locations":[{"start":{"line":81,"column":4},"end":{"line":83,"column":5}},{"start":{},"end":{}}],"line":81},"5":{"loc":{"start":{"line":86,"column":4},"end":{"line":88,"column":5}},"type":"if","locations":[{"start":{"line":86,"column":4},"end":{"line":88,"column":5}},{"start":{},"end":{}}],"line":86},"6":{"loc":{"start":{"line":105,"column":4},"end":{"line":107,"column":5}},"type":"if","locations":[{"start":{"line":105,"column":4},"end":{"line":107,"column":5}},{"start":{},"end":{}}],"line":105},"7":{"loc":{"start":{"line":113,"column":6},"end":{"line":115,"column":7}},"type":"if","locations":[{"start":{"line":113,"column":6},"end":{"line":115,"column":7}},{"start":{},"end":{}}],"line":113}},"s":{"0":2,"1":2,"2":2,"3":2,"4":2,"5":2,"6":2,"7":0,"8":0,"9":0,"10":0,"11":0,"12":0,"13":0,"14":0,"15":0,"16":2,"17":0,"18":0,"19":0,"20":0,"21":0,"22":0,"23":0,"24":0,"25":0,"26":2,"27":0,"28":0,"29":0,"30":0,"31":0,"32":0,"33":0,"34":0,"35":0,"36":0,"37":0,"38":0,"39":0,"40":2,"41":0,"42":0,"43":0,"44":0,"45":0,"46":0,"47":0,"48":0,"49":0,"50":0,"51":0,"52":0,"53":0,"54":0,"55":2,"56":0,"57":0,"58":0,"59":0,"60":0,"61":0,"62":0,"63":0,"64":0,"65":0,"66":0,"67":0,"68":0,"69":0,"70":0,"71":0,"72":0},"f":{"0":0,"1":0,"2":0,"3":0,"4":0},"b":{"0":[0,0],"1":[0,0],"2":[0,0],"3":[0,0],"4":[0,0],"5":[0,0],"6":[0,0],"7":[0,0]},"_coverageSchema":"1a1c01bbd47fc00a2c39e90264f33305004495a9","hash":"08270c8a0708e49804e77afe65ab979b69039ba6"}
,"D:\\Kerjaan\\Oktober 2023\\Final Project\\codepresso\\server\\controllers\\mapController.js": {"path":"D:\\Kerjaan\\Oktober 2023\\Final Project\\codepresso\\server\\controllers\\mapController.js","statementMap":{"0":{"start":{"line":4,"column":26},"end":{"line":4,"column":61}},"1":{"start":{"line":5,"column":49},"end":{"line":5,"column":82}},"2":{"start":{"line":6,"column":30},"end":{"line":6,"column":67}},"3":{"start":{"line":7,"column":17},"end":{"line":7,"column":53}},"4":{"start":{"line":8,"column":13},"end":{"line":8,"column":28}},"5":{"start":{"line":9,"column":56},"end":{"line":9,"column":76}},"6":{"start":{"line":11,"column":0},"end":{"line":55,"column":2}},"7":{"start":{"line":12,"column":2},"end":{"line":54,"column":3}},"8":{"start":{"line":13,"column":21},"end":{"line":13,"column":69}},"9":{"start":{"line":14,"column":21},"end":{"line":14,"column":39}},"10":{"start":{"line":15,"column":4},"end":{"line":15,"column":49}},"11":{"start":{"line":15,"column":19},"end":{"line":15,"column":49}},"12":{"start":{"line":16,"column":21},"end":{"line":16,"column":38}},"13":{"start":{"line":17,"column":22},"end":{"line":17,"column":40}},"14":{"start":{"line":18,"column":18},"end":{"line":18,"column":32}},"15":{"start":{"line":20,"column":21},"end":{"line":20,"column":29}},"16":{"start":{"line":22,"column":4},"end":{"line":24,"column":5}},"17":{"start":{"line":23,"column":6},"end":{"line":23,"column":88}},"18":{"start":{"line":26,"column":26},"end":{"line":32,"column":6}},"19":{"start":{"line":34,"column":4},"end":{"line":36,"column":5}},"20":{"start":{"line":35,"column":6},"end":{"line":35,"column":69}},"21":{"start":{"line":38,"column":21},"end":{"line":38,"column":94}},"22":{"start":{"line":39,"column":28},"end":{"line":39,"column":60}},"23":{"start":{"line":40,"column":25},"end":{"line":40,"column":48}},"24":{"start":{"line":41,"column":18},"end":{"line":45,"column":6}},"25":{"start":{"line":46,"column":17},"end":{"line":50,"column":5}},"26":{"start":{"line":51,"column":4},"end":{"line":51,"column":72}},"27":{"start":{"line":53,"column":4},"end":{"line":53,"column":34}},"28":{"start":{"line":56,"column":0},"end":{"line":80,"column":2}},"29":{"start":{"line":57,"column":2},"end":{"line":79,"column":3}},"30":{"start":{"line":58,"column":19},"end":{"line":58,"column":29}},"31":{"start":{"line":59,"column":21},"end":{"line":59,"column":29}},"32":{"start":{"line":61,"column":24},"end":{"line":63,"column":6}},"33":{"start":{"line":65,"column":4},"end":{"line":67,"column":5}},"34":{"start":{"line":66,"column":6},"end":{"line":66,"column":95}},"35":{"start":{"line":68,"column":18},"end":{"line":70,"column":6}},"36":{"start":{"line":72,"column":4},"end":{"line":74,"column":5}},"37":{"start":{"line":73,"column":6},"end":{"line":73,"column":96}},"38":{"start":{"line":76,"column":4},"end":{"line":76,"column":65}},"39":{"start":{"line":78,"column":4},"end":{"line":78,"column":34}}},"fnMap":{"0":{"name":"(anonymous_0)","decl":{"start":{"line":11,"column":22},"end":{"line":11,"column":23}},"loc":{"start":{"line":11,"column":42},"end":{"line":55,"column":1}},"line":11},"1":{"name":"(anonymous_1)","decl":{"start":{"line":56,"column":19},"end":{"line":56,"column":20}},"loc":{"start":{"line":56,"column":39},"end":{"line":80,"column":1}},"line":56}},"branchMap":{"0":{"loc":{"start":{"line":15,"column":4},"end":{"line":15,"column":49}},"type":"if","locations":[{"start":{"line":15,"column":4},"end":{"line":15,"column":49}},{"start":{},"end":{}}],"line":15},"1":{"loc":{"start":{"line":22,"column":4},"end":{"line":24,"column":5}},"type":"if","locations":[{"start":{"line":22,"column":4},"end":{"line":24,"column":5}},{"start":{},"end":{}}],"line":22},"2":{"loc":{"start":{"line":22,"column":8},"end":{"line":22,"column":31}},"type":"binary-expr","locations":[{"start":{"line":22,"column":8},"end":{"line":22,"column":17}},{"start":{"line":22,"column":21},"end":{"line":22,"column":31}}],"line":22},"3":{"loc":{"start":{"line":34,"column":4},"end":{"line":36,"column":5}},"type":"if","locations":[{"start":{"line":34,"column":4},"end":{"line":36,"column":5}},{"start":{},"end":{}}],"line":34},"4":{"loc":{"start":{"line":65,"column":4},"end":{"line":67,"column":5}},"type":"if","locations":[{"start":{"line":65,"column":4},"end":{"line":67,"column":5}},{"start":{},"end":{}}],"line":65},"5":{"loc":{"start":{"line":65,"column":10},"end":{"line":65,"column":86}},"type":"binary-expr","locations":[{"start":{"line":65,"column":10},"end":{"line":65,"column":45}},{"start":{"line":65,"column":49},"end":{"line":65,"column":86}}],"line":65},"6":{"loc":{"start":{"line":72,"column":4},"end":{"line":74,"column":5}},"type":"if","locations":[{"start":{"line":72,"column":4},"end":{"line":74,"column":5}},{"start":{},"end":{}}],"line":72}},"s":{"0":2,"1":2,"2":2,"3":2,"4":2,"5":2,"6":2,"7":0,"8":0,"9":0,"10":0,"11":0,"12":0,"13":0,"14":0,"15":0,"16":0,"17":0,"18":0,"19":0,"20":0,"21":0,"22":0,"23":0,"24":0,"25":0,"26":0,"27":0,"28":2,"29":0,"30":0,"31":0,"32":0,"33":0,"34":0,"35":0,"36":0,"37":0,"38":0,"39":0},"f":{"0":0,"1":0},"b":{"0":[0,0],"1":[0,0],"2":[0,0],"3":[0,0],"4":[0,0],"5":[0,0],"6":[0,0]},"_coverageSchema":"1a1c01bbd47fc00a2c39e90264f33305004495a9","hash":"d47c902c2e76273546de01fb26615b51e96c4af8"}
,"D:\\Kerjaan\\Oktober 2023\\Final Project\\codepresso\\server\\controllers\\menuController.js": {"path":"D:\\Kerjaan\\Oktober 2023\\Final Project\\codepresso\\server\\controllers\\menuController.js","statementMap":{"0":{"start":{"line":4,"column":53},"end":{"line":4,"column":84}},"1":{"start":{"line":5,"column":28},"end":{"line":5,"column":65}},"2":{"start":{"line":6,"column":49},"end":{"line":6,"column":82}},"3":{"start":{"line":7,"column":30},"end":{"line":7,"column":67}},"4":{"start":{"line":8,"column":51},"end":{"line":8,"column":86}},"5":{"start":{"line":9,"column":66},"end":{"line":9,"column":86}},"6":{"start":{"line":10,"column":14},"end":{"line":10,"column":32}},"7":{"start":{"line":11,"column":32},"end":{"line":11,"column":61}},"8":{"start":{"line":12,"column":20},"end":{"line":12,"column":31}},"9":{"start":{"line":14,"column":0},"end":{"line":30,"column":2}},"10":{"start":{"line":15,"column":2},"end":{"line":29,"column":3}},"11":{"start":{"line":16,"column":16},"end":{"line":16,"column":46}},"12":{"start":{"line":18,"column":4},"end":{"line":24,"column":5}},"13":{"start":{"line":19,"column":23},"end":{"line":19,"column":44}},"14":{"start":{"line":20,"column":6},"end":{"line":20,"column":63}},"15":{"start":{"line":21,"column":6},"end":{"line":21,"column":23}},"16":{"start":{"line":23,"column":6},"end":{"line":23,"column":32}},"17":{"start":{"line":26,"column":4},"end":{"line":26,"column":54}},"18":{"start":{"line":28,"column":4},"end":{"line":28,"column":34}},"19":{"start":{"line":32,"column":0},"end":{"line":56,"column":2}},"20":{"start":{"line":33,"column":2},"end":{"line":55,"column":3}},"21":{"start":{"line":34,"column":19},"end":{"line":34,"column":29}},"22":{"start":{"line":36,"column":16},"end":{"line":36,"column":46}},"23":{"start":{"line":38,"column":4},"end":{"line":44,"column":5}},"24":{"start":{"line":39,"column":6},"end":{"line":39,"column":36}},"25":{"start":{"line":41,"column":6},"end":{"line":41,"column":60}},"26":{"start":{"line":43,"column":6},"end":{"line":43,"column":32}},"27":{"start":{"line":46,"column":25},"end":{"line":46,"column":71}},"28":{"start":{"line":46,"column":46},"end":{"line":46,"column":70}},"29":{"start":{"line":48,"column":4},"end":{"line":50,"column":5}},"30":{"start":{"line":49,"column":6},"end":{"line":49,"column":62}},"31":{"start":{"line":52,"column":4},"end":{"line":52,"column":61}},"32":{"start":{"line":54,"column":4},"end":{"line":54,"column":34}},"33":{"start":{"line":58,"column":0},"end":{"line":117,"column":2}},"34":{"start":{"line":60,"column":2},"end":{"line":116,"column":3}},"35":{"start":{"line":61,"column":20},"end":{"line":61,"column":28}},"36":{"start":{"line":63,"column":4},"end":{"line":63,"column":20}},"37":{"start":{"line":65,"column":4},"end":{"line":67,"column":5}},"38":{"start":{"line":66,"column":6},"end":{"line":66,"column":59}},"39":{"start":{"line":69,"column":21},"end":{"line":69,"column":46}},"40":{"start":{"line":70,"column":4},"end":{"line":72,"column":5}},"41":{"start":{"line":71,"column":6},"end":{"line":71,"column":51}},"42":{"start":{"line":74,"column":25},"end":{"line":74,"column":79}},"43":{"start":{"line":75,"column":4},"end":{"line":77,"column":5}},"44":{"start":{"line":76,"column":6},"end":{"line":76,"column":91}},"45":{"start":{"line":79,"column":24},"end":{"line":79,"column":29}},"46":{"start":{"line":81,"column":4},"end":{"line":89,"column":5}},"47":{"start":{"line":82,"column":6},"end":{"line":82,"column":84}},"48":{"start":{"line":83,"column":6},"end":{"line":83,"column":27}},"49":{"start":{"line":85,"column":6},"end":{"line":87,"column":7}},"50":{"start":{"line":86,"column":8},"end":{"line":86,"column":58}},"51":{"start":{"line":88,"column":6},"end":{"line":88,"column":80}},"52":{"start":{"line":91,"column":4},"end":{"line":91,"column":43}},"53":{"start":{"line":93,"column":4},"end":{"line":93,"column":43}},"54":{"start":{"line":94,"column":4},"end":{"line":94,"column":35}},"55":{"start":{"line":96,"column":20},"end":{"line":96,"column":47}},"56":{"start":{"line":98,"column":4},"end":{"line":108,"column":5}},"57":{"start":{"line":99,"column":25},"end":{"line":105,"column":7}},"58":{"start":{"line":107,"column":6},"end":{"line":107,"column":59}},"59":{"start":{"line":110,"column":4},"end":{"line":110,"column":61}},"60":{"start":{"line":112,"column":4},"end":{"line":114,"column":5}},"61":{"start":{"line":113,"column":6},"end":{"line":113,"column":56}},"62":{"start":{"line":115,"column":4},"end":{"line":115,"column":34}},"63":{"start":{"line":119,"column":0},"end":{"line":207,"column":2}},"64":{"start":{"line":120,"column":2},"end":{"line":206,"column":3}},"65":{"start":{"line":121,"column":19},"end":{"line":121,"column":29}},"66":{"start":{"line":122,"column":20},"end":{"line":122,"column":28}},"67":{"start":{"line":124,"column":4},"end":{"line":124,"column":20}},"68":{"start":{"line":126,"column":21},"end":{"line":126,"column":50}},"69":{"start":{"line":127,"column":4},"end":{"line":129,"column":5}},"70":{"start":{"line":128,"column":6},"end":{"line":128,"column":51}},"71":{"start":{"line":131,"column":17},"end":{"line":133,"column":6}},"72":{"start":{"line":135,"column":4},"end":{"line":137,"column":5}},"73":{"start":{"line":136,"column":6},"end":{"line":136,"column":74}},"74":{"start":{"line":139,"column":4},"end":{"line":143,"column":5}},"75":{"start":{"line":140,"column":24},"end":{"line":140,"column":51}},"76":{"start":{"line":141,"column":28},"end":{"line":141,"column":49}},"77":{"start":{"line":142,"column":6},"end":{"line":142,"column":48}},"78":{"start":{"line":145,"column":24},"end":{"line":145,"column":29}},"79":{"start":{"line":148,"column":4},"end":{"line":158,"column":5}},"80":{"start":{"line":149,"column":6},"end":{"line":152,"column":7}},"81":{"start":{"line":150,"column":8},"end":{"line":150,"column":76}},"82":{"start":{"line":151,"column":8},"end":{"line":151,"column":29}},"83":{"start":{"line":154,"column":6},"end":{"line":156,"column":7}},"84":{"start":{"line":155,"column":8},"end":{"line":155,"column":52}},"85":{"start":{"line":157,"column":6},"end":{"line":157,"column":80}},"86":{"start":{"line":160,"column":24},"end":{"line":162,"column":5}},"87":{"start":{"line":164,"column":4},"end":{"line":168,"column":5}},"88":{"start":{"line":165,"column":6},"end":{"line":165,"column":42}},"89":{"start":{"line":167,"column":6},"end":{"line":167,"column":31}},"90":{"start":{"line":170,"column":4},"end":{"line":170,"column":35}},"91":{"start":{"line":172,"column":4},"end":{"line":174,"column":5}},"92":{"start":{"line":173,"column":6},"end":{"line":173,"column":59}},"93":{"start":{"line":176,"column":4},"end":{"line":178,"column":5}},"94":{"start":{"line":177,"column":6},"end":{"line":177,"column":59}},"95":{"start":{"line":180,"column":4},"end":{"line":182,"column":5}},"96":{"start":{"line":181,"column":6},"end":{"line":181,"column":58}},"97":{"start":{"line":184,"column":4},"end":{"line":186,"column":5}},"98":{"start":{"line":185,"column":6},"end":{"line":185,"column":60}},"99":{"start":{"line":188,"column":4},"end":{"line":198,"column":5}},"100":{"start":{"line":189,"column":25},"end":{"line":195,"column":7}},"101":{"start":{"line":197,"column":6},"end":{"line":197,"column":59}},"102":{"start":{"line":200,"column":4},"end":{"line":200,"column":43}},"103":{"start":{"line":201,"column":4},"end":{"line":201,"column":35}},"104":{"start":{"line":203,"column":4},"end":{"line":203,"column":52}},"105":{"start":{"line":205,"column":4},"end":{"line":205,"column":34}},"106":{"start":{"line":209,"column":0},"end":{"line":227,"column":2}},"107":{"start":{"line":210,"column":2},"end":{"line":226,"column":3}},"108":{"start":{"line":211,"column":19},"end":{"line":211,"column":29}},"109":{"start":{"line":212,"column":17},"end":{"line":212,"column":41}},"110":{"start":{"line":214,"column":4},"end":{"line":216,"column":5}},"111":{"start":{"line":215,"column":6},"end":{"line":215,"column":74}},"112":{"start":{"line":218,"column":4},"end":{"line":218,"column":34}},"113":{"start":{"line":220,"column":4},"end":{"line":220,"column":43}},"114":{"start":{"line":221,"column":4},"end":{"line":221,"column":35}},"115":{"start":{"line":223,"column":4},"end":{"line":223,"column":52}},"116":{"start":{"line":225,"column":4},"end":{"line":225,"column":34}},"117":{"start":{"line":229,"column":0},"end":{"line":247,"column":2}},"118":{"start":{"line":230,"column":2},"end":{"line":246,"column":3}},"119":{"start":{"line":231,"column":19},"end":{"line":231,"column":29}},"120":{"start":{"line":232,"column":17},"end":{"line":232,"column":41}},"121":{"start":{"line":234,"column":4},"end":{"line":236,"column":5}},"122":{"start":{"line":235,"column":6},"end":{"line":235,"column":74}},"123":{"start":{"line":238,"column":4},"end":{"line":238,"column":34}},"124":{"start":{"line":240,"column":4},"end":{"line":240,"column":43}},"125":{"start":{"line":241,"column":4},"end":{"line":241,"column":35}},"126":{"start":{"line":243,"column":4},"end":{"line":243,"column":52}},"127":{"start":{"line":245,"column":4},"end":{"line":245,"column":34}},"128":{"start":{"line":249,"column":0},"end":{"line":289,"column":2}},"129":{"start":{"line":250,"column":17},"end":{"line":250,"column":27}},"130":{"start":{"line":252,"column":2},"end":{"line":288,"column":3}},"131":{"start":{"line":253,"column":25},"end":{"line":253,"column":49}},"132":{"start":{"line":255,"column":4},"end":{"line":257,"column":5}},"133":{"start":{"line":256,"column":6},"end":{"line":256,"column":59}},"134":{"start":{"line":259,"column":21},"end":{"line":259,"column":85}},"135":{"start":{"line":261,"column":4},"end":{"line":263,"column":5}},"136":{"start":{"line":262,"column":6},"end":{"line":262,"column":122}},"137":{"start":{"line":265,"column":4},"end":{"line":271,"column":7}},"138":{"start":{"line":273,"column":4},"end":{"line":277,"column":5}},"139":{"start":{"line":274,"column":24},"end":{"line":274,"column":59}},"140":{"start":{"line":275,"column":28},"end":{"line":275,"column":49}},"141":{"start":{"line":276,"column":6},"end":{"line":276,"column":48}},"142":{"start":{"line":279,"column":4},"end":{"line":279,"column":43}},"143":{"start":{"line":281,"column":4},"end":{"line":281,"column":43}},"144":{"start":{"line":282,"column":4},"end":{"line":282,"column":35}},"145":{"start":{"line":284,"column":4},"end":{"line":284,"column":73}},"146":{"start":{"line":286,"column":4},"end":{"line":286,"column":25}},"147":{"start":{"line":287,"column":4},"end":{"line":287,"column":34}}},"fnMap":{"0":{"name":"(anonymous_0)","decl":{"start":{"line":14,"column":18},"end":{"line":14,"column":19}},"loc":{"start":{"line":14,"column":38},"end":{"line":30,"column":1}},"line":14},"1":{"name":"(anonymous_1)","decl":{"start":{"line":32,"column":22},"end":{"line":32,"column":23}},"loc":{"start":{"line":32,"column":42},"end":{"line":56,"column":1}},"line":32},"2":{"name":"(anonymous_2)","decl":{"start":{"line":46,"column":36},"end":{"line":46,"column":37}},"loc":{"start":{"line":46,"column":46},"end":{"line":46,"column":70}},"line":46},"3":{"name":"(anonymous_3)","decl":{"start":{"line":58,"column":21},"end":{"line":58,"column":22}},"loc":{"start":{"line":58,"column":41},"end":{"line":117,"column":1}},"line":58},"4":{"name":"(anonymous_4)","decl":{"start":{"line":119,"column":19},"end":{"line":119,"column":20}},"loc":{"start":{"line":119,"column":39},"end":{"line":207,"column":1}},"line":119},"5":{"name":"(anonymous_5)","decl":{"start":{"line":209,"column":22},"end":{"line":209,"column":23}},"loc":{"start":{"line":209,"column":42},"end":{"line":227,"column":1}},"line":209},"6":{"name":"(anonymous_6)","decl":{"start":{"line":229,"column":21},"end":{"line":229,"column":22}},"loc":{"start":{"line":229,"column":41},"end":{"line":247,"column":1}},"line":229},"7":{"name":"(anonymous_7)","decl":{"start":{"line":249,"column":21},"end":{"line":249,"column":22}},"loc":{"start":{"line":249,"column":41},"end":{"line":289,"column":1}},"line":249}},"branchMap":{"0":{"loc":{"start":{"line":18,"column":4},"end":{"line":24,"column":5}},"type":"if","locations":[{"start":{"line":18,"column":4},"end":{"line":24,"column":5}},{"start":{"line":22,"column":11},"end":{"line":24,"column":5}}],"line":18},"1":{"loc":{"start":{"line":38,"column":4},"end":{"line":44,"column":5}},"type":"if","locations":[{"start":{"line":38,"column":4},"end":{"line":44,"column":5}},{"start":{"line":42,"column":11},"end":{"line":44,"column":5}}],"line":38},"2":{"loc":{"start":{"line":48,"column":4},"end":{"line":50,"column":5}},"type":"if","locations":[{"start":{"line":48,"column":4},"end":{"line":50,"column":5}},{"start":{},"end":{}}],"line":48},"3":{"loc":{"start":{"line":65,"column":4},"end":{"line":67,"column":5}},"type":"if","locations":[{"start":{"line":65,"column":4},"end":{"line":67,"column":5}},{"start":{},"end":{}}],"line":65},"4":{"loc":{"start":{"line":65,"column":8},"end":{"line":65,"column":38}},"type":"binary-expr","locations":[{"start":{"line":65,"column":8},"end":{"line":65,"column":18}},{"start":{"line":65,"column":22},"end":{"line":65,"column":38}}],"line":65},"5":{"loc":{"start":{"line":70,"column":4},"end":{"line":72,"column":5}},"type":"if","locations":[{"start":{"line":70,"column":4},"end":{"line":72,"column":5}},{"start":{},"end":{}}],"line":70},"6":{"loc":{"start":{"line":75,"column":4},"end":{"line":77,"column":5}},"type":"if","locations":[{"start":{"line":75,"column":4},"end":{"line":77,"column":5}},{"start":{},"end":{}}],"line":75},"7":{"loc":{"start":{"line":85,"column":6},"end":{"line":87,"column":7}},"type":"if","locations":[{"start":{"line":85,"column":6},"end":{"line":87,"column":7}},{"start":{},"end":{}}],"line":85},"8":{"loc":{"start":{"line":98,"column":4},"end":{"line":108,"column":5}},"type":"if","locations":[{"start":{"line":98,"column":4},"end":{"line":108,"column":5}},{"start":{},"end":{}}],"line":98},"9":{"loc":{"start":{"line":98,"column":8},"end":{"line":98,"column":72}},"type":"binary-expr","locations":[{"start":{"line":98,"column":8},"end":{"line":98,"column":21}},{"start":{"line":98,"column":25},"end":{"line":98,"column":38}},{"start":{"line":98,"column":42},"end":{"line":98,"column":54}},{"start":{"line":98,"column":58},"end":{"line":98,"column":72}}],"line":98},"10":{"loc":{"start":{"line":112,"column":4},"end":{"line":114,"column":5}},"type":"if","locations":[{"start":{"line":112,"column":4},"end":{"line":114,"column":5}},{"start":{},"end":{}}],"line":112},"11":{"loc":{"start":{"line":127,"column":4},"end":{"line":129,"column":5}},"type":"if","locations":[{"start":{"line":127,"column":4},"end":{"line":129,"column":5}},{"start":{},"end":{}}],"line":127},"12":{"loc":{"start":{"line":135,"column":4},"end":{"line":137,"column":5}},"type":"if","locations":[{"start":{"line":135,"column":4},"end":{"line":137,"column":5}},{"start":{},"end":{}}],"line":135},"13":{"loc":{"start":{"line":139,"column":4},"end":{"line":143,"column":5}},"type":"if","locations":[{"start":{"line":139,"column":4},"end":{"line":143,"column":5}},{"start":{},"end":{}}],"line":139},"14":{"loc":{"start":{"line":139,"column":8},"end":{"line":139,"column":37}},"type":"binary-expr","locations":[{"start":{"line":139,"column":8},"end":{"line":139,"column":23}},{"start":{"line":139,"column":27},"end":{"line":139,"column":37}}],"line":139},"15":{"loc":{"start":{"line":149,"column":6},"end":{"line":152,"column":7}},"type":"if","locations":[{"start":{"line":149,"column":6},"end":{"line":152,"column":7}},{"start":{},"end":{}}],"line":149},"16":{"loc":{"start":{"line":154,"column":6},"end":{"line":156,"column":7}},"type":"if","locations":[{"start":{"line":154,"column":6},"end":{"line":156,"column":7}},{"start":{},"end":{}}],"line":154},"17":{"loc":{"start":{"line":154,"column":10},"end":{"line":154,"column":63}},"type":"binary-expr","locations":[{"start":{"line":154,"column":10},"end":{"line":154,"column":23}},{"start":{"line":154,"column":27},"end":{"line":154,"column":38}},{"start":{"line":154,"column":42},"end":{"line":154,"column":63}}],"line":154},"18":{"loc":{"start":{"line":164,"column":4},"end":{"line":168,"column":5}},"type":"if","locations":[{"start":{"line":164,"column":4},"end":{"line":168,"column":5}},{"start":{"line":166,"column":11},"end":{"line":168,"column":5}}],"line":164},"19":{"loc":{"start":{"line":172,"column":4},"end":{"line":174,"column":5}},"type":"if","locations":[{"start":{"line":172,"column":4},"end":{"line":174,"column":5}},{"start":{},"end":{}}],"line":172},"20":{"loc":{"start":{"line":176,"column":4},"end":{"line":178,"column":5}},"type":"if","locations":[{"start":{"line":176,"column":4},"end":{"line":178,"column":5}},{"start":{},"end":{}}],"line":176},"21":{"loc":{"start":{"line":180,"column":4},"end":{"line":182,"column":5}},"type":"if","locations":[{"start":{"line":180,"column":4},"end":{"line":182,"column":5}},{"start":{},"end":{}}],"line":180},"22":{"loc":{"start":{"line":184,"column":4},"end":{"line":186,"column":5}},"type":"if","locations":[{"start":{"line":184,"column":4},"end":{"line":186,"column":5}},{"start":{},"end":{}}],"line":184},"23":{"loc":{"start":{"line":188,"column":4},"end":{"line":198,"column":5}},"type":"if","locations":[{"start":{"line":188,"column":4},"end":{"line":198,"column":5}},{"start":{},"end":{}}],"line":188},"24":{"loc":{"start":{"line":188,"column":8},"end":{"line":188,"column":116}},"type":"binary-expr","locations":[{"start":{"line":188,"column":8},"end":{"line":188,"column":32}},{"start":{"line":188,"column":36},"end":{"line":188,"column":60}},{"start":{"line":188,"column":64},"end":{"line":188,"column":87}},{"start":{"line":188,"column":91},"end":{"line":188,"column":116}}],"line":188},"25":{"loc":{"start":{"line":214,"column":4},"end":{"line":216,"column":5}},"type":"if","locations":[{"start":{"line":214,"column":4},"end":{"line":216,"column":5}},{"start":{},"end":{}}],"line":214},"26":{"loc":{"start":{"line":234,"column":4},"end":{"line":236,"column":5}},"type":"if","locations":[{"start":{"line":234,"column":4},"end":{"line":236,"column":5}},{"start":{},"end":{}}],"line":234},"27":{"loc":{"start":{"line":255,"column":4},"end":{"line":257,"column":5}},"type":"if","locations":[{"start":{"line":255,"column":4},"end":{"line":257,"column":5}},{"start":{},"end":{}}],"line":255},"28":{"loc":{"start":{"line":261,"column":4},"end":{"line":263,"column":5}},"type":"if","locations":[{"start":{"line":261,"column":4},"end":{"line":263,"column":5}},{"start":{},"end":{}}],"line":261},"29":{"loc":{"start":{"line":273,"column":4},"end":{"line":277,"column":5}},"type":"if","locations":[{"start":{"line":273,"column":4},"end":{"line":277,"column":5}},{"start":{},"end":{}}],"line":273}},"s":{"0":2,"1":2,"2":2,"3":2,"4":2,"5":2,"6":2,"7":2,"8":2,"9":2,"10":5,"11":5,"12":5,"13":5,"14":5,"15":5,"16":0,"17":5,"18":0,"19":2,"20":2,"21":2,"22":2,"23":2,"24":0,"25":0,"26":2,"27":2,"28":2,"29":2,"30":0,"31":2,"32":0,"33":2,"34":3,"35":3,"36":3,"37":3,"38":0,"39":3,"40":3,"41":1,"42":2,"43":2,"44":1,"45":1,"46":1,"47":1,"4
[...]
,"D:\\Kerjaan\\Oktober 2023\\Final Project\\codepresso\\server\\routes\\addressRoutes.js": {"path":"D:\\Kerjaan\\Oktober 2023\\Final Project\\codepresso\\server\\routes\\addressRoutes.js","statementMap":{"0":{"start":{"line":3,"column":16},"end":{"line":3,"column":34}},"1":{"start":{"line":4,"column":15},"end":{"line":4,"column":31}},"2":{"start":{"line":5,"column":15},"end":{"line":5,"column":51}},"3":{"start":{"line":6,"column":19},"end":{"line":6,"column":57}},"4":{"start":{"line":7,"column":22},"end":{"line":7,"column":61}},"5":{"start":{"line":8,"column":98},"end":{"line":8,"column":141}},"6":{"start":{"line":10,"column":0},"end":{"line":10,"column":58}},"7":{"start":{"line":11,"column":0},"end":{"line":11,"column":64}},"8":{"start":{"line":12,"column":0},"end":{"line":12,"column":79}},"9":{"start":{"line":13,"column":0},"end":{"line":13,"column":78}},"10":{"start":{"line":14,"column":0},"end":{"line":14,"column":79}},"11":{"start":{"line":15,"column":0},"end":{"line":15,"column":68}},"12":{"start":{"line":17,"column":0},"end":{"line":17,"column":24}}},"fnMap":{},"branchMap":{},"s":{"0":2,"1":2,"2":2,"3":2,"4":2,"5":2,"6":2,"7":2,"8":2,"9":2,"10":2,"11":2,"12":2},"f":{},"b":{},"_coverageSchema":"1a1c01bbd47fc00a2c39e90264f33305004495a9","hash":"8794ecea5ec1c858a11c4b4b8e0502595734ffb9"}
,"D:\\Kerjaan\\Oktober 2023\\Final Project\\codepresso\\server\\routes\\authRoutes.js": {"path":"D:\\Kerjaan\\Oktober 2023\\Final Project\\codepresso\\server\\routes\\authRoutes.js","statementMap":{"0":{"start":{"line":3,"column":16},"end":{"line":3,"column":34}},"1":{"start":{"line":4,"column":96},"end":{"line":4,"column":136}},"2":{"start":{"line":5,"column":15},"end":{"line":5,"column":31}},"3":{"start":{"line":6,"column":15},"end":{"line":6,"column":51}},"4":{"start":{"line":7,"column":22},"end":{"line":7,"column":61}},"5":{"start":{"line":8,"column":20},"end":{"line":8,"column":58}},"6":{"start":{"line":10,"column":0},"end":{"line":10,"column":50}},"7":{"start":{"line":11,"column":0},"end":{"line":11,"column":56}},"8":{"start":{"line":12,"column":0},"end":{"line":12,"column":69}},"9":{"start":{"line":13,"column":0},"end":{"line":13,"column":73}},"10":{"start":{"line":14,"column":0},"end":{"line":14,"column":126}},"11":{"start":{"line":15,"column":0},"end":{"line":15,"column":78}},"12":{"start":{"line":17,"column":0},"end":{"line":17,"column":24}}},"fnMap":{},"branchMap":{},"s":{"0":2,"1":2,"2":2,"3":2,"4":2,"5":2,"6":2,"7":2,"8":2,"9":2,"10":2,"11":2,"12":2},"f":{},"b":{},"_coverageSchema":"1a1c01bbd47fc00a2c39e90264f33305004495a9","hash":"50117267236846cd3021d5b0159384bfc61125c9"}
,"D:\\Kerjaan\\Oktober 2023\\Final Project\\codepresso\\server\\routes\\basketRoutes.js": {"path":"D:\\Kerjaan\\Oktober 2023\\Final Project\\codepresso\\server\\routes\\basketRoutes.js","statementMap":{"0":{"start":{"line":3,"column":16},"end":{"line":3,"column":34}},"1":{"start":{"line":4,"column":15},"end":{"line":4,"column":31}},"2":{"start":{"line":5,"column":15},"end":{"line":5,"column":51}},"3":{"start":{"line":6,"column":19},"end":{"line":6,"column":57}},"4":{"start":{"line":7,"column":22},"end":{"line":7,"column":61}},"5":{"start":{"line":8,"column":64},"end":{"line":8,"column":106}},"6":{"start":{"line":10,"column":0},"end":{"line":10,"column":56}},"7":{"start":{"line":11,"column":0},"end":{"line":11,"column":26}},"8":{"start":{"line":12,"column":0},"end":{"line":12,"column":76}},"9":{"start":{"line":13,"column":0},"end":{"line":13,"column":79}},"10":{"start":{"line":14,"column":0},"end":{"line":14,"column":66}},"11":{"start":{"line":16,"column":0},"end":{"line":16,"column":24}}},"fnMap":{},"branchMap":{},"s":{"0":2,"1":2,"2":2,"3":2,"4":2,"5":2,"6":2,"7":2,"8":2,"9":2,"10":2,"11":2},"f":{},"b":{},"_coverageSchema":"1a1c01bbd47fc00a2c39e90264f33305004495a9","hash":"78fe4327170aaf9d4fe6b61680766e4d92087170"}
,"D:\\Kerjaan\\Oktober 2023\\Final Project\\codepresso\\server\\routes\\categoryRoutes.js": {"path":"D:\\Kerjaan\\Oktober 2023\\Final Project\\codepresso\\server\\routes\\categoryRoutes.js","statementMap":{"0":{"start":{"line":3,"column":16},"end":{"line":3,"column":34}},"1":{"start":{"line":4,"column":15},"end":{"line":4,"column":31}},"2":{"start":{"line":5,"column":87},"end":{"line":5,"column":131}},"3":{"start":{"line":6,"column":15},"end":{"line":6,"column":51}},"4":{"start":{"line":7,"column":20},"end":{"line":7,"column":58}},"5":{"start":{"line":8,"column":22},"end":{"line":8,"column":61}},"6":{"start":{"line":10,"column":0},"end":{"line":10,"column":37}},"7":{"start":{"line":11,"column":0},"end":{"line":11,"column":46}},"8":{"start":{"line":12,"column":0},"end":{"line":12,"column":81}},"9":{"start":{"line":13,"column":0},"end":{"line":13,"column":82}},"10":{"start":{"line":14,"column":0},"end":{"line":14,"column":71}},"11":{"start":{"line":16,"column":0},"end":{"line":16,"column":24}}},"fnMap":{},"branchMap":{},"s":{"0":2,"1":2,"2":2,"3":2,"4":2,"5":2,"6":2,"7":2,"8":2,"9":2,"10":2,"11":2},"f":{},"b":{},"_coverageSchema":"1a1c01bbd47fc00a2c39e90264f33305004495a9","hash":"9162d903cfe2fbc13919be2c359a0ec7fed3f81a"}
,"D:\\Kerjaan\\Oktober 2023\\Final Project\\codepresso\\server\\routes\\index.js": {"path":"D:\\Kerjaan\\Oktober 2023\\Final Project\\codepresso\\server\\routes\\index.js","statementMap":{"0":{"start":{"line":3,"column":19},"end":{"line":3,"column":37}},"1":{"start":{"line":5,"column":18},"end":{"line":5,"column":41}},"2":{"start":{"line":6,"column":22},"end":{"line":6,"column":49}},"3":{"start":{"line":7,"column":18},"end":{"line":7,"column":41}},"4":{"start":{"line":8,"column":21},"end":{"line":8,"column":47}},"5":{"start":{"line":9,"column":20},"end":{"line":9,"column":45}},"6":{"start":{"line":10,"column":20},"end":{"line":10,"column":45}},"7":{"start":{"line":11,"column":17},"end":{"line":11,"column":39}},"8":{"start":{"line":12,"column":21},"end":{"line":12,"column":47}},"9":{"start":{"line":13,"column":22},"end":{"line":13,"column":49}},"10":{"start":{"line":15,"column":15},"end":{"line":15,"column":23}},"11":{"start":{"line":17,"column":0},"end":{"line":17,"column":22}},"12":{"start":{"line":18,"column":0},"end":{"line":18,"column":26}},"13":{"start":{"line":19,"column":0},"end":{"line":19,"column":22}},"14":{"start":{"line":20,"column":0},"end":{"line":20,"column":25}},"15":{"start":{"line":21,"column":0},"end":{"line":21,"column":24}},"16":{"start":{"line":22,"column":0},"end":{"line":22,"column":24}},"17":{"start":{"line":23,"column":0},"end":{"line":23,"column":21}},"18":{"start":{"line":24,"column":0},"end":{"line":24,"column":25}},"19":{"start":{"line":25,"column":0},"end":{"line":25,"column":26}},"20":{"start":{"line":27,"column":0},"end":{"line":27,"column":24}}},"fnMap":{},"branchMap":{},"s":{"0":2,"1":2,"2":2,"3":2,"4":2,"5":2,"6":2,"7":2,"8":2,"9":2,"10":2,"11":2,"12":2,"13":2,"14":2,"15":2,"16":2,"17":2,"18":2,"19":2,"20":2},"f":{},"b":{},"_coverageSchema":"1a1c01bbd47fc00a2c39e90264f33305004495a9","hash":"e2087f8fcb43de6771620698869570f70fb7944b"}
,"D:\\Kerjaan\\Oktober 2023\\Final Project\\codepresso\\server\\routes\\mapRoutes.js": {"path":"D:\\Kerjaan\\Oktober 2023\\Final Project\\codepresso\\server\\routes\\mapRoutes.js","statementMap":{"0":{"start":{"line":3,"column":16},"end":{"line":3,"column":34}},"1":{"start":{"line":4,"column":15},"end":{"line":4,"column":31}},"2":{"start":{"line":5,"column":15},"end":{"line":5,"column":51}},"3":{"start":{"line":6,"column":19},"end":{"line":6,"column":57}},"4":{"start":{"line":7,"column":22},"end":{"line":7,"column":61}},"5":{"start":{"line":8,"column":34},"end":{"line":8,"column":73}},"6":{"start":{"line":10,"column":0},"end":{"line":10,"column":80}},"7":{"start":{"line":11,"column":0},"end":{"line":11,"column":70}},"8":{"start":{"line":13,"column":0},"end":{"line":13,"column":24}}},"fnMap":{},"branchMap":{},"s":{"0":2,"1":2,"2":2,"3":2,"4":2,"5":2,"6":2,"7":2,"8":2},"f":{},"b":{},"_coverageSchema":"1a1c01bbd47fc00a2c39e90264f33305004495a9","hash":"30cbc0a672c380b956176db9d6128fb6d34d4b12"}
,"D:\\Kerjaan\\Oktober 2023\\Final Project\\codepresso\\server\\routes\\menuRoutes.js": {"path":"D:\\Kerjaan\\Oktober 2023\\Final Project\\codepresso\\server\\routes\\menuRoutes.js","statementMap":{"0":{"start":{"line":3,"column":16},"end":{"line":3,"column":34}},"1":{"start":{"line":4,"column":15},"end":{"line":4,"column":31}},"2":{"start":{"line":5,"column":92},"end":{"line":5,"column":132}},"3":{"start":{"line":6,"column":15},"end":{"line":6,"column":51}},"4":{"start":{"line":7,"column":20},"end":{"line":7,"column":58}},"5":{"start":{"line":8,"column":22},"end":{"line":8,"column":61}},"6":{"start":{"line":10,"column":0},"end":{"line":10,"column":29}},"7":{"start":{"line":11,"column":0},"end":{"line":11,"column":37}},"8":{"start":{"line":12,"column":0},"end":{"line":12,"column":106}},"9":{"start":{"line":13,"column":0},"end":{"line":13,"column":107}},"10":{"start":{"line":14,"column":0},"end":{"line":14,"column":69}},"11":{"start":{"line":15,"column":0},"end":{"line":15,"column":67}},"12":{"start":{"line":16,"column":0},"end":{"line":16,"column":63}},"13":{"start":{"line":18,"column":0},"end":{"line":18,"column":24}}},"fnMap":{},"branchMap":{},"s":{"0":2,"1":2,"2":2,"3":2,"4":2,"5":2,"6":2,"7":2,"8":2,"9":2,"10":2,"11":2,"12":2,"13":2},"f":{},"b":{},"_coverageSchema":"1a1c01bbd47fc00a2c39e90264f33305004495a9","hash":"fd8a77d4d523dc8d5cf1e2c8309183c29bfb50a4"}
,"D:\\Kerjaan\\Oktober 2023\\Final Project\\codepresso\\server\\routes\\paymentRoutes.js": {"path":"D:\\Kerjaan\\Oktober 2023\\Final Project\\codepresso\\server\\routes\\paymentRoutes.js","statementMap":{"0":{"start":{"line":3,"column":16},"end":{"line":3,"column":34}},"1":{"start":{"line":4,"column":15},"end":{"line":4,"column":31}},"2":{"start":{"line":5,"column":15},"end":{"line":5,"column":51}},"3":{"start":{"line":6,"column":19},"end":{"line":6,"column":57}},"4":{"start":{"line":7,"column":22},"end":{"line":7,"column":61}},"5":{"start":{"line":8,"column":48},"end":{"line":8,"column":91}},"6":{"start":{"line":10,"column":0},"end":{"line":10,"column":78}},"7":{"start":{"line":11,"column":0},"end":{"line":11,"column":82}},"8":{"start":{"line":13,"column":0},"end":{"line":13,"column":24}}},"fnMap":{},"branchMap":{},"s":{"0":2,"1":2,"2":2,"3":2,"4":2,"5":2,"6":2,"7":2,"8":2},"f":{},"b":{},"_coverageSchema":"1a1c01bbd47fc00a2c39e90264f33305004495a9","hash":"e3aa2a2e0936899ee93d9df974e02700ca647826"}
,"D:\\Kerjaan\\Oktober 2023\\Final Project\\codepresso\\server\\routes\\purchaseRoutes.js": {"path":"D:\\Kerjaan\\Oktober 2023\\Final Project\\codepresso\\server\\routes\\purchaseRoutes.js","statementMap":{"0":{"start":{"line":3,"column":16},"end":{"line":3,"column":34}},"1":{"start":{"line":4,"column":15},"end":{"line":4,"column":31}},"2":{"start":{"line":5,"column":15},"end":{"line":5,"column":51}},"3":{"start":{"line":6,"column":38},"end":{"line":6,"column":76}},"4":{"start":{"line":7,"column":22},"end":{"line":7,"column":61}},"5":{"start":{"line":8,"column":135},"end":{"line":8,"column":179}},"6":{"start":{"line":10,"column":0},"end":{"line":10,"column":94}},"7":{"start":{"line":11,"column":0},"end":{"line":11,"column":94}},"8":{"start":{"line":12,"column":0},"end":{"line":12,"column":96}},"9":{"start":{"line":13,"column":0},"end":{"line":13,"column":90}},"10":{"start":{"line":14,"column":0},"end":{"line":14,"column":86}},"11":{"start":{"line":15,"column":0},"end":{"line":15,"column":82}},"12":{"start":{"line":17,"column":0},"end":{"line":17,"column":24}}},"fnMap":{},"branchMap":{},"s":{"0":2,"1":2,"2":2,"3":2,"4":2,"5":2,"6":2,"7":2,"8":2,"9":2,"10":2,"11":2,"12":2},"f":{},"b":{},"_coverageSchema":"1a1c01bbd47fc00a2c39e90264f33305004495a9","hash":"d72638bfdfaf5849096d61cf3cd8894075c6f1a2"}
,"D:\\Kerjaan\\Oktober 2023\\Final Project\\codepresso\\server\\utils\\bcryptPassword.js": {"path":"D:\\Kerjaan\\Oktober 2023\\Final Project\\codepresso\\server\\utils\\bcryptPassword.js","statementMap":{"0":{"start":{"line":4,"column":15},"end":{"line":4,"column":32}},"1":{"start":{"line":5,"column":13},"end":{"line":5,"column":15}},"2":{"start":{"line":6,"column":18},"end":{"line":6,"column":38}},"3":{"start":{"line":8,"column":21},"end":{"line":10,"column":1}},"4":{"start":{"line":9,"column":2},"end":{"line":9,"column":41}},"5":{"start":{"line":12,"column":24},"end":{"line":17,"column":1}},"6":{"start":{"line":13,"column":15},"end":{"line":13,"column":63}},"7":{"start":{"line":15,"column":18},"end":{"line":15,"column":63}},"8":{"start":{"line":16,"column":2},"end":{"line":16,"column":17}},"9":{"start":{"line":19,"column":0},"end":{"line":22,"column":2}}},"fnMap":{"0":{"name":"(anonymous_0)","decl":{"start":{"line":8,"column":21},"end":{"line":8,"column":22}},"loc":{"start":{"line":8,"column":35},"end":{"line":10,"column":1}},"line":8},"1":{"name":"(anonymous_1)","decl":{"start":{"line":12,"column":24},"end":{"line":12,"column":25}},"loc":{"start":{"line":12,"column":51},"end":{"line":17,"column":1}},"line":12}},"branchMap":{},"s":{"0":2,"1":2,"2":2,"3":2,"4":5,"5":2,"6":12,"7":12,"8":12,"9":2},"f":{"0":5,"1":12},"b":{},"_coverageSchema":"1a1c01bbd47fc00a2c39e90264f33305004495a9","hash":"eafe1e121fa1d4529609313d000b1cd1c7817474"}
,"D:\\Kerjaan\\Oktober 2023\\Final Project\\codepresso\\server\\utils\\decryptPayload.js": {"path":"D:\\Kerjaan\\Oktober 2023\\Final Project\\codepresso\\server\\utils\\decryptPayload.js","statementMap":{"0":{"start":{"line":4,"column":17},"end":{"line":4,"column":37}},"1":{"start":{"line":6,"column":29},"end":{"line":17,"column":1}},"2":{"start":{"line":7,"column":2},"end":{"line":16,"column":3}},"3":{"start":{"line":8,"column":26},"end":{"line":8,"column":28}},"4":{"start":{"line":9,"column":4},"end":{"line":12,"column":5}},"5":{"start":{"line":10,"column":20},"end":{"line":10,"column":84}},"6":{"start":{"line":11,"column":6},"end":{"line":11,"column":61}},"7":{"start":{"line":13,"column":4},"end":{"line":13,"column":25}},"8":{"start":{"line":15,"column":4},"end":{"line":15,"column":16}},"9":{"start":{"line":18,"column":27},"end":{"line":25,"column":1}},"10":{"start":{"line":19,"column":2},"end":{"line":24,"column":3}},"11":{"start":{"line":20,"column":18},"end":{"line":20,"column":72}},"12":{"start":{"line":21,"column":4},"end":{"line":21,"column":45}},"13":{"start":{"line":23,"column":4},"end":{"line":23,"column":16}},"14":{"start":{"line":27,"column":0},"end":{"line":30,"column":2}}},"fnMap":{"0":{"name":"(anonymous_0)","decl":{"start":{"line":6,"column":29},"end":{"line":6,"column":30}},"loc":{"start":{"line":6,"column":45},"end":{"line":17,"column":1}},"line":6},"1":{"name":"(anonymous_1)","decl":{"start":{"line":18,"column":27},"end":{"line":18,"column":28}},"loc":{"start":{"line":18,"column":38},"end":{"line":25,"column":1}},"line":18}},"branchMap":{},"s":{"0":2,"1":2,"2":7,"3":7,"4":7,"5":29,"6":29,"7":7,"8":0,"9":2,"10":29,"11":29,"12":29,"13":0,"14":2},"f":{"0":7,"1":29},"b":{},"_coverageSchema":"1a1c01bbd47fc00a2c39e90264f33305004495a9","hash":"a98e77245ade77369600601bdd4e38ae0ea36886"}
,"D:\\Kerjaan\\Oktober 2023\\Final Project\\codepresso\\server\\utils\\generateToken.js": {"path":"D:\\Kerjaan\\Oktober 2023\\Final Project\\codepresso\\server\\utils\\generateToken.js","statementMap":{"0":{"start":{"line":4,"column":12},"end":{"line":4,"column":35}},"1":{"start":{"line":5,"column":13},"end":{"line":5,"column":28}},"2":{"start":{"line":7,"column":22},"end":{"line":19,"column":1}},"3":{"start":{"line":8,"column":16},"end":{"line":16,"column":3}},"4":{"start":{"line":18,"column":2},"end":{"line":18,"column":15}},"5":{"start":{"line":21,"column":32},"end":{"line":24,"column":1}},"6":{"start":{"line":22,"column":26},"end":{"line":22,"column":84}},"7":{"start":{"line":23,"column":2},"end":{"line":23,"column":25}},"8":{"start":{"line":26,"column":27},"end":{"line":36,"column":1}},"9":{"start":{"line":27,"column":16},"end":{"line":33,"column":3}},"10":{"start":{"line":34,"column":24},"end":{"line":34,"column":54}},"11":{"start":{"line":35,"column":2},"end":{"line":35,"column":43}},"12":{"start":{"line":38,"column":0},"end":{"line":41,"column":2}}},"fnMap":{"0":{"name":"(anonymous_0)","decl":{"start":{"line":7,"column":22},"end":{"line":7,"column":23}},"loc":{"start":{"line":7,"column":32},"end":{"line":19,"column":1}},"line":7},"1":{"name":"(anonymous_1)","decl":{"start":{"line":21,"column":32},"end":{"line":21,"column":33}},"loc":{"start":{"line":21,"column":46},"end":{"line":24,"column":1}},"line":21},"2":{"name":"(anonymous_2)","decl":{"start":{"line":26,"column":27},"end":{"line":26,"column":28}},"loc":{"start":{"line":26,"column":37},"end":{"line":36,"column":1}},"line":26}},"branchMap":{},"s":{"0":2,"1":2,"2":2,"3":12,"4":12,"5":2,"6":1,"7":1,"8":2,"9":1,"10":1,"11":1,"12":2},"f":{"0":12,"1":1,"2":1},"b":{},"_coverageSchema":"1a1c01bbd47fc00a2c39e90264f33305004495a9","hash":"bb2679a14c057dc86f79275d08c232b25e37bc1b"}
,"D:\\Kerjaan\\Oktober 2023\\Final Project\\codepresso\\server\\utils\\nodemailer.js": {"path":"D:\\Kerjaan\\Oktober 2023\\Final Project\\codepresso\\server\\utils\\nodemailer.js","statementMap":{"0":{"start":{"line":1,"column":19},"end":{"line":1,"column":40}},"1":{"start":{"line":3,"column":20},"end":{"line":9,"column":2}},"2":{"start":{"line":11,"column":32},"end":{"line":26,"column":1}},"3":{"start":{"line":12,"column":22},"end":{"line":17,"column":3}},"4":{"start":{"line":19,"column":2},"end":{"line":25,"column":5}},"5":{"start":{"line":20,"column":4},"end":{"line":24,"column":5}},"6":{"start":{"line":21,"column":6},"end":{"line":21,"column":25}},"7":{"start":{"line":23,"column":6},"end":{"line":23,"column":50}},"8":{"start":{"line":28,"column":0},"end":{"line":28,"column":41}}},"fnMap":{"0":{"name":"(anonymous_0)","decl":{"start":{"line":11,"column":32},"end":{"line":11,"column":33}},"loc":{"start":{"line":11,"column":52},"end":{"line":26,"column":1}},"line":11},"1":{"name":"(anonymous_1)","decl":{"start":{"line":19,"column":36},"end":{"line":19,"column":37}},"loc":{"start":{"line":19,"column":51},"end":{"line":25,"column":3}},"line":19}},"branchMap":{"0":{"loc":{"start":{"line":20,"column":4},"end":{"line":24,"column":5}},"type":"if","locations":[{"start":{"line":20,"column":4},"end":{"line":24,"column":5}},{"start":{"line":22,"column":11},"end":{"line":24,"column":5}}],"line":20}},"s":{"0":2,"1":2,"2":2,"3":1,"4":1,"5":0,"6":0,"7":0,"8":2},"f":{"0":1,"1":0},"b":{"0":[0,0]},"_coverageSchema":"1a1c01bbd47fc00a2c39e90264f33305004495a9","hash":"3e6972419f52943e1ffbb39f5b3f4ddba156ae01"}
,"D:\\Kerjaan\\Oktober 2023\\Final Project\\codepresso\\server\\utils\\verifyTokenJwt.js": {"path":"D:\\Kerjaan\\Oktober 2023\\Final Project\\codepresso\\server\\utils\\verifyTokenJwt.js","statementMap":{"0":{"start":{"line":3,"column":12},"end":{"line":3,"column":35}},"1":{"start":{"line":4,"column":23},"end":{"line":12,"column":1}},"2":{"start":{"line":5,"column":2},"end":{"line":11,"column":5}},"3":{"start":{"line":6,"column":4},"end":{"line":10,"column":5}},"4":{"start":{"line":7,"column":6},"end":{"line":7,"column":20}},"5":{"start":{"line":9,"column":6},"end":{"line":9,"column":24}},"6":{"start":{"line":13,"column":0},"end":{"line":13,"column":32}}},"fnMap":{"0":{"name":"(anonymous_0)","decl":{"start":{"line":4,"column":23},"end":{"line":4,"column":24}},"loc":{"start":{"line":4,"column":46},"end":{"line":12,"column":1}},"line":4},"1":{"name":"(anonymous_1)","decl":{"start":{"line":5,"column":28},"end":{"line":5,"column":29}},"loc":{"start":{"line":5,"column":46},"end":{"line":11,"column":3}},"line":5}},"branchMap":{"0":{"loc":{"start":{"line":6,"column":4},"end":{"line":10,"column":5}},"type":"if","locations":[{"start":{"line":6,"column":4},"end":{"line":10,"column":5}},{"start":{"line":8,"column":11},"end":{"line":10,"column":5}}],"line":6}},"s":{"0":2,"1":2,"2":11,"3":11,"4":0,"5":11,"6":2},"f":{"0":11,"1":11},"b":{"0":[0,11]},"_coverageSchema":"1a1c01bbd47fc00a2c39e90264f33305004495a9","hash":"244c0c73199cbf73e592b349e10ebb7c1eaaaf03"}
}
