TN:
SF:index.js
FN:16,(anonymous_0)
FN:20,(anonymous_1)
FN:23,(anonymous_2)
FN:36,(anonymous_3)
FN:43,(anonymous_4)
FN:48,(anonymous_5)
FNF:6
FNH:3
FNDA:2,(anonymous_0)
FNDA:2,(anonymous_1)
FNDA:0,(anonymous_2)
FNDA:38,(anonymous_3)
FNDA:0,(anonymous_4)
FNDA:0,(anonymous_5)
DA:4,2
DA:5,2
DA:6,2
DA:7,2
DA:8,2
DA:9,2
DA:10,2
DA:11,2
DA:12,2
DA:14,2
DA:16,2
DA:17,2
DA:20,2
DA:21,2
DA:23,2
DA:24,0
DA:27,2
DA:28,2
DA:29,2
DA:30,2
DA:31,2
DA:32,2
DA:36,2
DA:37,38
DA:38,38
DA:41,2
DA:43,2
DA:44,0
DA:47,2
DA:48,0
DA:49,0
DA:52,2
LF:32
LH:28
BRDA:47,0,0,0
BRDA:47,0,1,2
BRF:2
BRH:1
end_of_record
TN:
SF:config\database.js
FNF:0
FNH:0
DA:4,2
DA:5,2
DA:6,2
LF:3
LH:3
BRF:0
BRH:0
end_of_record
TN:
SF:config\openRoutes.js
FN:9,getOpenRouteServiceRoute
FN:46,(anonymous_1)
FNF:2
FNH:0
FNDA:0,getOpenRouteServiceRoute
FNDA:0,(anonymous_1)
DA:5,2
DA:6,2
DA:7,2
DA:10,0
DA:12,0
DA:13,0
DA:19,0
DA:20,0
DA:22,0
DA:38,0
DA:40,0
DA:41,0
DA:44,0
DA:46,0
DA:48,0
DA:53,0
DA:55,0
DA:56,0
DA:60,2
LF:19
LH:4
BRDA:19,0,0,0
BRDA:19,0,1,0
BRDA:40,1,0,0
BRDA:40,1,1,0
BRDA:40,2,0,0
BRDA:40,2,1,0
BRF:6
BRH:0
end_of_record
TN:
SF:controllers\addOnsController.js
FN:13,(anonymous_0)
FN:31,(anonymous_1)
FN:50,(anonymous_2)
FN:53,(anonymous_3)
FNF:4
FNH:3
FNDA:0,(anonymous_0)
FNDA:1,(anonymous_1)
FNDA:4,(anonymous_2)
FNDA:10,(anonymous_3)
DA:5,2
DA:6,2
DA:7,2
DA:8,2
DA:9,2
DA:10,2
DA:11,2
DA:13,2
DA:14,0
DA:15,0
DA:16,0
DA:25,0
DA:27,0
DA:31,2
DA:32,1
DA:33,1
DA:34,1
DA:35,1
DA:37,1
DA:38,1
DA:39,0
DA:42,1
DA:43,1
DA:44,0
DA:47,1
DA:49,1
DA:51,4
DA:52,4
DA:54,10
DA:56,10
DA:73,0
LF:31
LH:23
BRDA:38,0,0,0
BRDA:38,0,1,1
BRDA:43,1,0,0
BRDA:43,1,1,1
BRDA:51,2,0,4
BRDA:51,2,1,0
BRDA:51,3,0,4
BRDA:51,3,1,4
BRF:8
BRH:5
end_of_record
TN:
SF:controllers\addressController.js
FN:11,(anonymous_0)
FN:26,(anonymous_1)
FN:41,(anonymous_2)
FN:53,(anonymous_3)
FN:75,(anonymous_4)
FN:107,(anonymous_5)
FN:142,(anonymous_6)
FNF:7
FNH:0
FNDA:0,(anonymous_0)
FNDA:0,(anonymous_1)
FNDA:0,(anonymous_2)
FNDA:0,(anonymous_3)
FNDA:0,(anonymous_4)
FNDA:0,(anonymous_5)
FNDA:0,(anonymous_6)
DA:4,2
DA:5,2
DA:6,2
DA:7,2
DA:8,2
DA:9,2
DA:11,2
DA:12,0
DA:13,0
DA:15,0
DA:20,0
DA:22,0
DA:26,2
DA:27,0
DA:28,0
DA:29,0
DA:31,0
DA:33,0
DA:34,0
DA:36,0
DA:38,0
DA:41,0
DA:43,0
DA:44,0
DA:47,0
DA:49,0
DA:53,2
DA:54,0
DA:55,0
DA:56,0
DA:58,0
DA:59,0
DA:62,0
DA:63,0
DA:65,0
DA:67,0
DA:69,0
DA:71,0
DA:75,2
DA:76,0
DA:77,0
DA:78,0
DA:80,0
DA:82,0
DA:83,0
DA:86,0
DA:88,0
DA:90,0
DA:91,0
DA:94,0
DA:95,0
DA:98,0
DA:99,0
DA:101,0
DA:103,0
DA:107,2
DA:108,0
DA:109,0
DA:110,0
DA:112,0
DA:116,0
DA:117,0
DA:120,0
DA:122,0
DA:124,0
DA:125,0
DA:128,0
DA:129,0
DA:132,0
DA:134,0
DA:136,0
DA:138,0
DA:142,2
DA:143,0
DA:144,0
DA:145,0
DA:147,0
DA:149,0
DA:150,0
DA:153,0
DA:154,0
DA:157,0
DA:158,0
DA:160,0
DA:162,0
LF:85
LH:12
BRDA:33,0,0,0
BRDA:33,0,1,0
BRDA:43,1,0,0
BRDA:43,1,1,0
BRDA:58,2,0,0
BRDA:58,2,1,0
BRDA:82,3,0,0
BRDA:82,3,1,0
BRDA:90,4,0,0
BRDA:90,4,1,0
BRDA:94,5,0,0
BRDA:94,5,1,0
BRDA:116,6,0,0
BRDA:116,6,1,0
BRDA:124,7,0,0
BRDA:124,7,1,0
BRDA:128,8,0,0
BRDA:128,8,1,0
BRDA:149,9,0,0
BRDA:149,9,1,0
BRDA:153,10,0,0
BRDA:153,10,1,0
BRF:22
BRH:0
end_of_record
TN:
SF:controllers\authController.js
FN:19,(anonymous_0)
FN:69,(anonymous_1)
FN:100,(anonymous_2)
FN:148,(anonymous_3)
FN:171,(anonymous_4)
FN:206,(anonymous_5)
FN:215,(anonymous_6)
FN:229,(anonymous_7)
FNF:8
FNH:4
FNDA:14,(anonymous_0)
FNDA:4,(anonymous_1)
FNDA:3,(anonymous_2)
FNDA:2,(anonymous_3)
FNDA:0,(anonymous_4)
FNDA:0,(anonymous_5)
FNDA:0,(anonymous_6)
FNDA:0,(anonymous_7)
DA:4,2
DA:5,2
DA:6,2
DA:7,2
DA:8,2
DA:9,2
DA:10,2
DA:11,2
DA:12,2
DA:13,2
DA:14,2
DA:15,2
DA:16,2
DA:17,2
DA:19,2
DA:20,14
DA:21,14
DA:22,14
DA:23,14
DA:24,14
DA:26,14
DA:27,0
DA:30,14
DA:31,14
DA:32,1
DA:35,13
DA:39,13
DA:40,1
DA:42,12
DA:43,12
DA:45,12
DA:46,0
DA:48,12
DA:49,12
DA:50,0
DA:52,0
DA:53,0
DA:56,0
DA:59,12
DA:61,12
DA:63,12
DA:65,0
DA:69,2
DA:70,4
DA:71,4
DA:72,4
DA:73,4
DA:74,4
DA:75,1
DA:77,3
DA:78,3
DA:79,1
DA:82,2
DA:83,2
DA:84,2
DA:86,2
DA:95,2
DA:97,0
DA:100,2
DA:102,3
DA:103,3
DA:104,3
DA:106,3
DA:107,3
DA:108,1
DA:110,2
DA:111,2
DA:112,1
DA:114,1
DA:115,0
DA:117,1
DA:119,1
DA:120,1
DA:121,1
DA:123,0
DA:124,0
DA:126,0
DA:129,1
DA:130,1
DA:131,1
DA:133,1
DA:142,1
DA:144,0
DA:148,2
DA:149,2
DA:150,2
DA:151,2
DA:153,2
DA:154,0
DA:157,2
DA:158,2
DA:159,1
DA:162,1
DA:163,1
DA:165,1
DA:167,0
DA:171,2
DA:172,0
DA:174,0
DA:176,0
DA:177,0
DA:178,0
DA:179,0
DA:181,0
DA:182,0
DA:183,0
DA:186,0
DA:187,0
DA:189,0
DA:191,0
DA:193,0
DA:195,0
DA:197,0
DA:199,0
DA:200,0
DA:202,0
DA:206,2
DA:207,0
DA:208,0
DA:215,0
DA:217,0
DA:229,0
DA:235,0
DA:237,0
LF:124
LH:83
BRDA:26,0,0,0
BRDA:26,0,1,14
BRDA:26,1,0,14
BRDA:26,1,1,14
BRDA:31,2,0,1
BRDA:31,2,1,13
BRDA:39,3,0,1
BRDA:39,3,1,12
BRDA:43,4,0,12
BRDA:43,4,1,12
BRDA:45,5,0,0
BRDA:45,5,1,12
BRDA:49,6,0,0
BRDA:49,6,1,12
BRDA:52,7,0,0
BRDA:52,7,1,0
BRDA:74,8,0,1
BRDA:74,8,1,3
BRDA:78,9,0,1
BRDA:78,9,1,2
BRDA:107,10,0,1
BRDA:107,10,1,2
BRDA:111,11,0,1
BRDA:111,11,1,1
BRDA:114,12,0,0
BRDA:114,12,1,1
BRDA:114,13,0,1
BRDA:114,13,1,1
BRDA:123,14,0,0
BRDA:123,14,1,0
BRDA:139,15,0,1
BRDA:139,15,1,1
BRDA:153,16,0,0
BRDA:153,16,1,2
BRDA:158,17,0,1
BRDA:158,17,1,1
BRDA:178,18,0,0
BRDA:178,18,1,0
BRDA:199,19,0,0
BRDA:199,19,1,0
BRF:40
BRH:27
end_of_record
TN:
SF:controllers\basketController.js
FN:12,(anonymous_0)
FN:34,(anonymous_1)
FN:79,(anonymous_2)
FN:114,(anonymous_3)
FNF:4
FNH:0
FNDA:0,(anonymous_0)
FNDA:0,(anonymous_1)
FNDA:0,(anonymous_2)
FNDA:0,(anonymous_3)
DA:4,2
DA:5,2
DA:6,2
DA:7,2
DA:8,2
DA:9,2
DA:10,2
DA:12,2
DA:13,0
DA:14,0
DA:15,0
DA:17,0
DA:18,0
DA:22,0
DA:23,0
DA:25,0
DA:28,0
DA:30,0
DA:34,2
DA:35,0
DA:36,0
DA:37,0
DA:39,0
DA:40,0
DA:41,0
DA:44,0
DA:45,0
DA:46,0
DA:49,0
DA:56,0
DA:58,0
DA:60,0
DA:71,0
DA:73,0
DA:75,0
DA:79,2
DA:80,0
DA:81,0
DA:82,0
DA:83,0
DA:85,0
DA:86,0
DA:87,0
DA:90,0
DA:91,0
DA:94,0
DA:95,0
DA:98,0
DA:100,0
DA:102,0
DA:104,0
DA:106,0
DA:108,0
DA:110,0
DA:114,2
DA:115,0
DA:116,0
DA:117,0
DA:119,0
DA:120,0
DA:121,0
DA:124,0
DA:125,0
DA:128,0
DA:132,0
DA:134,0
DA:136,0
LF:67
LH:11
BRDA:17,0,0,0
BRDA:17,0,1,0
BRDA:40,1,0,0
BRDA:40,1,1,0
BRDA:45,2,0,0
BRDA:45,2,1,0
BRDA:63,3,0,0
BRDA:63,3,1,0
BRDA:64,4,0,0
BRDA:64,4,1,0
BRDA:65,5,0,0
BRDA:65,5,1,0
BRDA:66,6,0,0
BRDA:66,6,1,0
BRDA:86,7,0,0
BRDA:86,7,1,0
BRDA:90,8,0,0
BRDA:90,8,1,0
BRDA:94,9,0,0
BRDA:94,9,1,0
BRDA:94,10,0,0
BRDA:94,10,1,0
BRDA:120,11,0,0
BRDA:120,11,1,0
BRDA:124,12,0,0
BRDA:124,12,1,0
BRF:26
BRH:0
end_of_record
TN:
SF:controllers\categoryController.js
FN:11,(anonymous_0)
FN:28,(anonymous_1)
FN:48,(anonymous_2)
FN:74,(anonymous_3)
FN:100,(anonymous_4)
FNF:5
FNH:0
FNDA:0,(anonymous_0)
FNDA:0,(anonymous_1)
FNDA:0,(anonymous_2)
FNDA:0,(anonymous_3)
FNDA:0,(anonymous_4)
DA:4,2
DA:5,2
DA:6,2
DA:7,2
DA:8,2
DA:9,2
DA:11,2
DA:12,0
DA:13,0
DA:15,0
DA:16,0
DA:17,0
DA:18,0
DA:20,0
DA:23,0
DA:25,0
DA:28,2
DA:29,0
DA:30,0
DA:32,0
DA:33,0
DA:36,0
DA:37,0
DA:39,0
DA:42,0
DA:44,0
DA:48,2
DA:49,0
DA:50,0
DA:52,0
DA:54,0
DA:55,0
DA:58,0
DA:59,0
DA:60,0
DA:63,0
DA:65,0
DA:66,0
DA:68,0
DA:70,0
DA:74,2
DA:75,0
DA:76,0
DA:77,0
DA:79,0
DA:81,0
DA:82,0
DA:85,0
DA:86,0
DA:87,0
DA:89,0
DA:91,0
DA:92,0
DA:94,0
DA:96,0
DA:100,2
DA:101,0
DA:102,0
DA:103,0
DA:105,0
DA:106,0
DA:109,0
DA:111,0
DA:112,0
DA:113,0
DA:114,0
DA:118,0
DA:119,0
DA:122,0
DA:124,0
DA:125,0
DA:127,0
DA:129,0
LF:73
LH:11
BRDA:15,0,0,0
BRDA:15,0,1,0
BRDA:32,1,0,0
BRDA:32,1,1,0
BRDA:54,2,0,0
BRDA:54,2,1,0
BRDA:59,3,0,0
BRDA:59,3,1,0
BRDA:81,4,0,0
BRDA:81,4,1,0
BRDA:86,5,0,0
BRDA:86,5,1,0
BRDA:105,6,0,0
BRDA:105,6,1,0
BRDA:113,7,0,0
BRDA:113,7,1,0
BRF:16
BRH:0
end_of_record
TN:
SF:controllers\mapController.js
FN:11,(anonymous_0)
FN:56,(anonymous_1)
FNF:2
FNH:0
FNDA:0,(anonymous_0)
FNDA:0,(anonymous_1)
DA:4,2
DA:5,2
DA:6,2
DA:7,2
DA:8,2
DA:9,2
DA:11,2
DA:12,0
DA:13,0
DA:14,0
DA:15,0
DA:16,0
DA:17,0
DA:18,0
DA:20,0
DA:22,0
DA:23,0
DA:26,0
DA:34,0
DA:35,0
DA:38,0
DA:39,0
DA:40,0
DA:41,0
DA:46,0
DA:51,0
DA:53,0
DA:56,2
DA:57,0
DA:58,0
DA:59,0
DA:61,0
DA:65,0
DA:66,0
DA:68,0
DA:72,0
DA:73,0
DA:76,0
DA:78,0
LF:39
LH:8
BRDA:15,0,0,0
BRDA:15,0,1,0
BRDA:22,1,0,0
BRDA:22,1,1,0
BRDA:22,2,0,0
BRDA:22,2,1,0
BRDA:34,3,0,0
BRDA:34,3,1,0
BRDA:65,4,0,0
BRDA:65,4,1,0
BRDA:65,5,0,0
BRDA:65,5,1,0
BRDA:72,6,0,0
BRDA:72,6,1,0
BRF:14
BRH:0
end_of_record
TN:
SF:controllers\menuController.js
FN:14,(anonymous_0)
FN:32,(anonymous_1)
FN:46,(anonymous_2)
FN:58,(anonymous_3)
FN:119,(anonymous_4)
FN:209,(anonymous_5)
FN:229,(anonymous_6)
FN:249,(anonymous_7)
FNF:8
FNH:6
FNDA:5,(anonymous_0)
FNDA:2,(anonymous_1)
FNDA:2,(anonymous_2)
FNDA:3,(anonymous_3)
FNDA:0,(anonymous_4)
FNDA:2,(anonymous_5)
FNDA:2,(anonymous_6)
FNDA:0,(anonymous_7)
DA:4,2
DA:5,2
DA:6,2
DA:7,2
DA:8,2
DA:9,2
DA:10,2
DA:11,2
DA:12,2
DA:14,2
DA:15,5
DA:16,5
DA:18,5
DA:19,5
DA:20,5
DA:21,5
DA:23,0
DA:26,5
DA:28,0
DA:32,2
DA:33,2
DA:34,2
DA:36,2
DA:38,2
DA:39,0
DA:41,0
DA:43,2
DA:46,2
DA:48,2
DA:49,0
DA:52,2
DA:54,0
DA:58,2
DA:60,3
DA:61,3
DA:63,3
DA:65,3
DA:66,0
DA:69,3
DA:70,3
DA:71,1
DA:74,2
DA:75,2
DA:76,1
DA:79,1
DA:81,1
DA:82,1
DA:83,1
DA:85,0
DA:86,0
DA:88,0
DA:91,1
DA:93,1
DA:94,1
DA:96,1
DA:98,1
DA:99,1
DA:107,1
DA:110,1
DA:112,0
DA:113,0
DA:115,0
DA:119,2
DA:120,0
DA:121,0
DA:122,0
DA:124,0
DA:126,0
DA:127,0
DA:128,0
DA:131,0
DA:135,0
DA:136,0
DA:139,0
DA:140,0
DA:141,0
DA:142,0
DA:145,0
DA:148,0
DA:149,0
DA:150,0
DA:151,0
DA:154,0
DA:155,0
DA:157,0
DA:160,0
DA:164,0
DA:165,0
DA:167,0
DA:170,0
DA:172,0
DA:173,0
DA:176,0
DA:177,0
DA:180,0
DA:181,0
DA:184,0
DA:185,0
DA:188,0
DA:189,0
DA:197,0
DA:200,0
DA:201,0
DA:203,0
DA:205,0
DA:209,2
DA:210,2
DA:211,2
DA:212,2
DA:214,2
DA:215,1
DA:218,1
DA:220,1
DA:221,1
DA:223,1
DA:225,0
DA:229,2
DA:230,2
DA:231,2
DA:232,2
DA:234,2
DA:235,1
DA:238,1
DA:240,1
DA:241,1
DA:243,1
DA:245,0
DA:249,2
DA:250,0
DA:252,0
DA:253,0
DA:255,0
DA:256,0
DA:259,0
DA:261,0
DA:262,0
DA:265,0
DA:273,0
DA:274,0
DA:275,0
DA:276,0
DA:279,0
DA:281,0
DA:282,0
DA:284,0
DA:286,0
DA:287,0
LF:147
LH:71
BRDA:18,0,0,5
BRDA:18,0,1,0
BRDA:38,1,0,0
BRDA:38,1,1,2
BRDA:48,2,0,0
BRDA:48,2,1,2
BRDA:65,3,0,0
BRDA:65,3,1,3
BRDA:65,4,0,3
BRDA:65,4,1,3
BRDA:70,5,0,1
BRDA:70,5,1,2
BRDA:75,6,0,1
BRDA:75,6,1,1
BRDA:85,7,0,0
BRDA:85,7,1,0
BRDA:98,8,0,1
BRDA:98,8,1,0
BRDA:98,9,0,1
BRDA:98,9,1,0
BRDA:98,9,2,0
BRDA:98,9,3,0
BRDA:112,10,0,0
BRDA:112,10,1,0
BRDA:127,11,0,0
BRDA:127,11,1,0
BRDA:135,12,0,0
BRDA:135,12,1,0
BRDA:139,13,0,0
BRDA:139,13,1,0
BRDA:139,14,0,0
BRDA:139,14,1,0
BRDA:149,15,0,0
BRDA:149,15,1,0
BRDA:154,16,0,0
BRDA:154,16,1,0
BRDA:154,17,0,0
BRDA:154,17,1,0
BRDA:154,17,2,0
BRDA:164,18,0,0
BRDA:164,18,1,0
BRDA:172,19,0,0
BRDA:172,19,1,0
BRDA:176,20,0,0
BRDA:176,20,1,0
BRDA:180,21,0,0
BRDA:180,21,1,0
BRDA:184,22,0,0
BRDA:184,22,1,0
BRDA:188,23,0,0
BRDA:188,23,1,0
BRDA:188,24,0,0
BRDA:188,24,1,0
BRDA:188,24,2,0
BRDA:188,24,3,0
BRDA:214,25,0,1
BRDA:214,25,1,1
BRDA:234,26,0,1
BRDA:234,26,1,1
BRDA:255,27,0,0
BRDA:255,27,1,0
BRDA:261,28,0,0
BRDA:261,28,1,0
BRDA:273,29,0,0
BRDA:273,29,1,0
BRF:65
BRH:16
end_of_record
TN:
SF:controllers\paymentController.js
FN:16,(anonymous_0)
FN:150,(anonymous_1)
FNF:2
FNH:0
FNDA:0,(anonymous_0)
FNDA:0,(anonymous_1)
DA:5,2
DA:6,2
DA:7,2
DA:8,2
DA:9,2
DA:10,2
DA:11,2
DA:12,2
DA:13,2
DA:14,2
DA:16,2
DA:17,0
DA:18,0
DA:19,0
DA:20,0
DA:21,0
DA:22,0
DA:23,0
DA:24,0
DA:25,0
DA:27,0
DA:28,0
DA:29,0
DA:32,0
DA:40,0
DA:41,0
DA:44,0
DA:50,0
DA:63,0
DA:64,0
DA:67,0
DA:68,0
DA:69,0
DA:71,0
DA:79,0
DA:94,0
DA:95,0
DA:108,0
DA:114,0
DA:119,0
DA:121,0
DA:127,0
DA:135,0
DA:136,0
DA:137,0
DA:138,0
DA:146,0
DA:150,2
DA:151,0
DA:152,0
DA:154,0
DA:155,0
DA:158,0
DA:159,0
DA:161,0
DA:170,0
DA:171,0
DA:172,0
DA:173,0
DA:174,0
DA:175,0
DA:176,0
DA:178,0
DA:180,0
DA:183,0
DA:186,0
DA:187,0
LF:67
LH:12
BRDA:23,0,0,0
BRDA:23,0,1,0
BRDA:28,1,0,0
BRDA:28,1,1,0
BRDA:40,2,0,0
BRDA:40,2,1,0
BRDA:63,3,0,0
BRDA:63,3,1,0
BRDA:154,4,0,0
BRDA:154,4,1,0
BRDA:170,5,0,0
BRDA:170,5,1,0
BRDA:175,6,0,0
BRDA:175,6,1,0
BRF:14
BRH:0
end_of_record
TN:
SF:controllers\purchaseController.js
FN:9,(anonymous_0)
FN:55,(anonymous_1)
FN:100,(anonymous_2)
FN:164,(anonymous_3)
FN:192,(anonymous_4)
FN:241,(anonymous_5)
FN:255,(anonymous_6)
FN:273,(anonymous_7)
FNF:8
FNH:0
FNDA:0,(anonymous_0)
FNDA:0,(anonymous_1)
FNDA:0,(anonymous_2)
FNDA:0,(anonymous_3)
FNDA:0,(anonymous_4)
FNDA:0,(anonymous_5)
FNDA:0,(anonymous_6)
FNDA:0,(anonymous_7)
DA:4,2
DA:5,2
DA:6,2
DA:7,2
DA:9,2
DA:10,0
DA:11,0
DA:12,0
DA:14,0
DA:15,0
DA:18,0
DA:19,0
DA:20,0
DA:23,0
DA:28,0
DA:29,0
DA:32,0
DA:36,0
DA:37,0
DA:40,0
DA:41,0
DA:44,0
DA:46,0
DA:51,0
DA:55,2
DA:56,0
DA:57,0
DA:58,0
DA:60,0
DA:86,0
DA:87,0
DA:90,0
DA:91,0
DA:94,0
DA:96,0
DA:100,2
DA:101,0
DA:102,0
DA:104,0
DA:105,0
DA:106,0
DA:108,0
DA:117,0
DA:151,0
DA:153,0
DA:159,0
DA:161,0
DA:164,2
DA:165,0
DA:166,0
DA:167,0
DA:169,0
DA:170,0
DA:171,0
DA:174,0
DA:175,0
DA:178,0
DA:179,0
DA:182,0
DA:184,0
DA:188,0
DA:192,2
DA:193,0
DA:194,0
DA:195,0
DA:196,0
DA:198,0
DA:206,0
DA:241,0
DA:242,0
DA:244,0
DA:245,0
DA:248,0
DA:250,0
DA:253,0
DA:255,0
DA:257,0
DA:259,0
DA:261,0
DA:267,0
DA:269,0
DA:273,2
DA:274,0
DA:275,0
DA:277,0
DA:293,0
DA:295,0
LF:87
LH:10
BRDA:14,0,0,0
BRDA:14,0,1,0
BRDA:19,1,0,0
BRDA:19,1,1,0
BRDA:28,2,0,0
BRDA:28,2,1,0
BRDA:36,3,0,0
BRDA:36,3,1,0
BRDA:40,4,0,0
BRDA:40,4,1,0
BRDA:86,5,0,0
BRDA:86,5,1,0
BRDA:90,6,0,0
BRDA:90,6,1,0
BRDA:90,7,0,0
BRDA:90,7,1,0
BRDA:104,8,0,0
BRDA:104,8,1,0
BRDA:170,9,0,0
BRDA:170,9,1,0
BRDA:174,10,0,0
BRDA:174,10,1,0
BRDA:178,11,0,0
BRDA:178,11,1,0
BRDA:194,12,0,0
BRDA:194,12,1,0
BRDA:244,13,0,0
BRDA:244,13,1,0
BRDA:255,14,0,0
BRDA:255,14,1,0
BRF:30
BRH:0
end_of_record
TN:
SF:helpers\countDistance.js
FN:3,countDistance
FN:14,deg2rad
FNF:2
FNH:0
FNDA:0,countDistance
FNDA:0,deg2rad
DA:4,0
DA:5,0
DA:6,0
DA:7,0
DA:8,0
DA:9,0
DA:10,0
DA:11,0
DA:15,0
DA:18,2
LF:10
LH:1
BRF:0
BRH:0
end_of_record
TN:
SF:helpers\databaseHelper.js
FN:3,(anonymous_0)
FNF:1
FNH:1
FNDA:1,(anonymous_0)
DA:1,2
DA:3,2
DA:5,2
LF:3
LH:3
BRF:0
BRH:0
end_of_record
TN:
SF:helpers\extractPublicId.js
FN:3,(anonymous_0)
FNF:1
FNH:0
FNDA:0,(anonymous_0)
DA:3,2
DA:4,0
DA:5,0
DA:8,2
LF:4
LH:2
BRF:0
BRH:0
end_of_record
TN:
SF:helpers\handleError.js
FN:1,(anonymous_0)
FN:5,(anonymous_1)
FNF:2
FNH:1
FNDA:0,(anonymous_0)
FNDA:12,(anonymous_1)
DA:1,2
DA:2,0
DA:5,2
DA:6,12
DA:9,2
LF:5
LH:4
BRF:0
BRH:0
end_of_record
TN:
SF:helpers\modelInstanceMenu.js
FN:6,(anonymous_0)
FNF:1
FNH:1
FNDA:10,(anonymous_0)
DA:4,2
DA:6,2
DA:7,10
DA:9,3
DA:11,2
DA:13,2
DA:15,3
DA:17,0
DA:21,2
LF:9
LH:8
BRDA:7,0,0,3
BRDA:7,0,1,2
BRDA:7,0,2,2
BRDA:7,0,3,3
BRDA:7,0,4,0
BRF:5
BRH:4
end_of_record
TN:
SF:helpers\operation.js
FN:4,(anonymous_0)
FNF:1
FNH:0
FNDA:0,(anonymous_0)
DA:4,2
DA:5,0
DA:6,0
DA:7,0
DA:8,0
DA:11,0
DA:14,2
LF:7
LH:2
BRDA:5,0,0,0
BRDA:5,0,1,0
BRDA:7,1,0,0
BRDA:7,1,1,0
BRF:4
BRH:0
end_of_record
TN:
SF:helpers\responseSuccess.js
FN:1,(anonymous_0)
FNF:1
FNH:1
FNDA:25,(anonymous_0)
DA:1,2
DA:2,25
DA:4,2
LF:3
LH:3
BRF:0
BRH:0
end_of_record
TN:
SF:helpers\validationJoi.js
FN:6,(anonymous_0)
FN:26,(anonymous_1)
FN:32,(anonymous_2)
FN:54,(anonymous_3)
FN:60,(anonymous_4)
FN:83,(anonymous_5)
FN:89,(anonymous_6)
FN:108,(anonymous_7)
FN:114,(anonymous_8)
FN:128,(anonymous_9)
FN:134,(anonymous_10)
FN:143,(anonymous_11)
FN:149,(anonymous_12)
FN:163,(anonymous_13)
FN:169,(anonymous_14)
FN:180,(anonymous_15)
FN:186,(anonymous_16)
FN:201,(anonymous_17)
FN:207,(anonymous_18)
FN:226,(anonymous_19)
FN:232,(anonymous_20)
FN:251,(anonymous_21)
FN:257,(anonymous_22)
FN:267,(anonymous_23)
FNF:24
FNH:10
FNDA:14,(anonymous_0)
FNDA:1,(anonymous_1)
FNDA:4,(anonymous_2)
FNDA:1,(anonymous_3)
FNDA:3,(anonymous_4)
FNDA:5,(anonymous_5)
FNDA:2,(anonymous_6)
FNDA:0,(anonymous_7)
FNDA:0,(anonymous_8)
FNDA:0,(anonymous_9)
FNDA:0,(anonymous_10)
FNDA:0,(anonymous_11)
FNDA:1,(anonymous_12)
FNDA:0,(anonymous_13)
FNDA:0,(anonymous_14)
FNDA:0,(anonymous_15)
FNDA:0,(anonymous_16)
FNDA:0,(anonymous_17)
FNDA:3,(anonymous_18)
FNDA:1,(anonymous_19)
FNDA:0,(anonymous_20)
FNDA:0,(anonymous_21)
FNDA:0,(anonymous_22)
FNDA:0,(anonymous_23)
DA:4,2
DA:6,2
DA:7,14
DA:21,14
DA:25,14
DA:26,1
DA:29,13
DA:32,2
DA:33,4
DA:49,4
DA:53,4
DA:54,1
DA:57,3
DA:60,2
DA:61,3
DA:78,3
DA:82,3
DA:83,5
DA:86,2
DA:89,2
DA:90,2
DA:103,2
DA:107,2
DA:108,0
DA:111,2
DA:114,2
DA:115,0
DA:123,0
DA:127,0
DA:128,0
DA:131,0
DA:134,2
DA:135,0
DA:138,0
DA:142,0
DA:143,0
DA:146,0
DA:149,2
DA:150,1
DA:158,1
DA:162,1
DA:163,0
DA:166,1
DA:169,2
DA:170,0
DA:175,0
DA:179,0
DA:180,0
DA:183,0
DA:186,2
DA:187,0
DA:196,0
DA:200,0
DA:201,0
DA:204,0
DA:207,2
DA:208,3
DA:221,3
DA:225,3
DA:226,1
DA:229,2
DA:232,2
DA:233,0
DA:246,0
DA:250,0
DA:251,0
DA:254,0
DA:257,2
DA:258,0
DA:262,0
DA:266,0
DA:267,0
DA:270,0
DA:273,2
LF:74
LH:42
BRDA:25,0,0,1
BRDA:25,0,1,13
BRDA:53,1,0,1
BRDA:53,1,1,3
BRDA:82,2,0,1
BRDA:82,2,1,2
BRDA:107,3,0,0
BRDA:107,3,1,2
BRDA:127,4,0,0
BRDA:127,4,1,0
BRDA:142,5,0,0
BRDA:142,5,1,0
BRDA:162,6,0,0
BRDA:162,6,1,1
BRDA:179,7,0,0
BRDA:179,7,1,0
BRDA:200,8,0,0
BRDA:200,8,1,0
BRDA:225,9,0,1
BRDA:225,9,1,2
BRDA:250,10,0,0
BRDA:250,10,1,0
BRDA:266,11,0,0
BRDA:266,11,1,0
BRF:24
BRH:10
end_of_record
TN:
SF:middleware\authentication.js
FN:9,(anonymous_0)
FN:19,(anonymous_1)
FNF:2
FNH:2
FNDA:11,(anonymous_0)
FNDA:11,(anonymous_1)
DA:4,2
DA:5,2
DA:7,2
DA:8,2
DA:9,2
DA:10,11
DA:11,11
DA:13,11
DA:14,0
DA:17,11
DA:18,11
DA:19,11
DA:20,11
DA:21,0
DA:23,11
DA:26,11
DA:27,11
DA:28,11
DA:31,0
DA:34,0
DA:38,2
LF:21
LH:17
BRDA:11,0,0,11
BRDA:11,0,1,0
BRDA:13,1,0,0
BRDA:13,1,1,11
BRDA:18,2,0,11
BRDA:18,2,1,0
BRDA:20,3,0,0
BRDA:20,3,1,11
BRDA:26,4,0,0
BRDA:26,4,1,11
BRF:10
BRH:5
end_of_record
TN:
SF:middleware\authorization.js
FN:6,(anonymous_0)
FN:14,(anonymous_1)
FN:23,(anonymous_2)
FNF:3
FNH:1
FNDA:11,(anonymous_0)
FNDA:0,(anonymous_1)
FNDA:0,(anonymous_2)
DA:4,2
DA:6,2
DA:7,11
DA:8,11
DA:9,1
DA:11,10
DA:14,2
DA:15,0
DA:16,0
DA:17,0
DA:19,0
DA:23,2
DA:24,0
DA:25,0
DA:26,0
DA:28,0
DA:32,2
LF:17
LH:9
BRDA:8,0,0,1
BRDA:8,0,1,10
BRDA:16,1,0,0
BRDA:16,1,1,0
BRDA:25,2,0,0
BRDA:25,2,1,0
BRF:6
BRH:2
end_of_record
TN:
SF:middleware\uploadMedia.js
FN:9,(anonymous_0)
FNF:1
FNH:1
FNDA:4,(anonymous_0)
DA:5,2
DA:7,2
DA:9,2
DA:10,4
DA:11,4
DA:12,0
DA:14,4
DA:17,0
DA:21,2
DA:27,2
LF:10
LH:8
BRDA:10,0,0,4
BRDA:10,0,1,0
BRDA:11,1,0,0
BRDA:11,1,1,4
BRF:4
BRH:2
end_of_record
TN:
SF:models\Address.js
FN:7,(anonymous_0)
FN:14,(anonymous_1)
FNF:2
FNH:2
FNDA:2,(anonymous_0)
FNDA:2,(anonymous_1)
DA:6,2
DA:7,2
DA:16,2
DA:24,2
DA:44,2
LF:5
LH:5
BRF:0
BRH:0
end_of_record
TN:
SF:models\Baskets.js
FN:7,(anonymous_0)
FN:14,(anonymous_1)
FNF:2
FNH:2
FNDA:2,(anonymous_0)
FNDA:2,(anonymous_1)
DA:6,2
DA:7,2
DA:16,2
DA:22,2
DA:28,2
DA:33,2
DA:38,2
DA:43,2
DA:50,2
DA:67,2
LF:10
LH:10
BRF:0
BRH:0
end_of_record
TN:
SF:models\Beans.js
FN:7,(anonymous_0)
FN:14,(anonymous_1)
FNF:2
FNH:2
FNDA:2,(anonymous_0)
FNDA:2,(anonymous_1)
DA:6,2
DA:7,2
DA:16,2
DA:20,2
DA:25,2
DA:37,2
LF:6
LH:6
BRF:0
BRH:0
end_of_record
TN:
SF:models\CategoriesMenu.js
FN:7,(anonymous_0)
FN:14,(anonymous_1)
FNF:2
FNH:2
FNDA:2,(anonymous_0)
FNDA:2,(anonymous_1)
DA:6,2
DA:7,2
DA:16,2
DA:24,2
DA:34,2
LF:5
LH:5
BRF:0
BRH:0
end_of_record
TN:
SF:models\MapRoutes.js
FN:7,(anonymous_0)
FN:14,(anonymous_1)
FNF:2
FNH:2
FNDA:2,(anonymous_0)
FNDA:2,(anonymous_1)
DA:6,2
DA:7,2
DA:16,2
DA:24,2
DA:35,2
LF:5
LH:5
BRF:0
BRH:0
end_of_record
TN:
SF:models\Menus.js
FN:7,(anonymous_0)
FN:14,(anonymous_1)
FNF:2
FNH:2
FNDA:2,(anonymous_0)
FNDA:2,(anonymous_1)
DA:6,2
DA:7,2
DA:16,2
DA:22,2
DA:28,2
DA:34,2
DA:40,2
DA:45,2
DA:50,2
DA:56,2
DA:72,2
LF:11
LH:11
BRF:0
BRH:0
end_of_record
TN:
SF:models\Milk.js
FN:7,(anonymous_0)
FN:14,(anonymous_1)
FNF:2
FNH:2
FNDA:2,(anonymous_0)
FNDA:2,(anonymous_1)
DA:6,2
DA:7,2
DA:16,2
DA:20,2
DA:25,2
DA:37,2
LF:6
LH:6
BRF:0
BRH:0
end_of_record
TN:
SF:models\Payments.js
FN:7,(anonymous_0)
FN:14,(anonymous_1)
FNF:2
FNH:2
FNDA:2,(anonymous_0)
FNDA:2,(anonymous_1)
DA:6,2
DA:7,2
DA:16,2
DA:22,2
DA:30,2
DA:44,2
LF:6
LH:6
BRF:0
BRH:0
end_of_record
TN:
SF:models\PurchaseGroups.js
FN:7,(anonymous_0)
FN:14,(anonymous_1)
FNF:2
FNH:2
FNDA:2,(anonymous_0)
FNDA:2,(anonymous_1)
DA:6,2
DA:7,2
DA:16,2
DA:22,2
DA:28,2
DA:34,2
DA:40,2
DA:48,2
DA:77,2
LF:9
LH:9
BRF:0
BRH:0
end_of_record
TN:
SF:models\Purchases.js
FN:7,(anonymous_0)
FN:14,(anonymous_1)
FNF:2
FNH:2
FNDA:2,(anonymous_0)
FNDA:2,(anonymous_1)
DA:6,2
DA:7,2
DA:16,2
DA:22,2
DA:28,2
DA:34,2
DA:39,2
DA:44,2
DA:49,2
DA:56,2
DA:74,2
LF:11
LH:11
BRF:0
BRH:0
end_of_record
TN:
SF:models\Sizes.js
FN:7,(anonymous_0)
FN:14,(anonymous_1)
FNF:2
FNH:2
FNDA:2,(anonymous_0)
FNDA:2,(anonymous_1)
DA:6,2
DA:7,2
DA:16,2
DA:20,2
DA:25,2
DA:37,2
LF:6
LH:6
BRF:0
BRH:0
end_of_record
TN:
SF:models\Sugars.js
FN:7,(anonymous_0)
FN:14,(anonymous_1)
FNF:2
FNH:2
FNDA:2,(anonymous_0)
FNDA:2,(anonymous_1)
DA:6,2
DA:7,2
DA:16,2
DA:20,2
DA:25,2
DA:37,2
LF:6
LH:6
BRF:0
BRH:0
end_of_record
TN:
SF:models\Users.js
FN:7,(anonymous_0)
FN:14,(anonymous_1)
FNF:2
FNH:2
FNDA:2,(anonymous_0)
FNDA:2,(anonymous_1)
DA:6,2
DA:7,2
DA:16,2
DA:22,2
DA:28,2
DA:34,2
DA:40,2
DA:46,2
DA:54,2
DA:69,2
LF:10
LH:10
BRF:0
BRH:0
end_of_record
TN:
SF:models\index.js
FN:22,(anonymous_0)
FN:30,(anonymous_1)
FN:35,(anonymous_2)
FNF:3
FNH:3
FNDA:28,(anonymous_0)
FNDA:26,(anonymous_1)
FNDA:26,(anonymous_2)
DA:3,2
DA:4,2
DA:5,2
DA:6,2
DA:7,2
DA:8,2
DA:10,2
DA:11,2
DA:14,2
DA:15,0
DA:17,2
DA:20,2
DA:23,28
DA:31,26
DA:32,26
DA:35,2
DA:36,26
DA:37,26
DA:41,2
DA:42,2
DA:44,2
LF:21
LH:20
BRDA:8,0,0,2
BRDA:8,0,1,0
BRDA:14,1,0,0
BRDA:14,1,1,2
BRDA:24,2,0,28
BRDA:24,2,1,28
BRDA:24,2,2,26
BRDA:24,2,3,26
BRDA:36,3,0,26
BRDA:36,3,1,0
BRF:10
BRH:7
end_of_record
TN:
SF:routes\addOnsRoutes.js
FNF:0
FNH:0
DA:3,2
DA:4,2
DA:5,2
DA:6,2
DA:7,2
DA:8,2
DA:10,2
DA:11,2
DA:12,2
DA:13,2
DA:15,2
LF:11
LH:11
BRF:0
BRH:0
end_of_record
TN:
SF:routes\addressRoutes.js
FNF:0
FNH:0
DA:3,2
DA:4,2
DA:5,2
DA:6,2
DA:7,2
DA:8,2
DA:10,2
DA:11,2
DA:12,2
DA:13,2
DA:14,2
DA:15,2
DA:17,2
LF:13
LH:13
BRF:0
BRH:0
end_of_record
TN:
SF:routes\authRoutes.js
FNF:0
FNH:0
DA:3,2
DA:4,2
DA:5,2
DA:6,2
DA:7,2
DA:8,2
DA:10,2
DA:11,2
DA:12,2
DA:13,2
DA:14,2
DA:15,2
DA:17,2
LF:13
LH:13
BRF:0
BRH:0
end_of_record
TN:
SF:routes\basketRoutes.js
FNF:0
FNH:0
DA:3,2
DA:4,2
DA:5,2
DA:6,2
DA:7,2
DA:8,2
DA:10,2
DA:11,2
DA:12,2
DA:13,2
DA:14,2
DA:16,2
LF:12
LH:12
BRF:0
BRH:0
end_of_record
TN:
SF:routes\categoryRoutes.js
FNF:0
FNH:0
DA:3,2
DA:4,2
DA:5,2
DA:6,2
DA:7,2
DA:8,2
DA:10,2
DA:11,2
DA:12,2
DA:13,2
DA:14,2
DA:16,2
LF:12
LH:12
BRF:0
BRH:0
end_of_record
TN:
SF:routes\index.js
FNF:0
FNH:0
DA:3,2
DA:5,2
DA:6,2
DA:7,2
DA:8,2
DA:9,2
DA:10,2
DA:11,2
DA:12,2
DA:13,2
DA:15,2
DA:17,2
DA:18,2
DA:19,2
DA:20,2
DA:21,2
DA:22,2
DA:23,2
DA:24,2
DA:25,2
DA:27,2
LF:21
LH:21
BRF:0
BRH:0
end_of_record
TN:
SF:routes\mapRoutes.js
FNF:0
FNH:0
DA:3,2
DA:4,2
DA:5,2
DA:6,2
DA:7,2
DA:8,2
DA:10,2
DA:11,2
DA:13,2
LF:9
LH:9
BRF:0
BRH:0
end_of_record
TN:
SF:routes\menuRoutes.js
FNF:0
FNH:0
DA:3,2
DA:4,2
DA:5,2
DA:6,2
DA:7,2
DA:8,2
DA:10,2
DA:11,2
DA:12,2
DA:13,2
DA:14,2
DA:15,2
DA:16,2
DA:18,2
LF:14
LH:14
BRF:0
BRH:0
end_of_record
TN:
SF:routes\paymentRoutes.js
FNF:0
FNH:0
DA:3,2
DA:4,2
DA:5,2
DA:6,2
DA:7,2
DA:8,2
DA:10,2
DA:11,2
DA:13,2
LF:9
LH:9
BRF:0
BRH:0
end_of_record
TN:
SF:routes\purchaseRoutes.js
FNF:0
FNH:0
DA:3,2
DA:4,2
DA:5,2
DA:6,2
DA:7,2
DA:8,2
DA:10,2
DA:11,2
DA:12,2
DA:13,2
DA:14,2
DA:15,2
DA:17,2
LF:13
LH:13
BRF:0
BRH:0
end_of_record
TN:
SF:utils\bcryptPassword.js
FN:8,(anonymous_0)
FN:12,(anonymous_1)
FNF:2
FNH:2
FNDA:5,(anonymous_0)
FNDA:12,(anonymous_1)
DA:4,2
DA:5,2
DA:6,2
DA:8,2
DA:9,5
DA:12,2
DA:13,12
DA:15,12
DA:16,12
DA:19,2
LF:10
LH:10
BRF:0
BRH:0
end_of_record
TN:
SF:utils\decryptPayload.js
FN:6,(anonymous_0)
FN:18,(anonymous_1)
FNF:2
FNH:2
FNDA:7,(anonymous_0)
FNDA:29,(anonymous_1)
DA:4,2
DA:6,2
DA:7,7
DA:8,7
DA:9,7
DA:10,29
DA:11,29
DA:13,7
DA:15,0
DA:18,2
DA:19,29
DA:20,29
DA:21,29
DA:23,0
DA:27,2
LF:15
LH:13
BRF:0
BRH:0
end_of_record
TN:
SF:utils\generateToken.js
FN:7,(anonymous_0)
FN:21,(anonymous_1)
FN:26,(anonymous_2)
FNF:3
FNH:3
FNDA:12,(anonymous_0)
FNDA:1,(anonymous_1)
FNDA:1,(anonymous_2)
DA:4,2
DA:5,2
DA:7,2
DA:8,12
DA:18,12
DA:21,2
DA:22,1
DA:23,1
DA:26,2
DA:27,1
DA:34,1
DA:35,1
DA:38,2
LF:13
LH:13
BRF:0
BRH:0
end_of_record
TN:
SF:utils\nodemailer.js
FN:11,(anonymous_0)
FN:19,(anonymous_1)
FNF:2
FNH:1
FNDA:1,(anonymous_0)
FNDA:0,(anonymous_1)
DA:1,2
DA:3,2
DA:11,2
DA:12,1
DA:19,1
DA:20,0
DA:21,0
DA:23,0
DA:28,2
LF:9
LH:6
BRDA:20,0,0,0
BRDA:20,0,1,0
BRF:2
BRH:0
end_of_record
TN:
SF:utils\verifyTokenJwt.js
FN:4,(anonymous_0)
FN:5,(anonymous_1)
FNF:2
FNH:2
FNDA:11,(anonymous_0)
FNDA:11,(anonymous_1)
DA:3,2
DA:4,2
DA:5,11
DA:6,11
DA:7,0
DA:9,11
DA:13,2
LF:7
LH:6
BRDA:6,0,0,0
BRDA:6,0,1,11
BRF:2
BRH:1
end_of_record
