<?xml version="1.0" encoding="UTF-8"?>
<coverage generated="1703756580315" clover="3.2.0">
  <project timestamp="1703756580316" name="All files">
    <metrics statements="640" coveredstatements="305" conditionals="174" coveredconditionals="34" methods="200" coveredmethods="57" elements="1014" coveredelements="396" complexity="0" loc="640" ncloc="640" packages="24" files="74" classes="74"/>
    <package name="config">
      <metrics statements="3" coveredstatements="3" conditionals="2" coveredconditionals="1" methods="0" coveredmethods="0"/>
      <file name="development.js" path="D:\Kerjaan\Oktober 2023\Final Project\codepresso\client\config\development.js">
        <metrics statements="0" coveredstatements="0" conditionals="0" coveredconditionals="0" methods="0" coveredmethods="0"/>
      </file>
      <file name="index.js" path="D:\Kerjaan\Oktober 2023\Final Project\codepresso\client\config\index.js">
        <metrics statements="3" coveredstatements="3" conditionals="2" coveredconditionals="1" methods="0" coveredmethods="0"/>
        <line num="5" count="4" type="cond" truecount="1" falsecount="1"/>
        <line num="7" count="4" type="stmt"/>
        <line num="9" count="4" type="stmt"/>
      </file>
      <file name="production.js" path="D:\Kerjaan\Oktober 2023\Final Project\codepresso\client\config\production.js">
        <metrics statements="0" coveredstatements="0" conditionals="0" coveredconditionals="0" methods="0" coveredmethods="0"/>
      </file>
      <file name="test.env.js" path="D:\Kerjaan\Oktober 2023\Final Project\codepresso\client\config\test.env.js">
        <metrics statements="0" coveredstatements="0" conditionals="0" coveredconditionals="0" methods="0" coveredmethods="0"/>
      </file>
    </package>
    <package name="src">
      <metrics statements="28" coveredstatements="28" conditionals="7" coveredconditionals="4" methods="7" coveredmethods="7"/>
      <file name="configureStore.js" path="D:\Kerjaan\Oktober 2023\Final Project\codepresso\client\src\configureStore.js">
        <metrics statements="16" coveredstatements="16" conditionals="7" coveredconditionals="4" methods="1" coveredmethods="1"/>
        <line num="9" count="4" type="stmt"/>
        <line num="12" count="4" type="cond" truecount="0" falsecount="1"/>
        <line num="13" count="4" type="stmt"/>
        <line num="14" count="4" type="stmt"/>
        <line num="18" count="4" type="cond" truecount="3" falsecount="1"/>
        <line num="19" count="4" type="cond" truecount="1" falsecount="1"/>
        <line num="22" count="4" type="stmt"/>
        <line num="23" count="4" type="stmt"/>
        <line num="24" count="4" type="stmt"/>
        <line num="25" count="4" type="stmt"/>
        <line num="27" count="4" type="stmt"/>
        <line num="29" count="4" type="stmt"/>
        <line num="32" count="4" type="stmt"/>
        <line num="33" count="4" type="stmt"/>
        <line num="36" count="4" type="stmt"/>
        <line num="39" count="4" type="stmt"/>
      </file>
      <file name="persistence.js" path="D:\Kerjaan\Oktober 2023\Final Project\codepresso\client\src\persistence.js">
        <metrics statements="5" coveredstatements="5" conditionals="0" coveredconditionals="0" methods="3" coveredmethods="3"/>
        <line num="4" count="4" type="stmt"/>
        <line num="10" count="4" type="stmt"/>
        <line num="11" count="4" type="stmt"/>
        <line num="12" count="12" type="stmt"/>
        <line num="22" count="12" type="stmt"/>
      </file>
      <file name="reducers.js" path="D:\Kerjaan\Oktober 2023\Final Project\codepresso\client\src\reducers.js">
        <metrics statements="6" coveredstatements="6" conditionals="0" coveredconditionals="0" methods="2" coveredmethods="2"/>
        <line num="23" count="4" type="stmt"/>
        <line num="29" count="4" type="stmt"/>
        <line num="44" count="4" type="stmt"/>
        <line num="45" count="4" type="stmt"/>
        <line num="49" count="24" type="stmt"/>
        <line num="50" count="4" type="stmt"/>
      </file>
      <file name="rootSaga.js" path="D:\Kerjaan\Oktober 2023\Final Project\codepresso\client\src\rootSaga.js">
        <metrics statements="1" coveredstatements="1" conditionals="0" coveredconditionals="0" methods="1" coveredmethods="1"/>
        <line num="17" count="4" type="stmt"/>
      </file>
    </package>
    <package name="src.components.Footer">
      <metrics statements="2" coveredstatements="2" conditionals="0" coveredconditionals="0" methods="1" coveredmethods="1"/>
      <file name="index.jsx" path="D:\Kerjaan\Oktober 2023\Final Project\codepresso\client\src\components\Footer\index.jsx">
        <metrics statements="2" coveredstatements="2" conditionals="0" coveredconditionals="0" methods="1" coveredmethods="1"/>
        <line num="11" count="1" type="stmt"/>
        <line num="12" count="2" type="stmt"/>
      </file>
    </package>
    <package name="src.components.Loader">
      <metrics statements="3" coveredstatements="3" conditionals="2" coveredconditionals="2" methods="1" coveredmethods="1"/>
      <file name="index.jsx" path="D:\Kerjaan\Oktober 2023\Final Project\codepresso\client\src\components\Loader\index.jsx">
        <metrics statements="3" coveredstatements="3" conditionals="2" coveredconditionals="2" methods="1" coveredmethods="1"/>
        <line num="6" count="1" type="stmt"/>
        <line num="7" count="3" type="stmt"/>
        <line num="18" count="1" type="stmt"/>
      </file>
    </package>
    <package name="src.components.PopupListOrder">
      <metrics statements="4" coveredstatements="4" conditionals="8" coveredconditionals="8" methods="2" coveredmethods="2"/>
      <file name="index.jsx" path="D:\Kerjaan\Oktober 2023\Final Project\codepresso\client\src\components\PopupListOrder\index.jsx">
        <metrics statements="4" coveredstatements="4" conditionals="8" coveredconditionals="8" methods="2" coveredmethods="2"/>
        <line num="8" count="1" type="stmt"/>
        <line num="9" count="2" type="stmt"/>
        <line num="26" count="2" type="stmt"/>
        <line num="49" count="1" type="stmt"/>
      </file>
    </package>
    <package name="src.components.PopupMessage">
      <metrics statements="3" coveredstatements="3" conditionals="4" coveredconditionals="4" methods="1" coveredmethods="1"/>
      <file name="Dialog.jsx" path="D:\Kerjaan\Oktober 2023\Final Project\codepresso\client\src\components\PopupMessage\Dialog.jsx">
        <metrics statements="3" coveredstatements="3" conditionals="4" coveredconditionals="4" methods="1" coveredmethods="1"/>
        <line num="9" count="1" type="stmt"/>
        <line num="10" count="2" type="stmt"/>
        <line num="25" count="1" type="stmt"/>
      </file>
    </package>
    <package name="src.containers.App">
      <metrics statements="22" coveredstatements="14" conditionals="7" coveredconditionals="1" methods="7" coveredmethods="2"/>
      <file name="actions.js" path="D:\Kerjaan\Oktober 2023\Final Project\codepresso\client\src\containers\App\actions.js">
        <metrics statements="5" coveredstatements="5" conditionals="2" coveredconditionals="0" methods="5" coveredmethods="0"/>
        <line num="3" count="4" type="stmt"/>
        <line num="8" count="4" type="stmt"/>
        <line num="13" count="4" type="cond" truecount="0" falsecount="2"/>
        <line num="22" count="4" type="stmt"/>
        <line num="31" count="4" type="stmt"/>
      </file>
      <file name="constants.js" path="D:\Kerjaan\Oktober 2023\Final Project\codepresso\client\src\containers\App\constants.js">
        <metrics statements="4" coveredstatements="4" conditionals="0" coveredconditionals="0" methods="0" coveredmethods="0"/>
        <line num="1" count="4" type="stmt"/>
        <line num="2" count="4" type="stmt"/>
        <line num="3" count="4" type="stmt"/>
        <line num="4" count="4" type="stmt"/>
      </file>
      <file name="reducer.js" path="D:\Kerjaan\Oktober 2023\Final Project\codepresso\client\src\containers\App\reducer.js">
        <metrics statements="13" coveredstatements="5" conditionals="5" coveredconditionals="1" methods="2" coveredmethods="2"/>
        <line num="5" count="4" type="stmt"/>
        <line num="16" count="4" type="stmt"/>
        <line num="18" count="4" type="cond" truecount="1" falsecount="0"/>
        <line num="19" count="32" type="stmt"/>
        <line num="20" count="32" type="cond" truecount="0" falsecount="4"/>
        <line num="22" count="0" type="stmt"/>
        <line num="23" count="0" type="stmt"/>
        <line num="25" count="0" type="stmt"/>
        <line num="26" count="0" type="stmt"/>
        <line num="28" count="0" type="stmt"/>
        <line num="29" count="0" type="stmt"/>
        <line num="31" count="0" type="stmt"/>
        <line num="32" count="0" type="stmt"/>
      </file>
    </package>
    <package name="src.containers.Client">
      <metrics statements="136" coveredstatements="44" conditionals="44" coveredconditionals="1" methods="31" coveredmethods="3"/>
      <file name="actions.js" path="D:\Kerjaan\Oktober 2023\Final Project\codepresso\client\src\containers\Client\actions.js">
        <metrics statements="15" coveredstatements="15" conditionals="0" coveredconditionals="0" methods="15" coveredmethods="0"/>
        <line num="19" count="4" type="stmt"/>
        <line num="24" count="4" type="stmt"/>
        <line num="29" count="4" type="stmt"/>
        <line num="33" count="4" type="stmt"/>
        <line num="37" count="4" type="stmt"/>
        <line num="42" count="4" type="stmt"/>
        <line num="47" count="4" type="stmt"/>
        <line num="52" count="4" type="stmt"/>
        <line num="57" count="4" type="stmt"/>
        <line num="61" count="4" type="stmt"/>
        <line num="66" count="4" type="stmt"/>
        <line num="71" count="4" type="stmt"/>
        <line num="76" count="4" type="stmt"/>
        <line num="80" count="4" type="stmt"/>
        <line num="85" count="4" type="stmt"/>
      </file>
      <file name="constants.js" path="D:\Kerjaan\Oktober 2023\Final Project\codepresso\client\src\containers\Client\constants.js">
        <metrics statements="15" coveredstatements="15" conditionals="0" coveredconditionals="0" methods="0" coveredmethods="0"/>
        <line num="1" count="4" type="stmt"/>
        <line num="2" count="4" type="stmt"/>
        <line num="3" count="4" type="stmt"/>
        <line num="4" count="4" type="stmt"/>
        <line num="5" count="4" type="stmt"/>
        <line num="6" count="4" type="stmt"/>
        <line num="7" count="4" type="stmt"/>
        <line num="8" count="4" type="stmt"/>
        <line num="9" count="4" type="stmt"/>
        <line num="10" count="4" type="stmt"/>
        <line num="11" count="4" type="stmt"/>
        <line num="12" count="4" type="stmt"/>
        <line num="13" count="4" type="stmt"/>
        <line num="14" count="4" type="stmt"/>
        <line num="15" count="4" type="stmt"/>
      </file>
      <file name="reducer.js" path="D:\Kerjaan\Oktober 2023\Final Project\codepresso\client\src\containers\Client\reducer.js">
        <metrics statements="18" coveredstatements="5" conditionals="7" coveredconditionals="1" methods="2" coveredmethods="2"/>
        <line num="12" count="4" type="stmt"/>
        <line num="20" count="4" type="stmt"/>
        <line num="22" count="4" type="cond" truecount="1" falsecount="0"/>
        <line num="23" count="32" type="stmt"/>
        <line num="24" count="32" type="cond" truecount="0" falsecount="6"/>
        <line num="26" count="0" type="stmt"/>
        <line num="27" count="0" type="stmt"/>
        <line num="29" count="0" type="stmt"/>
        <line num="30" count="0" type="stmt"/>
        <line num="32" count="0" type="stmt"/>
        <line num="33" count="0" type="stmt"/>
        <line num="34" count="0" type="stmt"/>
        <line num="36" count="0" type="stmt"/>
        <line num="37" count="0" type="stmt"/>
        <line num="39" count="0" type="stmt"/>
        <line num="40" count="0" type="stmt"/>
        <line num="42" count="0" type="stmt"/>
        <line num="43" count="0" type="stmt"/>
      </file>
      <file name="saga.js" path="D:\Kerjaan\Oktober 2023\Final Project\codepresso\client\src\containers\Client\saga.js">
        <metrics statements="88" coveredstatements="9" conditionals="37" coveredconditionals="0" methods="14" coveredmethods="1"/>
        <line num="31" count="0" type="stmt"/>
        <line num="32" count="0" type="stmt"/>
        <line num="33" count="0" type="stmt"/>
        <line num="34" count="0" type="stmt"/>
        <line num="36" count="0" type="cond" truecount="0" falsecount="5"/>
        <line num="37" count="0" type="stmt"/>
        <line num="39" count="0" type="stmt"/>
        <line num="42" count="0" type="stmt"/>
        <line num="47" count="0" type="stmt"/>
        <line num="48" count="0" type="stmt"/>
        <line num="49" count="0" type="stmt"/>
        <line num="50" count="0" type="stmt"/>
        <line num="52" count="0" type="cond" truecount="0" falsecount="5"/>
        <line num="53" count="0" type="stmt"/>
        <line num="55" count="0" type="stmt"/>
        <line num="58" count="0" type="stmt"/>
        <line num="63" count="0" type="stmt"/>
        <line num="64" count="0" type="stmt"/>
        <line num="65" count="0" type="stmt"/>
        <line num="66" count="0" type="stmt"/>
        <line num="68" count="0" type="cond" truecount="0" falsecount="5"/>
        <line num="69" count="0" type="stmt"/>
        <line num="71" count="0" type="stmt"/>
        <line num="74" count="0" type="stmt"/>
        <line num="79" count="0" type="stmt"/>
        <line num="80" count="0" type="stmt"/>
        <line num="81" count="0" type="stmt"/>
        <line num="82" count="0" type="stmt"/>
        <line num="84" count="0" type="stmt"/>
        <line num="86" count="0" type="stmt"/>
        <line num="91" count="0" type="stmt"/>
        <line num="92" count="0" type="stmt"/>
        <line num="93" count="0" type="stmt"/>
        <line num="94" count="0" type="stmt"/>
        <line num="96" count="0" type="cond" truecount="0" falsecount="5"/>
        <line num="97" count="0" type="stmt"/>
        <line num="99" count="0" type="stmt"/>
        <line num="102" count="0" type="stmt"/>
        <line num="107" count="0" type="stmt"/>
        <line num="108" count="0" type="stmt"/>
        <line num="109" count="0" type="stmt"/>
        <line num="110" count="0" type="stmt"/>
        <line num="111" count="0" type="stmt"/>
        <line num="112" count="0" type="stmt"/>
        <line num="114" count="0" type="cond" truecount="0" falsecount="5"/>
        <line num="115" count="0" type="stmt"/>
        <line num="117" count="0" type="stmt"/>
        <line num="120" count="0" type="stmt"/>
        <line num="125" count="0" type="stmt"/>
        <line num="126" count="0" type="stmt"/>
        <line num="127" count="0" type="stmt"/>
        <line num="128" count="0" type="stmt"/>
        <line num="130" count="0" type="stmt"/>
        <line num="132" count="0" type="stmt"/>
        <line num="137" count="0" type="stmt"/>
        <line num="138" count="0" type="stmt"/>
        <line num="139" count="0" type="stmt"/>
        <line num="140" count="0" type="stmt"/>
        <line num="142" count="0" type="cond" truecount="0" falsecount="5"/>
        <line num="143" count="0" type="stmt"/>
        <line num="146" count="0" type="stmt"/>
        <line num="152" count="0" type="stmt"/>
        <line num="162" count="0" type="stmt"/>
        <line num="163" count="0" type="stmt"/>
        <line num="164" count="0" type="stmt"/>
        <line num="165" count="0" type="stmt"/>
        <line num="170" count="0" type="stmt"/>
        <line num="171" count="0" type="stmt"/>
        <line num="173" count="0" type="stmt"/>
        <line num="179" count="0" type="stmt"/>
        <line num="182" count="0" type="stmt"/>
        <line num="183" count="0" type="stmt"/>
        <line num="184" count="0" type="stmt"/>
        <line num="186" count="0" type="cond" truecount="0" falsecount="2"/>
        <line num="187" count="0" type="stmt"/>
        <line num="190" count="0" type="stmt"/>
        <line num="191" count="0" type="stmt"/>
        <line num="193" count="0" type="cond" truecount="0" falsecount="5"/>
        <line num="194" count="0" type="stmt"/>
        <line num="200" count="4" type="stmt"/>
        <line num="201" count="4" type="stmt"/>
        <line num="202" count="4" type="stmt"/>
        <line num="203" count="4" type="stmt"/>
        <line num="204" count="4" type="stmt"/>
        <line num="205" count="4" type="stmt"/>
        <line num="206" count="4" type="stmt"/>
        <line num="207" count="4" type="stmt"/>
        <line num="208" count="4" type="stmt"/>
      </file>
    </package>
    <package name="src.containers.Language">
      <metrics statements="8" coveredstatements="6" conditionals="2" coveredconditionals="1" methods="2" coveredmethods="2"/>
      <file name="constants.js" path="D:\Kerjaan\Oktober 2023\Final Project\codepresso\client\src\containers\Language\constants.js">
        <metrics statements="2" coveredstatements="2" conditionals="0" coveredconditionals="0" methods="0" coveredmethods="0"/>
        <line num="1" count="4" type="stmt"/>
        <line num="2" count="4" type="stmt"/>
      </file>
      <file name="reducer.js" path="D:\Kerjaan\Oktober 2023\Final Project\codepresso\client\src\containers\Language\reducer.js">
        <metrics statements="6" coveredstatements="4" conditionals="2" coveredconditionals="1" methods="2" coveredmethods="2"/>
        <line num="8" count="4" type="stmt"/>
        <line num="15" count="4" type="cond" truecount="1" falsecount="0"/>
        <line num="16" count="32" type="stmt"/>
        <line num="17" count="32" type="cond" truecount="0" falsecount="1"/>
        <line num="19" count="0" type="stmt"/>
        <line num="20" count="0" type="stmt"/>
      </file>
    </package>
    <package name="src.domain">
      <metrics statements="47" coveredstatements="36" conditionals="3" coveredconditionals="0" methods="35" coveredmethods="0"/>
      <file name="api.js" path="D:\Kerjaan\Oktober 2023\Final Project\codepresso\client\src\domain\api.js">
        <metrics statements="47" coveredstatements="36" conditionals="3" coveredconditionals="0" methods="35" coveredmethods="0"/>
        <line num="7" count="4" type="stmt"/>
        <line num="19" count="4" type="cond" truecount="0" falsecount="3"/>
        <line num="20" count="0" type="stmt"/>
        <line num="24" count="0" type="stmt"/>
        <line num="25" count="0" type="stmt"/>
        <line num="33" count="0" type="stmt"/>
        <line num="34" count="0" type="stmt"/>
        <line num="35" count="0" type="stmt"/>
        <line num="37" count="0" type="stmt"/>
        <line num="42" count="4" type="stmt"/>
        <line num="43" count="4" type="stmt"/>
        <line num="44" count="4" type="stmt"/>
        <line num="45" count="4" type="stmt"/>
        <line num="46" count="4" type="stmt"/>
        <line num="47" count="0" type="stmt"/>
        <line num="48" count="4" type="stmt"/>
        <line num="51" count="4" type="stmt"/>
        <line num="52" count="4" type="stmt"/>
        <line num="53" count="4" type="stmt"/>
        <line num="54" count="0" type="stmt"/>
        <line num="55" count="4" type="stmt"/>
        <line num="56" count="4" type="stmt"/>
        <line num="57" count="0" type="stmt"/>
        <line num="58" count="4" type="stmt"/>
        <line num="59" count="4" type="stmt"/>
        <line num="62" count="4" type="stmt"/>
        <line num="63" count="4" type="stmt"/>
        <line num="64" count="4" type="stmt"/>
        <line num="67" count="4" type="stmt"/>
        <line num="68" count="4" type="stmt"/>
        <line num="69" count="4" type="stmt"/>
        <line num="70" count="4" type="stmt"/>
        <line num="73" count="4" type="stmt"/>
        <line num="74" count="4" type="stmt"/>
        <line num="75" count="4" type="stmt"/>
        <line num="76" count="4" type="stmt"/>
        <line num="79" count="4" type="stmt"/>
        <line num="80" count="4" type="stmt"/>
        <line num="83" count="4" type="stmt"/>
        <line num="84" count="4" type="stmt"/>
        <line num="87" count="4" type="stmt"/>
        <line num="88" count="4" type="stmt"/>
        <line num="89" count="4" type="stmt"/>
        <line num="90" count="4" type="stmt"/>
        <line num="91" count="0" type="stmt"/>
        <line num="92" count="4" type="stmt"/>
        <line num="93" count="4" type="stmt"/>
      </file>
    </package>
    <package name="src.languages">
      <metrics statements="0" coveredstatements="0" conditionals="0" coveredconditionals="0" methods="0" coveredmethods="0"/>
      <file name="en.js" path="D:\Kerjaan\Oktober 2023\Final Project\codepresso\client\src\languages\en.js">
        <metrics statements="0" coveredstatements="0" conditionals="0" coveredconditionals="0" methods="0" coveredmethods="0"/>
      </file>
      <file name="id.js" path="D:\Kerjaan\Oktober 2023\Final Project\codepresso\client\src\languages\id.js">
        <metrics statements="0" coveredstatements="0" conditionals="0" coveredconditionals="0" methods="0" coveredmethods="0"/>
      </file>
    </package>
    <package name="src.pages.ActiveOrder">
      <metrics statements="30" coveredstatements="12" conditionals="12" coveredconditionals="1" methods="8" coveredmethods="3"/>
      <file name="actions.js" path="D:\Kerjaan\Oktober 2023\Final Project\codepresso\client\src\pages\ActiveOrder\actions.js">
        <metrics statements="3" coveredstatements="3" conditionals="0" coveredconditionals="0" methods="3" coveredmethods="0"/>
        <line num="3" count="4" type="stmt"/>
        <line num="6" count="4" type="stmt"/>
        <line num="11" count="4" type="stmt"/>
      </file>
      <file name="constants.js" path="D:\Kerjaan\Oktober 2023\Final Project\codepresso\client\src\pages\ActiveOrder\constants.js">
        <metrics statements="3" coveredstatements="3" conditionals="0" coveredconditionals="0" methods="0" coveredmethods="0"/>
        <line num="1" count="4" type="stmt"/>
        <line num="2" count="4" type="stmt"/>
        <line num="3" count="4" type="stmt"/>
      </file>
      <file name="reducer.js" path="D:\Kerjaan\Oktober 2023\Final Project\codepresso\client\src\pages\ActiveOrder\reducer.js">
        <metrics statements="6" coveredstatements="4" conditionals="2" coveredconditionals="1" methods="2" coveredmethods="2"/>
        <line num="4" count="4" type="stmt"/>
        <line num="8" count="4" type="cond" truecount="1" falsecount="0"/>
        <line num="9" count="32" type="stmt"/>
        <line num="10" count="32" type="cond" truecount="0" falsecount="1"/>
        <line num="12" count="0" type="stmt"/>
        <line num="13" count="0" type="stmt"/>
      </file>
      <file name="saga.js" path="D:\Kerjaan\Oktober 2023\Final Project\codepresso\client\src\pages\ActiveOrder\saga.js">
        <metrics statements="18" coveredstatements="2" conditionals="10" coveredconditionals="0" methods="3" coveredmethods="1"/>
        <line num="10" count="0" type="stmt"/>
        <line num="11" count="0" type="stmt"/>
        <line num="12" count="0" type="stmt"/>
        <line num="13" count="0" type="stmt"/>
        <line num="15" count="0" type="cond" truecount="0" falsecount="5"/>
        <line num="16" count="0" type="stmt"/>
        <line num="18" count="0" type="stmt"/>
        <line num="21" count="0" type="stmt"/>
        <line num="26" count="0" type="stmt"/>
        <line num="27" count="0" type="stmt"/>
        <line num="28" count="0" type="stmt"/>
        <line num="29" count="0" type="stmt"/>
        <line num="31" count="0" type="cond" truecount="0" falsecount="5"/>
        <line num="32" count="0" type="stmt"/>
        <line num="34" count="0" type="stmt"/>
        <line num="37" count="0" type="stmt"/>
        <line num="42" count="4" type="stmt"/>
        <line num="43" count="4" type="stmt"/>
      </file>
    </package>
    <package name="src.pages.CreateDriver">
      <metrics statements="19" coveredstatements="9" conditionals="7" coveredconditionals="1" methods="6" coveredmethods="3"/>
      <file name="actions.js" path="D:\Kerjaan\Oktober 2023\Final Project\codepresso\client\src\pages\CreateDriver\actions.js">
        <metrics statements="2" coveredstatements="2" conditionals="0" coveredconditionals="0" methods="2" coveredmethods="0"/>
        <line num="3" count="4" type="stmt"/>
        <line num="8" count="4" type="stmt"/>
      </file>
      <file name="constants.js" path="D:\Kerjaan\Oktober 2023\Final Project\codepresso\client\src\pages\CreateDriver\constants.js">
        <metrics statements="2" coveredstatements="2" conditionals="0" coveredconditionals="0" methods="0" coveredmethods="0"/>
        <line num="1" count="4" type="stmt"/>
        <line num="2" count="4" type="stmt"/>
      </file>
      <file name="reducer.js" path="D:\Kerjaan\Oktober 2023\Final Project\codepresso\client\src\pages\CreateDriver\reducer.js">
        <metrics statements="6" coveredstatements="4" conditionals="2" coveredconditionals="1" methods="2" coveredmethods="2"/>
        <line num="5" count="4" type="stmt"/>
        <line num="9" count="4" type="cond" truecount="1" falsecount="0"/>
        <line num="10" count="32" type="stmt"/>
        <line num="11" count="32" type="cond" truecount="0" falsecount="1"/>
        <line num="13" count="0" type="stmt"/>
        <line num="14" count="0" type="stmt"/>
      </file>
      <file name="saga.js" path="D:\Kerjaan\Oktober 2023\Final Project\codepresso\client\src\pages\CreateDriver\saga.js">
        <metrics statements="9" coveredstatements="1" conditionals="5" coveredconditionals="0" methods="2" coveredmethods="1"/>
        <line num="9" count="0" type="stmt"/>
        <line num="10" count="0" type="stmt"/>
        <line num="11" count="0" type="stmt"/>
        <line num="12" count="0" type="stmt"/>
        <line num="14" count="0" type="cond" truecount="0" falsecount="5"/>
        <line num="15" count="0" type="stmt"/>
        <line num="17" count="0" type="stmt"/>
        <line num="20" count="0" type="stmt"/>
        <line num="25" count="4" type="stmt"/>
      </file>
    </package>
    <package name="src.pages.CreateMenu">
      <metrics statements="20" coveredstatements="9" conditionals="7" coveredconditionals="1" methods="6" coveredmethods="3"/>
      <file name="actions.js" path="D:\Kerjaan\Oktober 2023\Final Project\codepresso\client\src\pages\CreateMenu\actions.js">
        <metrics statements="2" coveredstatements="2" conditionals="0" coveredconditionals="0" methods="2" coveredmethods="0"/>
        <line num="3" count="4" type="stmt"/>
        <line num="8" count="4" type="stmt"/>
      </file>
      <file name="constants.js" path="D:\Kerjaan\Oktober 2023\Final Project\codepresso\client\src\pages\CreateMenu\constants.js">
        <metrics statements="2" coveredstatements="2" conditionals="0" coveredconditionals="0" methods="0" coveredmethods="0"/>
        <line num="1" count="4" type="stmt"/>
        <line num="2" count="4" type="stmt"/>
      </file>
      <file name="reducer.js" path="D:\Kerjaan\Oktober 2023\Final Project\codepresso\client\src\pages\CreateMenu\reducer.js">
        <metrics statements="6" coveredstatements="4" conditionals="2" coveredconditionals="1" methods="2" coveredmethods="2"/>
        <line num="4" count="4" type="stmt"/>
        <line num="8" count="4" type="cond" truecount="1" falsecount="0"/>
        <line num="9" count="32" type="stmt"/>
        <line num="10" count="32" type="cond" truecount="0" falsecount="1"/>
        <line num="12" count="0" type="stmt"/>
        <line num="13" count="0" type="stmt"/>
      </file>
      <file name="saga.js" path="D:\Kerjaan\Oktober 2023\Final Project\codepresso\client\src\pages\CreateMenu\saga.js">
        <metrics statements="10" coveredstatements="1" conditionals="5" coveredconditionals="0" methods="2" coveredmethods="1"/>
        <line num="10" count="0" type="stmt"/>
        <line num="11" count="0" type="stmt"/>
        <line num="12" count="0" type="stmt"/>
        <line num="13" count="0" type="stmt"/>
        <line num="14" count="0" type="stmt"/>
        <line num="16" count="0" type="cond" truecount="0" falsecount="5"/>
        <line num="17" count="0" type="stmt"/>
        <line num="19" count="0" type="stmt"/>
        <line num="22" count="0" type="stmt"/>
        <line num="27" count="4" type="stmt"/>
      </file>
    </package>
    <package name="src.pages.DetailOrder">
      <metrics statements="36" coveredstatements="15" conditionals="13" coveredconditionals="1" methods="9" coveredmethods="3"/>
      <file name="actions.js" path="D:\Kerjaan\Oktober 2023\Final Project\codepresso\client\src\pages\DetailOrder\actions.js">
        <metrics statements="4" coveredstatements="4" conditionals="0" coveredconditionals="0" methods="4" coveredmethods="0"/>
        <line num="3" count="4" type="stmt"/>
        <line num="8" count="4" type="stmt"/>
        <line num="12" count="4" type="stmt"/>
        <line num="17" count="4" type="stmt"/>
      </file>
      <file name="constants.js" path="D:\Kerjaan\Oktober 2023\Final Project\codepresso\client\src\pages\DetailOrder\constants.js">
        <metrics statements="4" coveredstatements="4" conditionals="0" coveredconditionals="0" methods="0" coveredmethods="0"/>
        <line num="1" count="4" type="stmt"/>
        <line num="2" count="4" type="stmt"/>
        <line num="3" count="4" type="stmt"/>
        <line num="4" count="4" type="stmt"/>
      </file>
      <file name="reducer.js" path="D:\Kerjaan\Oktober 2023\Final Project\codepresso\client\src\pages\DetailOrder\reducer.js">
        <metrics statements="9" coveredstatements="5" conditionals="3" coveredconditionals="1" methods="2" coveredmethods="2"/>
        <line num="5" count="4" type="stmt"/>
        <line num="10" count="4" type="stmt"/>
        <line num="12" count="4" type="cond" truecount="1" falsecount="0"/>
        <line num="13" count="32" type="stmt"/>
        <line num="14" count="32" type="cond" truecount="0" falsecount="2"/>
        <line num="16" count="0" type="stmt"/>
        <line num="17" count="0" type="stmt"/>
        <line num="19" count="0" type="stmt"/>
        <line num="20" count="0" type="stmt"/>
      </file>
      <file name="saga.js" path="D:\Kerjaan\Oktober 2023\Final Project\codepresso\client\src\pages\DetailOrder\saga.js">
        <metrics statements="19" coveredstatements="2" conditionals="10" coveredconditionals="0" methods="3" coveredmethods="1"/>
        <line num="10" count="0" type="stmt"/>
        <line num="11" count="0" type="stmt"/>
        <line num="12" count="0" type="stmt"/>
        <line num="13" count="0" type="stmt"/>
        <line num="15" count="0" type="cond" truecount="0" falsecount="5"/>
        <line num="16" count="0" type="stmt"/>
        <line num="18" count="0" type="stmt"/>
        <line num="21" count="0" type="stmt"/>
        <line num="26" count="0" type="stmt"/>
        <line num="27" count="0" type="stmt"/>
        <line num="28" count="0" type="stmt"/>
        <line num="29" count="0" type="stmt"/>
        <line num="30" count="0" type="stmt"/>
        <line num="32" count="0" type="cond" truecount="0" falsecount="5"/>
        <line num="33" count="0" type="stmt"/>
        <line num="35" count="0" type="stmt"/>
        <line num="38" count="0" type="stmt"/>
        <line num="43" count="4" type="stmt"/>
        <line num="44" count="4" type="stmt"/>
      </file>
    </package>
    <package name="src.pages.EditMenu">
      <metrics statements="20" coveredstatements="9" conditionals="7" coveredconditionals="1" methods="6" coveredmethods="3"/>
      <file name="actions.js" path="D:\Kerjaan\Oktober 2023\Final Project\codepresso\client\src\pages\EditMenu\actions.js">
        <metrics statements="2" coveredstatements="2" conditionals="0" coveredconditionals="0" methods="2" coveredmethods="0"/>
        <line num="3" count="4" type="stmt"/>
        <line num="8" count="4" type="stmt"/>
      </file>
      <file name="constants.js" path="D:\Kerjaan\Oktober 2023\Final Project\codepresso\client\src\pages\EditMenu\constants.js">
        <metrics statements="2" coveredstatements="2" conditionals="0" coveredconditionals="0" methods="0" coveredmethods="0"/>
        <line num="1" count="4" type="stmt"/>
        <line num="2" count="4" type="stmt"/>
      </file>
      <file name="reducer.js" path="D:\Kerjaan\Oktober 2023\Final Project\codepresso\client\src\pages\EditMenu\reducer.js">
        <metrics statements="6" coveredstatements="4" conditionals="2" coveredconditionals="1" methods="2" coveredmethods="2"/>
        <line num="4" count="4" type="stmt"/>
        <line num="8" count="4" type="cond" truecount="1" falsecount="0"/>
        <line num="9" count="32" type="stmt"/>
        <line num="10" count="32" type="cond" truecount="0" falsecount="1"/>
        <line num="12" count="0" type="stmt"/>
        <line num="13" count="0" type="stmt"/>
      </file>
      <file name="saga.js" path="D:\Kerjaan\Oktober 2023\Final Project\codepresso\client\src\pages\EditMenu\saga.js">
        <metrics statements="10" coveredstatements="1" conditionals="5" coveredconditionals="0" methods="2" coveredmethods="1"/>
        <line num="10" count="0" type="stmt"/>
        <line num="11" count="0" type="stmt"/>
        <line num="12" count="0" type="stmt"/>
        <line num="13" count="0" type="stmt"/>
        <line num="14" count="0" type="stmt"/>
        <line num="16" count="0" type="cond" truecount="0" falsecount="5"/>
        <line num="17" count="0" type="stmt"/>
        <line num="19" count="0" type="stmt"/>
        <line num="22" count="0" type="stmt"/>
        <line num="27" count="4" type="stmt"/>
      </file>
    </package>
    <package name="src.pages.ForgotPassword">
      <metrics statements="22" coveredstatements="9" conditionals="2" coveredconditionals="1" methods="8" coveredmethods="3"/>
      <file name="actions.js" path="D:\Kerjaan\Oktober 2023\Final Project\codepresso\client\src\pages\ForgotPassword\actions.js">
        <metrics statements="2" coveredstatements="2" conditionals="0" coveredconditionals="0" methods="2" coveredmethods="0"/>
        <line num="3" count="4" type="stmt"/>
        <line num="8" count="4" type="stmt"/>
      </file>
      <file name="constants.js" path="D:\Kerjaan\Oktober 2023\Final Project\codepresso\client\src\pages\ForgotPassword\constants.js">
        <metrics statements="2" coveredstatements="2" conditionals="0" coveredconditionals="0" methods="0" coveredmethods="0"/>
        <line num="1" count="4" type="stmt"/>
        <line num="2" count="4" type="stmt"/>
      </file>
      <file name="reducer.js" path="D:\Kerjaan\Oktober 2023\Final Project\codepresso\client\src\pages\ForgotPassword\reducer.js">
        <metrics statements="6" coveredstatements="4" conditionals="2" coveredconditionals="1" methods="2" coveredmethods="2"/>
        <line num="5" count="4" type="stmt"/>
        <line num="9" count="4" type="cond" truecount="1" falsecount="0"/>
        <line num="10" count="32" type="stmt"/>
        <line num="11" count="32" type="cond" truecount="0" falsecount="1"/>
        <line num="13" count="0" type="stmt"/>
        <line num="14" count="0" type="stmt"/>
      </file>
      <file name="saga.js" path="D:\Kerjaan\Oktober 2023\Final Project\codepresso\client\src\pages\ForgotPassword\saga.js">
        <metrics statements="12" coveredstatements="1" conditionals="0" coveredconditionals="0" methods="4" coveredmethods="1"/>
        <line num="9" count="0" type="stmt"/>
        <line num="10" count="0" type="stmt"/>
        <line num="15" count="0" type="stmt"/>
        <line num="16" count="0" type="stmt"/>
        <line num="17" count="0" type="stmt"/>
        <line num="21" count="0" type="stmt"/>
        <line num="22" count="0" type="stmt"/>
        <line num="23" count="0" type="stmt"/>
        <line num="24" count="0" type="stmt"/>
        <line num="26" count="0" type="stmt"/>
        <line num="28" count="0" type="stmt"/>
        <line num="33" count="4" type="stmt"/>
      </file>
    </package>
    <package name="src.pages.Login">
      <metrics statements="18" coveredstatements="9" conditionals="2" coveredconditionals="1" methods="6" coveredmethods="3"/>
      <file name="actions.js" path="D:\Kerjaan\Oktober 2023\Final Project\codepresso\client\src\pages\Login\actions.js">
        <metrics statements="2" coveredstatements="2" conditionals="0" coveredconditionals="0" methods="2" coveredmethods="0"/>
        <line num="3" count="4" type="stmt"/>
        <line num="8" count="4" type="stmt"/>
      </file>
      <file name="constants.js" path="D:\Kerjaan\Oktober 2023\Final Project\codepresso\client\src\pages\Login\constants.js">
        <metrics statements="2" coveredstatements="2" conditionals="0" coveredconditionals="0" methods="0" coveredmethods="0"/>
        <line num="1" count="4" type="stmt"/>
        <line num="2" count="4" type="stmt"/>
      </file>
      <file name="reducer.js" path="D:\Kerjaan\Oktober 2023\Final Project\codepresso\client\src\pages\Login\reducer.js">
        <metrics statements="6" coveredstatements="4" conditionals="2" coveredconditionals="1" methods="2" coveredmethods="2"/>
        <line num="5" count="4" type="stmt"/>
        <line num="9" count="4" type="cond" truecount="1" falsecount="0"/>
        <line num="10" count="32" type="stmt"/>
        <line num="11" count="32" type="cond" truecount="0" falsecount="1"/>
        <line num="13" count="0" type="stmt"/>
        <line num="14" count="0" type="stmt"/>
      </file>
      <file name="saga.js" path="D:\Kerjaan\Oktober 2023\Final Project\codepresso\client\src\pages\Login\saga.js">
        <metrics statements="8" coveredstatements="1" conditionals="0" coveredconditionals="0" methods="2" coveredmethods="1"/>
        <line num="9" count="0" type="stmt"/>
        <line num="10" count="0" type="stmt"/>
        <line num="11" count="0" type="stmt"/>
        <line num="12" count="0" type="stmt"/>
        <line num="13" count="0" type="stmt"/>
        <line num="15" count="0" type="stmt"/>
        <line num="17" count="0" type="stmt"/>
        <line num="22" count="4" type="stmt"/>
      </file>
    </package>
    <package name="src.pages.ManageOrder">
      <metrics statements="46" coveredstatements="17" conditionals="18" coveredconditionals="1" methods="11" coveredmethods="3"/>
      <file name="actions.js" path="D:\Kerjaan\Oktober 2023\Final Project\codepresso\client\src\pages\ManageOrder\actions.js">
        <metrics statements="5" coveredstatements="5" conditionals="0" coveredconditionals="0" methods="5" coveredmethods="0"/>
        <line num="9" count="4" type="stmt"/>
        <line num="13" count="4" type="stmt"/>
        <line num="18" count="4" type="stmt"/>
        <line num="23" count="4" type="stmt"/>
        <line num="27" count="4" type="stmt"/>
      </file>
      <file name="constants.js" path="D:\Kerjaan\Oktober 2023\Final Project\codepresso\client\src\pages\ManageOrder\constants.js">
        <metrics statements="5" coveredstatements="5" conditionals="0" coveredconditionals="0" methods="0" coveredmethods="0"/>
        <line num="1" count="4" type="stmt"/>
        <line num="2" count="4" type="stmt"/>
        <line num="3" count="4" type="stmt"/>
        <line num="4" count="4" type="stmt"/>
        <line num="5" count="4" type="stmt"/>
      </file>
      <file name="reducer.js" path="D:\Kerjaan\Oktober 2023\Final Project\codepresso\client\src\pages\ManageOrder\reducer.js">
        <metrics statements="8" coveredstatements="4" conditionals="3" coveredconditionals="1" methods="2" coveredmethods="2"/>
        <line num="4" count="4" type="stmt"/>
        <line num="9" count="4" type="cond" truecount="1" falsecount="0"/>
        <line num="10" count="32" type="stmt"/>
        <line num="11" count="32" type="cond" truecount="0" falsecount="2"/>
        <line num="13" count="0" type="stmt"/>
        <line num="14" count="0" type="stmt"/>
        <line num="16" count="0" type="stmt"/>
        <line num="17" count="0" type="stmt"/>
      </file>
      <file name="saga.js" path="D:\Kerjaan\Oktober 2023\Final Project\codepresso\client\src\pages\ManageOrder\saga.js">
        <metrics statements="28" coveredstatements="3" conditionals="15" coveredconditionals="0" methods="4" coveredmethods="1"/>
        <line num="10" count="0" type="stmt"/>
        <line num="11" count="0" type="stmt"/>
        <line num="12" count="0" type="stmt"/>
        <line num="13" count="0" type="stmt"/>
        <line num="15" count="0" type="cond" truecount="0" falsecount="5"/>
        <line num="16" count="0" type="stmt"/>
        <line num="18" count="0" type="stmt"/>
        <line num="21" count="0" type="stmt"/>
        <line num="26" count="0" type="stmt"/>
        <line num="27" count="0" type="stmt"/>
        <line num="28" count="0" type="stmt"/>
        <line num="29" count="0" type="stmt"/>
        <line num="30" count="0" type="stmt"/>
        <line num="32" count="0" type="cond" truecount="0" falsecount="5"/>
        <line num="33" count="0" type="stmt"/>
        <line num="35" count="0" type="stmt"/>
        <line num="38" count="0" type="stmt"/>
        <line num="43" count="0" type="stmt"/>
        <line num="44" count="0" type="stmt"/>
        <line num="45" count="0" type="stmt"/>
        <line num="46" count="0" type="stmt"/>
        <line num="48" count="0" type="cond" truecount="0" falsecount="5"/>
        <line num="49" count="0" type="stmt"/>
        <line num="51" count="0" type="stmt"/>
        <line num="54" count="0" type="stmt"/>
        <line num="58" count="4" type="stmt"/>
        <line num="59" count="4" type="stmt"/>
        <line num="60" count="4" type="stmt"/>
      </file>
    </package>
    <package name="src.pages.OrderHistory">
      <metrics statements="19" coveredstatements="9" conditionals="7" coveredconditionals="1" methods="6" coveredmethods="3"/>
      <file name="actions.js" path="D:\Kerjaan\Oktober 2023\Final Project\codepresso\client\src\pages\OrderHistory\actions.js">
        <metrics statements="2" coveredstatements="2" conditionals="0" coveredconditionals="0" methods="2" coveredmethods="0"/>
        <line num="3" count="4" type="stmt"/>
        <line num="7" count="4" type="stmt"/>
      </file>
      <file name="constants.js" path="D:\Kerjaan\Oktober 2023\Final Project\codepresso\client\src\pages\OrderHistory\constants.js">
        <metrics statements="2" coveredstatements="2" conditionals="0" coveredconditionals="0" methods="0" coveredmethods="0"/>
        <line num="1" count="4" type="stmt"/>
        <line num="2" count="4" type="stmt"/>
      </file>
      <file name="reducer.js" path="D:\Kerjaan\Oktober 2023\Final Project\codepresso\client\src\pages\OrderHistory\reducer.js">
        <metrics statements="6" coveredstatements="4" conditionals="2" coveredconditionals="1" methods="2" coveredmethods="2"/>
        <line num="4" count="4" type="stmt"/>
        <line num="8" count="4" type="cond" truecount="1" falsecount="0"/>
        <line num="9" count="32" type="stmt"/>
        <line num="10" count="32" type="cond" truecount="0" falsecount="1"/>
        <line num="12" count="0" type="stmt"/>
        <line num="13" count="0" type="stmt"/>
      </file>
      <file name="saga.js" path="D:\Kerjaan\Oktober 2023\Final Project\codepresso\client\src\pages\OrderHistory\saga.js">
        <metrics statements="9" coveredstatements="1" conditionals="5" coveredconditionals="0" methods="2" coveredmethods="1"/>
        <line num="10" count="0" type="stmt"/>
        <line num="11" count="0" type="stmt"/>
        <line num="12" count="0" type="stmt"/>
        <line num="13" count="0" type="stmt"/>
        <line num="15" count="0" type="cond" truecount="0" falsecount="5"/>
        <line num="16" count="0" type="stmt"/>
        <line num="18" count="0" type="stmt"/>
        <line num="21" count="0" type="stmt"/>
        <line num="26" count="4" type="stmt"/>
      </file>
    </package>
    <package name="src.pages.Products">
      <metrics statements="97" coveredstatements="37" conditionals="14" coveredconditionals="1" methods="24" coveredmethods="3"/>
      <file name="actions.js" path="D:\Kerjaan\Oktober 2023\Final Project\codepresso\client\src\pages\Products\actions.js">
        <metrics statements="12" coveredstatements="12" conditionals="0" coveredconditionals="0" methods="12" coveredmethods="0"/>
        <line num="16" count="4" type="stmt"/>
        <line num="20" count="4" type="stmt"/>
        <line num="25" count="4" type="stmt"/>
        <line num="30" count="4" type="stmt"/>
        <line num="34" count="4" type="stmt"/>
        <line num="39" count="4" type="stmt"/>
        <line num="44" count="4" type="stmt"/>
        <line num="49" count="4" type="stmt"/>
        <line num="54" count="4" type="stmt"/>
        <line num="59" count="4" type="stmt"/>
        <line num="64" count="4" type="stmt"/>
        <line num="69" count="4" type="stmt"/>
      </file>
      <file name="constants.js" path="D:\Kerjaan\Oktober 2023\Final Project\codepresso\client\src\pages\Products\constants.js">
        <metrics statements="12" coveredstatements="12" conditionals="0" coveredconditionals="0" methods="0" coveredmethods="0"/>
        <line num="1" count="4" type="stmt"/>
        <line num="2" count="4" type="stmt"/>
        <line num="3" count="4" type="stmt"/>
        <line num="4" count="4" type="stmt"/>
        <line num="5" count="4" type="stmt"/>
        <line num="6" count="4" type="stmt"/>
        <line num="7" count="4" type="stmt"/>
        <line num="8" count="4" type="stmt"/>
        <line num="9" count="4" type="stmt"/>
        <line num="10" count="4" type="stmt"/>
        <line num="11" count="4" type="stmt"/>
        <line num="12" count="4" type="stmt"/>
      </file>
      <file name="reducer.js" path="D:\Kerjaan\Oktober 2023\Final Project\codepresso\client\src\pages\Products\reducer.js">
        <metrics statements="10" coveredstatements="4" conditionals="4" coveredconditionals="1" methods="2" coveredmethods="2"/>
        <line num="4" count="4" type="stmt"/>
        <line num="10" count="4" type="cond" truecount="1" falsecount="0"/>
        <line num="11" count="32" type="stmt"/>
        <line num="12" count="32" type="cond" truecount="0" falsecount="3"/>
        <line num="14" count="0" type="stmt"/>
        <line num="15" count="0" type="stmt"/>
        <line num="17" count="0" type="stmt"/>
        <line num="18" count="0" type="stmt"/>
        <line num="20" count="0" type="stmt"/>
        <line num="21" count="0" type="stmt"/>
      </file>
      <file name="saga.js" path="D:\Kerjaan\Oktober 2023\Final Project\codepresso\client\src\pages\Products\saga.js">
        <metrics statements="63" coveredstatements="9" conditionals="10" coveredconditionals="0" methods="10" coveredmethods="1"/>
        <line num="29" count="0" type="stmt"/>
        <line num="30" count="0" type="stmt"/>
        <line num="31" count="0" type="stmt"/>
        <line num="32" count="0" type="stmt"/>
        <line num="34" count="0" type="stmt"/>
        <line num="36" count="0" type="stmt"/>
        <line num="41" count="0" type="stmt"/>
        <line num="42" count="0" type="stmt"/>
        <line num="43" count="0" type="stmt"/>
        <line num="44" count="0" type="stmt"/>
        <line num="46" count="0" type="stmt"/>
        <line num="48" count="0" type="stmt"/>
        <line num="53" count="0" type="stmt"/>
        <line num="54" count="0" type="stmt"/>
        <line num="55" count="0" type="stmt"/>
        <line num="56" count="0" type="stmt"/>
        <line num="58" count="0" type="stmt"/>
        <line num="60" count="0" type="stmt"/>
        <line num="65" count="0" type="stmt"/>
        <line num="66" count="0" type="stmt"/>
        <line num="67" count="0" type="stmt"/>
        <line num="68" count="0" type="stmt"/>
        <line num="70" count="0" type="stmt"/>
        <line num="72" count="0" type="stmt"/>
        <line num="77" count="0" type="stmt"/>
        <line num="78" count="0" type="stmt"/>
        <line num="79" count="0" type="stmt"/>
        <line num="80" count="0" type="stmt"/>
        <line num="82" count="0" type="cond" truecount="0" falsecount="2"/>
        <line num="84" count="0" type="stmt"/>
        <line num="89" count="0" type="stmt"/>
        <line num="90" count="0" type="stmt"/>
        <line num="91" count="0" type="stmt"/>
        <line num="92" count="0" type="stmt"/>
        <line num="94" count="0" type="cond" truecount="0" falsecount="2"/>
        <line num="96" count="0" type="stmt"/>
        <line num="101" count="0" type="stmt"/>
        <line num="102" count="0" type="stmt"/>
        <line num="103" count="0" type="stmt"/>
        <line num="104" count="0" type="stmt"/>
        <line num="106" count="0" type="cond" truecount="0" falsecount="2"/>
        <line num="108" count="0" type="stmt"/>
        <line num="113" count="0" type="stmt"/>
        <line num="114" count="0" type="stmt"/>
        <line num="115" count="0" type="stmt"/>
        <line num="116" count="0" type="stmt"/>
        <line num="118" count="0" type="cond" truecount="0" falsecount="2"/>
        <line num="120" count="0" type="stmt"/>
        <line num="125" count="0" type="stmt"/>
        <line num="126" count="0" type="stmt"/>
        <line num="127" count="0" type="stmt"/>
        <line num="128" count="0" type="stmt"/>
        <line num="130" count="0" type="cond" truecount="0" falsecount="2"/>
        <line num="132" count="0" type="stmt"/>
        <line num="137" count="4" type="stmt"/>
        <line num="138" count="4" type="stmt"/>
        <line num="139" count="4" type="stmt"/>
        <line num="140" count="4" type="stmt"/>
        <line num="141" count="4" type="stmt"/>
        <line num="142" count="4" type="stmt"/>
        <line num="143" count="4" type="stmt"/>
        <line num="144" count="4" type="stmt"/>
        <line num="145" count="4" type="stmt"/>
      </file>
    </package>
    <package name="src.pages.Register">
      <metrics statements="17" coveredstatements="9" conditionals="2" coveredconditionals="1" methods="6" coveredmethods="3"/>
      <file name="actions.js" path="D:\Kerjaan\Oktober 2023\Final Project\codepresso\client\src\pages\Register\actions.js">
        <metrics statements="2" coveredstatements="2" conditionals="0" coveredconditionals="0" methods="2" coveredmethods="0"/>
        <line num="3" count="4" type="stmt"/>
        <line num="8" count="4" type="stmt"/>
      </file>
      <file name="constants.js" path="D:\Kerjaan\Oktober 2023\Final Project\codepresso\client\src\pages\Register\constants.js">
        <metrics statements="2" coveredstatements="2" conditionals="0" coveredconditionals="0" methods="0" coveredmethods="0"/>
        <line num="1" count="4" type="stmt"/>
        <line num="2" count="4" type="stmt"/>
      </file>
      <file name="reducer.js" path="D:\Kerjaan\Oktober 2023\Final Project\codepresso\client\src\pages\Register\reducer.js">
        <metrics statements="6" coveredstatements="4" conditionals="2" coveredconditionals="1" methods="2" coveredmethods="2"/>
        <line num="5" count="4" type="stmt"/>
        <line num="9" count="4" type="cond" truecount="1" falsecount="0"/>
        <line num="10" count="32" type="stmt"/>
        <line num="11" count="32" type="cond" truecount="0" falsecount="1"/>
        <line num="13" count="0" type="stmt"/>
        <line num="14" count="0" type="stmt"/>
      </file>
      <file name="saga.js" path="D:\Kerjaan\Oktober 2023\Final Project\codepresso\client\src\pages\Register\saga.js">
        <metrics statements="7" coveredstatements="1" conditionals="0" coveredconditionals="0" methods="2" coveredmethods="1"/>
        <line num="8" count="0" type="stmt"/>
        <line num="9" count="0" type="stmt"/>
        <line num="10" count="0" type="stmt"/>
        <line num="11" count="0" type="stmt"/>
        <line num="13" count="0" type="stmt"/>
        <line num="15" count="0" type="stmt"/>
        <line num="20" count="4" type="stmt"/>
      </file>
    </package>
    <package name="src.pages.ResetPassword">
      <metrics statements="22" coveredstatements="9" conditionals="2" coveredconditionals="1" methods="8" coveredmethods="3"/>
      <file name="actions.js" path="D:\Kerjaan\Oktober 2023\Final Project\codepresso\client\src\pages\ResetPassword\actions.js">
        <metrics statements="2" coveredstatements="2" conditionals="0" coveredconditionals="0" methods="2" coveredmethods="0"/>
        <line num="3" count="4" type="stmt"/>
        <line num="8" count="4" type="stmt"/>
      </file>
      <file name="constants.js" path="D:\Kerjaan\Oktober 2023\Final Project\codepresso\client\src\pages\ResetPassword\constants.js">
        <metrics statements="2" coveredstatements="2" conditionals="0" coveredconditionals="0" methods="0" coveredmethods="0"/>
        <line num="1" count="4" type="stmt"/>
        <line num="2" count="4" type="stmt"/>
      </file>
      <file name="reducer.js" path="D:\Kerjaan\Oktober 2023\Final Project\codepresso\client\src\pages\ResetPassword\reducer.js">
        <metrics statements="6" coveredstatements="4" conditionals="2" coveredconditionals="1" methods="2" coveredmethods="2"/>
        <line num="5" count="4" type="stmt"/>
        <line num="9" count="4" type="cond" truecount="1" falsecount="0"/>
        <line num="10" count="32" type="stmt"/>
        <line num="11" count="32" type="cond" truecount="0" falsecount="1"/>
        <line num="13" count="0" type="stmt"/>
        <line num="14" count="0" type="stmt"/>
      </file>
      <file name="saga.js" path="D:\Kerjaan\Oktober 2023\Final Project\codepresso\client\src\pages\ResetPassword\saga.js">
        <metrics statements="12" coveredstatements="1" conditionals="0" coveredconditionals="0" methods="4" coveredmethods="1"/>
        <line num="12" count="0" type="stmt"/>
        <line num="13" count="0" type="stmt"/>
        <line num="18" count="0" type="stmt"/>
        <line num="19" count="0" type="stmt"/>
        <line num="20" count="0" type="stmt"/>
        <line num="23" count="0" type="stmt"/>
        <line num="24" count="0" type="stmt"/>
        <line num="25" count="0" type="stmt"/>
        <line num="26" count="0" type="stmt"/>
        <line num="28" count="0" type="stmt"/>
        <line num="30" count="0" type="stmt"/>
        <line num="35" count="4" type="stmt"/>
      </file>
    </package>
    <package name="src.utils">
      <metrics statements="18" coveredstatements="9" conditionals="2" coveredconditionals="0" methods="9" coveredmethods="2"/>
      <file name="request.js" path="D:\Kerjaan\Oktober 2023\Final Project\codepresso\client\src\utils\request.js">
        <metrics statements="10" coveredstatements="3" conditionals="2" coveredconditionals="0" methods="4" coveredmethods="0"/>
        <line num="5" count="4" type="stmt"/>
        <line num="6" count="0" type="stmt"/>
        <line num="7" count="0" type="stmt"/>
        <line num="8" count="0" type="cond" truecount="0" falsecount="2"/>
        <line num="9" count="0" type="stmt"/>
        <line num="11" count="0" type="stmt"/>
        <line num="14" count="4" type="stmt"/>
        <line num="15" count="0" type="stmt"/>
        <line num="16" count="0" type="stmt"/>
        <line num="19" count="4" type="stmt"/>
      </file>
      <file name="testHelper.js" path="D:\Kerjaan\Oktober 2023\Final Project\codepresso\client\src\utils\testHelper.js">
        <metrics statements="8" coveredstatements="6" conditionals="0" coveredconditionals="0" methods="5" coveredmethods="2"/>
        <line num="12" count="4" type="stmt"/>
        <line num="17" count="4" type="stmt"/>
        <line num="18" count="9" type="stmt"/>
        <line num="25" count="4" type="stmt"/>
        <line num="29" count="9" type="stmt"/>
        <line num="31" count="4" type="stmt"/>
        <line num="32" count="0" type="stmt"/>
        <line num="33" count="0" type="stmt"/>
      </file>
    </package>
  </project>
</coverage>
