{"D:\\Kerjaan\\Oktober 2023\\Final Project\\codepresso\\client\\config\\development.js": {"path":"D:\\Kerjaan\\Oktober 2023\\Final Project\\codepresso\\client\\config\\development.js","statementMap":{},"fnMap":{},"branchMap":{},"s":{},"f":{},"b":{},"_coverageSchema":"1a1c01bbd47fc00a2c39e90264f33305004495a9","hash":"9a2b0f25624b3977aadd79d71d05edb0950b9ea4"}
,"D:\\Kerjaan\\Oktober 2023\\Final Project\\codepresso\\client\\config\\index.js": {"path":"D:\\Kerjaan\\Oktober 2023\\Final Project\\codepresso\\client\\config\\index.js","statementMap":{"0":{"start":{"line":5,"column":16},"end":{"line":5,"column":53}},"1":{"start":{"line":7,"column":12},"end":{"line":7,"column":54}},"2":{"start":{"line":9,"column":15},"end":{"line":20,"column":1}}},"fnMap":{},"branchMap":{"0":{"loc":{"start":{"line":5,"column":16},"end":{"line":5,"column":53}},"type":"binary-expr","locations":[{"start":{"line":5,"column":16},"end":{"line":5,"column":36}},{"start":{"line":5,"column":40},"end":{"line":5,"column":53}}],"line":5}},"s":{"0":4,"1":4,"2":4},"f":{},"b":{"0":[4,0]},"_coverageSchema":"1a1c01bbd47fc00a2c39e90264f33305004495a9","hash":"ac8cff041f219953341456f154569829f7d2e010"}
,"D:\\Kerjaan\\Oktober 2023\\Final Project\\codepresso\\client\\config\\production.js": {"path":"D:\\Kerjaan\\Oktober 2023\\Final Project\\codepresso\\client\\config\\production.js","statementMap":{},"fnMap":{},"branchMap":{},"s":{},"f":{},"b":{},"_coverageSchema":"1a1c01bbd47fc00a2c39e90264f33305004495a9","hash":"178bfef765b57295803abe935f80469fc6de3395"}
,"D:\\Kerjaan\\Oktober 2023\\Final Project\\codepresso\\client\\config\\test.env.js": {"path":"D:\\Kerjaan\\Oktober 2023\\Final Project\\codepresso\\client\\config\\test.env.js","statementMap":{},"fnMap":{},"branchMap":{},"s":{},"f":{},"b":{},"_coverageSchema":"1a1c01bbd47fc00a2c39e90264f33305004495a9","hash":"ea2ae36c7578760b5caca6d6d3c3f5db7b3ef592"}
,"D:\\Kerjaan\\Oktober 2023\\Final Project\\codepresso\\client\\src\\configureStore.js": {"path":"D:\\Kerjaan\\Oktober 2023\\Final Project\\codepresso\\client\\src\\configureStore.js","statementMap":{"0":{"start":{"line":9,"column":18},"end":{"line":9,"column":20}},"1":{"start":{"line":12,"column":23},"end":{"line":34,"column":1}},"2":{"start":{"line":13,"column":25},"end":{"line":13,"column":32}},"3":{"start":{"line":14,"column":34},"end":{"line":16,"column":3}},"4":{"start":{"line":18,"column":2},"end":{"line":20,"column":3}},"5":{"start":{"line":19,"column":4},"end":{"line":19,"column":120}},"6":{"start":{"line":19,"column":53},"end":{"line":19,"column":120}},"7":{"start":{"line":22,"column":27},"end":{"line":22,"column":72}},"8":{"start":{"line":23,"column":25},"end":{"line":23,"column":70}},"9":{"start":{"line":24,"column":22},"end":{"line":24,"column":38}},"10":{"start":{"line":25,"column":20},"end":{"line":25,"column":53}},"11":{"start":{"line":27,"column":16},"end":{"line":27,"column":91}},"12":{"start":{"line":29,"column":2},"end":{"line":29,"column":37}},"13":{"start":{"line":32,"column":2},"end":{"line":32,"column":26}},"14":{"start":{"line":33,"column":2},"end":{"line":33,"column":15}},"15":{"start":{"line":36,"column":14},"end":{"line":36,"column":39}},"16":{"start":{"line":39,"column":25},"end":{"line":39,"column":44}}},"fnMap":{"0":{"name":"(anonymous_0)","decl":{"start":{"line":12,"column":23},"end":{"line":12,"column":24}},"loc":{"start":{"line":12,"column":46},"end":{"line":34,"column":1}},"line":12}},"branchMap":{"0":{"loc":{"start":{"line":12,"column":24},"end":{"line":12,"column":41}},"type":"default-arg","locations":[{"start":{"line":12,"column":39},"end":{"line":12,"column":41}}],"line":12},"1":{"loc":{"start":{"line":18,"column":2},"end":{"line":20,"column":3}},"type":"if","locations":[{"start":{"line":18,"column":2},"end":{"line":20,"column":3}},{"start":{},"end":{}}],"line":18},"2":{"loc":{"start":{"line":18,"column":6},"end":{"line":18,"column":73}},"type":"binary-expr","locations":[{"start":{"line":18,"column":6},"end":{"line":18,"column":43}},{"start":{"line":18,"column":47},"end":{"line":18,"column":73}}],"line":18},"3":{"loc":{"start":{"line":19,"column":4},"end":{"line":19,"column":120}},"type":"if","locations":[{"start":{"line":19,"column":4},"end":{"line":19,"column":120}},{"start":{},"end":{}}],"line":19}},"s":{"0":4,"1":4,"2":4,"3":4,"4":4,"5":4,"6":0,"7":4,"8":4,"9":4,"10":4,"11":4,"12":4,"13":4,"14":4,"15":4,"16":4},"f":{"0":4},"b":{"0":[0],"1":[4,0],"2":[4,4],"3":[0,4]},"_coverageSchema":"1a1c01bbd47fc00a2c39e90264f33305004495a9","hash":"e70052dd2a8803da8ecc68a42894c95427026bd6"}
,"D:\\Kerjaan\\Oktober 2023\\Final Project\\codepresso\\client\\src\\persistence.js": {"path":"D:\\Kerjaan\\Oktober 2023\\Final Project\\codepresso\\client\\src\\persistence.js","statementMap":{"0":{"start":{"line":4,"column":28},"end":{"line":8,"column":1}},"1":{"start":{"line":10,"column":32},"end":{"line":22,"column":56}},"2":{"start":{"line":11,"column":2},"end":{"line":22,"column":56}},"3":{"start":{"line":12,"column":30},"end":{"line":21,"column":5}},"4":{"start":{"line":22,"column":27},"end":{"line":22,"column":51}}},"fnMap":{"0":{"name":"(anonymous_0)","decl":{"start":{"line":10,"column":32},"end":{"line":10,"column":33}},"loc":{"start":{"line":11,"column":2},"end":{"line":22,"column":56}},"line":11},"1":{"name":"(anonymous_1)","decl":{"start":{"line":12,"column":9},"end":{"line":12,"column":10}},"loc":{"start":{"line":12,"column":30},"end":{"line":21,"column":5}},"line":12},"2":{"name":"(anonymous_2)","decl":{"start":{"line":22,"column":12},"end":{"line":22,"column":13}},"loc":{"start":{"line":22,"column":27},"end":{"line":22,"column":51}},"line":22}},"branchMap":{},"s":{"0":4,"1":4,"2":4,"3":12,"4":12},"f":{"0":4,"1":12,"2":12},"b":{},"_coverageSchema":"1a1c01bbd47fc00a2c39e90264f33305004495a9","hash":"cfefd501750397dd853d9281c1039c172eeb353c"}
,"D:\\Kerjaan\\Oktober 2023\\Final Project\\codepresso\\client\\src\\reducers.js": {"path":"D:\\Kerjaan\\Oktober 2023\\Final Project\\codepresso\\client\\src\\reducers.js","statementMap":{"0":{"start":{"line":23,"column":23},"end":{"line":27,"column":1}},"1":{"start":{"line":29,"column":26},"end":{"line":42,"column":1}},"2":{"start":{"line":44,"column":22},"end":{"line":51,"column":1}},"3":{"start":{"line":45,"column":22},"end":{"line":48,"column":4}},"4":{"start":{"line":49,"column":22},"end":{"line":49,"column":67}},"5":{"start":{"line":49,"column":41},"end":{"line":49,"column":67}},"6":{"start":{"line":50,"column":2},"end":{"line":50,"column":21}}},"fnMap":{"0":{"name":"(anonymous_0)","decl":{"start":{"line":44,"column":22},"end":{"line":44,"column":23}},"loc":{"start":{"line":44,"column":28},"end":{"line":51,"column":1}},"line":44},"1":{"name":"(anonymous_1)","decl":{"start":{"line":49,"column":22},"end":{"line":49,"column":23}},"loc":{"start":{"line":49,"column":41},"end":{"line":49,"column":67}},"line":49}},"branchMap":{},"s":{"0":4,"1":4,"2":4,"3":4,"4":4,"5":24,"6":4},"f":{"0":4,"1":24},"b":{},"_coverageSchema":"1a1c01bbd47fc00a2c39e90264f33305004495a9","hash":"74119331748ab1c5d7453dc3aa318d8b6846f230"}
,"D:\\Kerjaan\\Oktober 2023\\Final Project\\codepresso\\client\\src\\rootSaga.js": {"path":"D:\\Kerjaan\\Oktober 2023\\Final Project\\codepresso\\client\\src\\rootSaga.js","statementMap":{"0":{"start":{"line":17,"column":2},"end":{"line":31,"column":5}}},"fnMap":{"0":{"name":"rootSaga","decl":{"start":{"line":16,"column":25},"end":{"line":16,"column":33}},"loc":{"start":{"line":16,"column":36},"end":{"line":32,"column":1}},"line":16}},"branchMap":{},"s":{"0":4},"f":{"0":4},"b":{},"_coverageSchema":"1a1c01bbd47fc00a2c39e90264f33305004495a9","hash":"9ce2bd7c52bfbc8b4b027b48275085c1eb6ff674"}
,"D:\\Kerjaan\\Oktober 2023\\Final Project\\codepresso\\client\\src\\components\\Footer\\index.jsx": {"path":"D:\\Kerjaan\\Oktober 2023\\Final Project\\codepresso\\client\\src\\components\\Footer\\index.jsx","statementMap":{"0":{"start":{"line":9,"column":15},"end":{"line":39,"column":1}},"1":{"start":{"line":10,"column":2},"end":{"line":38,"column":8}}},"fnMap":{"0":{"name":"(anonymous_0)","decl":{"start":{"line":9,"column":15},"end":{"line":9,"column":16}},"loc":{"start":{"line":10,"column":2},"end":{"line":38,"column":8}},"line":10}},"branchMap":{},"s":{"0":1,"1":2},"f":{"0":2},"b":{},"_coverageSchema":"1a1c01bbd47fc00a2c39e90264f33305004495a9","hash":"4035e729113f6065c8cd150f80a662f4c2fa0503"}
,"D:\\Kerjaan\\Oktober 2023\\Final Project\\codepresso\\client\\src\\components\\Loader\\index.jsx": {"path":"D:\\Kerjaan\\Oktober 2023\\Final Project\\codepresso\\client\\src\\components\\Loader\\index.jsx","statementMap":{"0":{"start":{"line":6,"column":15},"end":{"line":16,"column":1}},"1":{"start":{"line":7,"column":2},"end":{"line":15,"column":8}},"2":{"start":{"line":18,"column":0},"end":{"line":20,"column":2}}},"fnMap":{"0":{"name":"(anonymous_0)","decl":{"start":{"line":6,"column":15},"end":{"line":6,"column":16}},"loc":{"start":{"line":7,"column":2},"end":{"line":15,"column":8}},"line":7}},"branchMap":{"0":{"loc":{"start":{"line":11,"column":28},"end":{"line":11,"column":46}},"type":"binary-expr","locations":[{"start":{"line":11,"column":28},"end":{"line":11,"column":37}},{"start":{"line":11,"column":41},"end":{"line":11,"column":46}}],"line":11}},"s":{"0":1,"1":3,"2":1},"f":{"0":3},"b":{"0":[3,1]},"_coverageSchema":"1a1c01bbd47fc00a2c39e90264f33305004495a9","hash":"93cb1a2f3cdb55741e02544d73c9ab98ce39682f"}
,"D:\\Kerjaan\\Oktober 2023\\Final Project\\codepresso\\client\\src\\components\\PopupListOrder\\index.jsx": {"path":"D:\\Kerjaan\\Oktober 2023\\Final Project\\codepresso\\client\\src\\components\\PopupListOrder\\index.jsx","statementMap":{"0":{"start":{"line":8,"column":23},"end":{"line":47,"column":1}},"1":{"start":{"line":9,"column":2},"end":{"line":46,"column":4}},"2":{"start":{"line":26,"column":12},"end":{"line":41,"column":18}},"3":{"start":{"line":49,"column":0},"end":{"line":53,"column":2}}},"fnMap":{"0":{"name":"(anonymous_0)","decl":{"start":{"line":8,"column":23},"end":{"line":8,"column":24}},"loc":{"start":{"line":8,"column":57},"end":{"line":47,"column":1}},"line":8},"1":{"name":"(anonymous_1)","decl":{"start":{"line":25,"column":22},"end":{"line":25,"column":23}},"loc":{"start":{"line":26,"column":12},"end":{"line":41,"column":18}},"line":26}},"branchMap":{"0":{"loc":{"start":{"line":35,"column":19},"end":{"line":35,"column":87}},"type":"binary-expr","locations":[{"start":{"line":35,"column":19},"end":{"line":35,"column":29}},{"start":{"line":35,"column":33},"end":{"line":35,"column":87}}],"line":35},"1":{"loc":{"start":{"line":36,"column":19},"end":{"line":36,"column":87}},"type":"binary-expr","locations":[{"start":{"line":36,"column":19},"end":{"line":36,"column":29}},{"start":{"line":36,"column":33},"end":{"line":36,"column":87}}],"line":36},"2":{"loc":{"start":{"line":37,"column":19},"end":{"line":37,"column":90}},"type":"binary-expr","locations":[{"start":{"line":37,"column":19},"end":{"line":37,"column":30}},{"start":{"line":37,"column":34},"end":{"line":37,"column":90}}],"line":37},"3":{"loc":{"start":{"line":38,"column":19},"end":{"line":38,"column":85}},"type":"binary-expr","locations":[{"start":{"line":38,"column":19},"end":{"line":38,"column":29}},{"start":{"line":38,"column":33},"end":{"line":38,"column":85}}],"line":38}},"s":{"0":1,"1":2,"2":2,"3":1},"f":{"0":2,"1":2},"b":{"0":[2,2],"1":[2,2],"2":[2,2],"3":[2,2]},"_coverageSchema":"1a1c01bbd47fc00a2c39e90264f33305004495a9","hash":"248e35e59871be3fe974b93f85e0726815481653"}
,"D:\\Kerjaan\\Oktober 2023\\Final Project\\codepresso\\client\\src\\components\\PopupMessage\\Dialog.jsx": {"path":"D:\\Kerjaan\\Oktober 2023\\Final Project\\codepresso\\client\\src\\components\\PopupMessage\\Dialog.jsx","statementMap":{"0":{"start":{"line":9,"column":21},"end":{"line":23,"column":1}},"1":{"start":{"line":10,"column":2},"end":{"line":22,"column":4}},"2":{"start":{"line":25,"column":0},"end":{"line":30,"column":2}}},"fnMap":{"0":{"name":"(anonymous_0)","decl":{"start":{"line":9,"column":21},"end":{"line":9,"column":22}},"loc":{"start":{"line":9,"column":60},"end":{"line":23,"column":1}},"line":9}},"branchMap":{"0":{"loc":{"start":{"line":13,"column":30},"end":{"line":13,"column":62}},"type":"binary-expr","locations":[{"start":{"line":13,"column":30},"end":{"line":13,"column":35}},{"start":{"line":13,"column":39},"end":{"line":13,"column":62}}],"line":13},"1":{"loc":{"start":{"line":16,"column":30},"end":{"line":16,"column":66}},"type":"binary-expr","locations":[{"start":{"line":16,"column":30},"end":{"line":16,"column":37}},{"start":{"line":16,"column":41},"end":{"line":16,"column":66}}],"line":16}},"s":{"0":1,"1":2,"2":1},"f":{"0":2},"b":{"0":[2,2],"1":[2,2]},"_coverageSchema":"1a1c01bbd47fc00a2c39e90264f33305004495a9","hash":"0bf2d65fcd680cfe709d8c10dce2f3938d7c8fa2"}
,"D:\\Kerjaan\\Oktober 2023\\Final Project\\codepresso\\client\\src\\containers\\App\\actions.js": {"path":"D:\\Kerjaan\\Oktober 2023\\Final Project\\codepresso\\client\\src\\containers\\App\\actions.js","statementMap":{"0":{"start":{"line":3,"column":25},"end":{"line":6,"column":2}},"1":{"start":{"line":3,"column":38},"end":{"line":6,"column":1}},"2":{"start":{"line":8,"column":24},"end":{"line":11,"column":2}},"3":{"start":{"line":8,"column":36},"end":{"line":11,"column":1}},"4":{"start":{"line":13,"column":25},"end":{"line":20,"column":2}},"5":{"start":{"line":13,"column":56},"end":{"line":20,"column":1}},"6":{"start":{"line":22,"column":25},"end":{"line":29,"column":2}},"7":{"start":{"line":22,"column":32},"end":{"line":29,"column":1}},"8":{"start":{"line":31,"column":26},"end":{"line":34,"column":2}},"9":{"start":{"line":31,"column":40},"end":{"line":34,"column":1}}},"fnMap":{"0":{"name":"(anonymous_0)","decl":{"start":{"line":3,"column":25},"end":{"line":3,"column":26}},"loc":{"start":{"line":3,"column":38},"end":{"line":6,"column":1}},"line":3},"1":{"name":"(anonymous_1)","decl":{"start":{"line":8,"column":24},"end":{"line":8,"column":25}},"loc":{"start":{"line":8,"column":36},"end":{"line":11,"column":1}},"line":8},"2":{"name":"(anonymous_2)","decl":{"start":{"line":13,"column":25},"end":{"line":13,"column":26}},"loc":{"start":{"line":13,"column":56},"end":{"line":20,"column":1}},"line":13},"3":{"name":"(anonymous_3)","decl":{"start":{"line":22,"column":25},"end":{"line":22,"column":26}},"loc":{"start":{"line":22,"column":32},"end":{"line":29,"column":1}},"line":22},"4":{"name":"(anonymous_4)","decl":{"start":{"line":31,"column":26},"end":{"line":31,"column":27}},"loc":{"start":{"line":31,"column":40},"end":{"line":34,"column":1}},"line":31}},"branchMap":{"0":{"loc":{"start":{"line":13,"column":26},"end":{"line":13,"column":36}},"type":"default-arg","locations":[{"start":{"line":13,"column":34},"end":{"line":13,"column":36}}],"line":13},"1":{"loc":{"start":{"line":13,"column":38},"end":{"line":13,"column":50}},"type":"default-arg","locations":[{"start":{"line":13,"column":48},"end":{"line":13,"column":50}}],"line":13}},"s":{"0":4,"1":0,"2":4,"3":0,"4":4,"5":0,"6":4,"7":0,"8":4,"9":0},"f":{"0":0,"1":0,"2":0,"3":0,"4":0},"b":{"0":[0],"1":[0]},"_coverageSchema":"1a1c01bbd47fc00a2c39e90264f33305004495a9","hash":"649fba1edf81d580ba8de3c57e0899ab8796bfc5"}
,"D:\\Kerjaan\\Oktober 2023\\Final Project\\codepresso\\client\\src\\containers\\App\\constants.js": {"path":"D:\\Kerjaan\\Oktober 2023\\Final Project\\codepresso\\client\\src\\containers\\App\\constants.js","statementMap":{"0":{"start":{"line":1,"column":25},"end":{"line":1,"column":40}},"1":{"start":{"line":2,"column":25},"end":{"line":2,"column":40}},"2":{"start":{"line":3,"column":25},"end":{"line":3,"column":40}},"3":{"start":{"line":4,"column":27},"end":{"line":4,"column":44}}},"fnMap":{},"branchMap":{},"s":{"0":4,"1":4,"2":4,"3":4},"f":{},"b":{},"_coverageSchema":"1a1c01bbd47fc00a2c39e90264f33305004495a9","hash":"a5329f20d18ce067bb2c0fd5579a5969072f7b59"}
,"D:\\Kerjaan\\Oktober 2023\\Final Project\\codepresso\\client\\src\\containers\\App\\reducer.js": {"path":"D:\\Kerjaan\\Oktober 2023\\Final Project\\codepresso\\client\\src\\containers\\App\\reducer.js","statementMap":{"0":{"start":{"line":5,"column":28},"end":{"line":14,"column":1}},"1":{"start":{"line":16,"column":25},"end":{"line":16,"column":44}},"2":{"start":{"line":18,"column":19},"end":{"line":34,"column":4}},"3":{"start":{"line":19,"column":2},"end":{"line":34,"column":4}},"4":{"start":{"line":20,"column":4},"end":{"line":33,"column":5}},"5":{"start":{"line":22,"column":8},"end":{"line":22,"column":37}},"6":{"start":{"line":23,"column":8},"end":{"line":23,"column":14}},"7":{"start":{"line":25,"column":8},"end":{"line":25,"column":35}},"8":{"start":{"line":26,"column":8},"end":{"line":26,"column":14}},"9":{"start":{"line":28,"column":8},"end":{"line":28,"column":35}},"10":{"start":{"line":29,"column":8},"end":{"line":29,"column":14}},"11":{"start":{"line":31,"column":8},"end":{"line":31,"column":39}},"12":{"start":{"line":32,"column":8},"end":{"line":32,"column":14}}},"fnMap":{"0":{"name":"(anonymous_0)","decl":{"start":{"line":18,"column":19},"end":{"line":18,"column":20}},"loc":{"start":{"line":19,"column":2},"end":{"line":34,"column":4}},"line":19},"1":{"name":"(anonymous_1)","decl":{"start":{"line":19,"column":17},"end":{"line":19,"column":18}},"loc":{"start":{"line":19,"column":28},"end":{"line":34,"column":3}},"line":19}},"branchMap":{"0":{"loc":{"start":{"line":18,"column":20},"end":{"line":18,"column":40}},"type":"default-arg","locations":[{"start":{"line":18,"column":28},"end":{"line":18,"column":40}}],"line":18},"1":{"loc":{"start":{"line":20,"column":4},"end":{"line":33,"column":5}},"type":"switch","locations":[{"start":{"line":21,"column":6},"end":{"line":23,"column":14}},{"start":{"line":24,"column":6},"end":{"line":26,"column":14}},{"start":{"line":27,"column":6},"end":{"line":29,"column":14}},{"start":{"line":30,"column":6},"end":{"line":32,"column":14}}],"line":20}},"s":{"0":4,"1":4,"2":4,"3":32,"4":32,"5":0,"6":0,"7":0,"8":0,"9":0,"10":0,"11":0,"12":0},"f":{"0":32,"1":32},"b":{"0":[12],"1":[0,0,0,0]},"_coverageSchema":"1a1c01bbd47fc00a2c39e90264f33305004495a9","hash":"2d5fad09d51fe34d548dd14a84929bafa1240dbf"}
,"D:\\Kerjaan\\Oktober 2023\\Final Project\\codepresso\\client\\src\\containers\\Client\\actions.js": {"path":"D:\\Kerjaan\\Oktober 2023\\Final Project\\codepresso\\client\\src\\containers\\Client\\actions.js","statementMap":{"0":{"start":{"line":19,"column":24},"end":{"line":22,"column":2}},"1":{"start":{"line":19,"column":36},"end":{"line":22,"column":1}},"2":{"start":{"line":24,"column":24},"end":{"line":27,"column":2}},"3":{"start":{"line":24,"column":36},"end":{"line":27,"column":1}},"4":{"start":{"line":29,"column":26},"end":{"line":31,"column":2}},"5":{"start":{"line":29,"column":33},"end":{"line":31,"column":1}},"6":{"start":{"line":33,"column":26},"end":{"line":35,"column":2}},"7":{"start":{"line":33,"column":33},"end":{"line":35,"column":1}},"8":{"start":{"line":37,"column":26},"end":{"line":40,"column":2}},"9":{"start":{"line":37,"column":37},"end":{"line":40,"column":1}},"10":{"start":{"line":42,"column":26},"end":{"line":45,"column":2}},"11":{"start":{"line":42,"column":40},"end":{"line":45,"column":1}},"12":{"start":{"line":47,"column":29},"end":{"line":50,"column":2}},"13":{"start":{"line":47,"column":40},"end":{"line":50,"column":1}},"14":{"start":{"line":52,"column":32},"end":{"line":55,"column":2}},"15":{"start":{"line":52,"column":41},"end":{"line":55,"column":1}},"16":{"start":{"line":57,"column":26},"end":{"line":59,"column":2}},"17":{"start":{"line":57,"column":33},"end":{"line":59,"column":1}},"18":{"start":{"line":61,"column":26},"end":{"line":64,"column":2}},"19":{"start":{"line":61,"column":40},"end":{"line":64,"column":1}},"20":{"start":{"line":66,"column":27},"end":{"line":69,"column":2}},"21":{"start":{"line":66,"column":38},"end":{"line":69,"column":1}},"22":{"start":{"line":71,"column":29},"end":{"line":74,"column":2}},"23":{"start":{"line":71,"column":38},"end":{"line":74,"column":1}},"24":{"start":{"line":76,"column":27},"end":{"line":78,"column":2}},"25":{"start":{"line":76,"column":34},"end":{"line":78,"column":1}},"26":{"start":{"line":80,"column":27},"end":{"line":83,"column":2}},"27":{"start":{"line":80,"column":42},"end":{"line":83,"column":1}},"28":{"start":{"line":85,"column":31},"end":{"line":88,"column":2}},"29":{"start":{"line":85,"column":42},"end":{"line":88,"column":1}}},"fnMap":{"0":{"name":"(anonymous_0)","decl":{"start":{"line":19,"column":24},"end":{"line":19,"column":25}},"loc":{"start":{"line":19,"column":36},"end":{"line":22,"column":1}},"line":19},"1":{"name":"(anonymous_1)","decl":{"start":{"line":24,"column":24},"end":{"line":24,"column":25}},"loc":{"start":{"line":24,"column":36},"end":{"line":27,"column":1}},"line":24},"2":{"name":"(anonymous_2)","decl":{"start":{"line":29,"column":26},"end":{"line":29,"column":27}},"loc":{"start":{"line":29,"column":33},"end":{"line":31,"column":1}},"line":29},"3":{"name":"(anonymous_3)","decl":{"start":{"line":33,"column":26},"end":{"line":33,"column":27}},"loc":{"start":{"line":33,"column":33},"end":{"line":35,"column":1}},"line":33},"4":{"name":"(anonymous_4)","decl":{"start":{"line":37,"column":26},"end":{"line":37,"column":27}},"loc":{"start":{"line":37,"column":37},"end":{"line":40,"column":1}},"line":37},"5":{"name":"(anonymous_5)","decl":{"start":{"line":42,"column":26},"end":{"line":42,"column":27}},"loc":{"start":{"line":42,"column":40},"end":{"line":45,"column":1}},"line":42},"6":{"name":"(anonymous_6)","decl":{"start":{"line":47,"column":29},"end":{"line":47,"column":30}},"loc":{"start":{"line":47,"column":40},"end":{"line":50,"column":1}},"line":47},"7":{"name":"(anonymous_7)","decl":{"start":{"line":52,"column":32},"end":{"line":52,"column":33}},"loc":{"start":{"line":52,"column":41},"end":{"line":55,"column":1}},"line":52},"8":{"name":"(anonymous_8)","decl":{"start":{"line":57,"column":26},"end":{"line":57,"column":27}},"loc":{"start":{"line":57,"column":33},"end":{"line":59,"column":1}},"line":57},"9":{"name":"(anonymous_9)","decl":{"start":{"line":61,"column":26},"end":{"line":61,"column":27}},"loc":{"start":{"line":61,"column":40},"end":{"line":64,"column":1}},"line":61},"10":{"name":"(anonymous_10)","decl":{"start":{"line":66,"column":27},"end":{"line":66,"column":28}},"loc":{"start":{"line":66,"column":38},"end":{"line":69,"column":1}},"line":66},"11":{"name":"(anonymous_11)","decl":{"start":{"line":71,"column":29},"end":{"line":71,"column":30}},"loc":{"start":{"line":71,"column":38},"end":{"line":74,"column":1}},"line":71},"12":{"name":"(anonymous_12)","decl":{"start":{"line":76,"column":27},"end":{"line":76,"column":28}},"loc":{"start":{"line":76,"column":34},"end":{"line":78,"column":1}},"line":76},"13":{"name":"(anonymous_13)","decl":{"start":{"line":80,"column":27},"end":{"line":80,"column":28}},"loc":{"start":{"line":80,"column":42},"end":{"line":83,"column":1}},"line":80},"14":{"name":"(anonymous_14)","decl":{"start":{"line":85,"column":31},"end":{"line":85,"column":32}},"loc":{"start":{"line":85,"column":42},"end":{"line":88,"column":1}},"line":85}},"branchMap":{},"s":{"0":4,"1":0,"2":4,"3":0,"4":4,"5":0,"6":4,"7":0,"8":4,"9":0,"10":4,"11":0,"12":4,"13":0,"14":4,"15":0,"16":4,"17":0,"18":4,"19":0,"20":4,"21":0,"22":4,"23":0,"24":4,"25":0,"26":4,"27":0,"28":4,"29":0},"f":{"0":0,"1":0,"2":0,"3":0,"4":0,"5":0,"6":0,"7":0,"8":0,"9":0,"10":0,"11":0,"12":0,"13":0,"14":0},"b":{},"_coverageSchema":"1a1c01bbd47fc00a2c39e90264f33305004495a9","hash":"f46e79880e646987d805ad7196baf95f818c8841"}
,"D:\\Kerjaan\\Oktober 2023\\Final Project\\codepresso\\client\\src\\containers\\Client\\constants.js": {"path":"D:\\Kerjaan\\Oktober 2023\\Final Project\\codepresso\\client\\src\\containers\\Client\\constants.js","statementMap":{"0":{"start":{"line":1,"column":25},"end":{"line":1,"column":43}},"1":{"start":{"line":2,"column":25},"end":{"line":2,"column":43}},"2":{"start":{"line":3,"column":27},"end":{"line":3,"column":47}},"3":{"start":{"line":4,"column":27},"end":{"line":4,"column":47}},"4":{"start":{"line":5,"column":27},"end":{"line":5,"column":47}},"5":{"start":{"line":6,"column":27},"end":{"line":6,"column":47}},"6":{"start":{"line":7,"column":30},"end":{"line":7,"column":53}},"7":{"start":{"line":8,"column":34},"end":{"line":8,"column":61}},"8":{"start":{"line":9,"column":27},"end":{"line":9,"column":47}},"9":{"start":{"line":10,"column":27},"end":{"line":10,"column":47}},"10":{"start":{"line":11,"column":28},"end":{"line":11,"column":49}},"11":{"start":{"line":12,"column":30},"end":{"line":12,"column":53}},"12":{"start":{"line":13,"column":28},"end":{"line":13,"column":49}},"13":{"start":{"line":14,"column":28},"end":{"line":14,"column":49}},"14":{"start":{"line":15,"column":32},"end":{"line":15,"column":57}}},"fnMap":{},"branchMap":{},"s":{"0":4,"1":4,"2":4,"3":4,"4":4,"5":4,"6":4,"7":4,"8":4,"9":4,"10":4,"11":4,"12":4,"13":4,"14":4},"f":{},"b":{},"_coverageSchema":"1a1c01bbd47fc00a2c39e90264f33305004495a9","hash":"cde821c460b070d5fa5634e9bfdb6141b7f635c8"}
,"D:\\Kerjaan\\Oktober 2023\\Final Project\\codepresso\\client\\src\\containers\\Client\\reducer.js": {"path":"D:\\Kerjaan\\Oktober 2023\\Final Project\\codepresso\\client\\src\\containers\\Client\\reducer.js","statementMap":{"0":{"start":{"line":12,"column":28},"end":{"line":18,"column":1}},"1":{"start":{"line":20,"column":25},"end":{"line":20,"column":43}},"2":{"start":{"line":22,"column":22},"end":{"line":45,"column":4}},"3":{"start":{"line":23,"column":2},"end":{"line":45,"column":4}},"4":{"start":{"line":24,"column":4},"end":{"line":44,"column":5}},"5":{"start":{"line":26,"column":8},"end":{"line":26,"column":35}},"6":{"start":{"line":27,"column":8},"end":{"line":27,"column":14}},"7":{"start":{"line":29,"column":8},"end":{"line":29,"column":35}},"8":{"start":{"line":30,"column":8},"end":{"line":30,"column":14}},"9":{"start":{"line":32,"column":8},"end":{"line":32,"column":27}},"10":{"start":{"line":33,"column":8},"end":{"line":33,"column":28}},"11":{"start":{"line":34,"column":8},"end":{"line":34,"column":14}},"12":{"start":{"line":36,"column":8},"end":{"line":36,"column":39}},"13":{"start":{"line":37,"column":8},"end":{"line":37,"column":14}},"14":{"start":{"line":39,"column":8},"end":{"line":39,"column":39}},"15":{"start":{"line":40,"column":8},"end":{"line":40,"column":14}},"16":{"start":{"line":42,"column":8},"end":{"line":42,"column":40}},"17":{"start":{"line":43,"column":8},"end":{"line":43,"column":14}}},"fnMap":{"0":{"name":"(anonymous_0)","decl":{"start":{"line":22,"column":22},"end":{"line":22,"column":23}},"loc":{"start":{"line":23,"column":2},"end":{"line":45,"column":4}},"line":23},"1":{"name":"(anonymous_1)","decl":{"start":{"line":23,"column":17},"end":{"line":23,"column":18}},"loc":{"start":{"line":23,"column":28},"end":{"line":45,"column":3}},"line":23}},"branchMap":{"0":{"loc":{"start":{"line":22,"column":23},"end":{"line":22,"column":43}},"type":"default-arg","locations":[{"start":{"line":22,"column":31},"end":{"line":22,"column":43}}],"line":22},"1":{"loc":{"start":{"line":24,"column":4},"end":{"line":44,"column":5}},"type":"switch","locations":[{"start":{"line":25,"column":6},"end":{"line":27,"column":14}},{"start":{"line":28,"column":6},"end":{"line":30,"column":14}},{"start":{"line":31,"column":6},"end":{"line":34,"column":14}},{"start":{"line":35,"column":6},"end":{"line":37,"column":14}},{"start":{"line":38,"column":6},"end":{"line":40,"column":14}},{"start":{"line":41,"column":6},"end":{"line":43,"column":14}}],"line":24}},"s":{"0":4,"1":4,"2":4,"3":32,"4":32,"5":0,"6":0,"7":0,"8":0,"9":0,"10":0,"11":0,"12":0,"13":0,"14":0,"15":0,"16":0,"17":0},"f":{"0":32,"1":32},"b":{"0":[12],"1":[0,0,0,0,0,0]},"_coverageSchema":"1a1c01bbd47fc00a2c39e90264f33305004495a9","hash":"80bcf7cb7006ea05c0b553c46aef3431c88e2fb3"}
,"D:\\Kerjaan\\Oktober 2023\\Final Project\\codepresso\\client\\src\\containers\\Client\\saga.js": {"path":"D:\\Kerjaan\\Oktober 2023\\Final Project\\codepresso\\client\\src\\containers\\Client\\saga.js","statementMap":{"0":{"start":{"line":31,"column":2},"end":{"line":31,"column":30}},"1":{"start":{"line":32,"column":2},"end":{"line":43,"column":3}},"2":{"start":{"line":33,"column":21},"end":{"line":33,"column":43}},"3":{"start":{"line":34,"column":4},"end":{"line":34,"column":36}},"4":{"start":{"line":36,"column":4},"end":{"line":40,"column":5}},"5":{"start":{"line":37,"column":6},"end":{"line":37,"column":30}},"6":{"start":{"line":39,"column":6},"end":{"line":39,"column":29}},"7":{"start":{"line":42,"column":4},"end":{"line":42,"column":33}},"8":{"start":{"line":47,"column":2},"end":{"line":47,"column":30}},"9":{"start":{"line":48,"column":2},"end":{"line":59,"column":3}},"10":{"start":{"line":49,"column":4},"end":{"line":49,"column":46}},"11":{"start":{"line":50,"column":4},"end":{"line":50,"column":29}},"12":{"start":{"line":52,"column":4},"end":{"line":56,"column":5}},"13":{"start":{"line":53,"column":6},"end":{"line":53,"column":30}},"14":{"start":{"line":55,"column":6},"end":{"line":55,"column":29}},"15":{"start":{"line":58,"column":4},"end":{"line":58,"column":33}},"16":{"start":{"line":63,"column":2},"end":{"line":63,"column":30}},"17":{"start":{"line":64,"column":2},"end":{"line":75,"column":3}},"18":{"start":{"line":65,"column":4},"end":{"line":65,"column":46}},"19":{"start":{"line":66,"column":4},"end":{"line":66,"column":29}},"20":{"start":{"line":68,"column":4},"end":{"line":72,"column":5}},"21":{"start":{"line":69,"column":6},"end":{"line":69,"column":30}},"22":{"start":{"line":71,"column":6},"end":{"line":71,"column":29}},"23":{"start":{"line":74,"column":4},"end":{"line":74,"column":33}},"24":{"start":{"line":79,"column":2},"end":{"line":79,"column":30}},"25":{"start":{"line":80,"column":2},"end":{"line":87,"column":3}},"26":{"start":{"line":81,"column":4},"end":{"line":81,"column":37}},"27":{"start":{"line":82,"column":4},"end":{"line":82,"column":29}},"28":{"start":{"line":84,"column":4},"end":{"line":84,"column":27}},"29":{"start":{"line":86,"column":4},"end":{"line":86,"column":33}},"30":{"start":{"line":91,"column":2},"end":{"line":91,"column":30}},"31":{"start":{"line":92,"column":2},"end":{"line":103,"column":3}},"32":{"start":{"line":93,"column":21},"end":{"line":93,"column":43}},"33":{"start":{"line":94,"column":4},"end":{"line":94,"column":36}},"34":{"start":{"line":96,"column":4},"end":{"line":100,"column":5}},"35":{"start":{"line":97,"column":6},"end":{"line":97,"column":30}},"36":{"start":{"line":99,"column":6},"end":{"line":99,"column":29}},"37":{"start":{"line":102,"column":4},"end":{"line":102,"column":33}},"38":{"start":{"line":107,"column":2},"end":{"line":107,"column":30}},"39":{"start":{"line":108,"column":2},"end":{"line":121,"column":3}},"40":{"start":{"line":109,"column":19},"end":{"line":109,"column":30}},"41":{"start":{"line":110,"column":21},"end":{"line":110,"column":32}},"42":{"start":{"line":111,"column":4},"end":{"line":111,"column":42}},"43":{"start":{"line":112,"column":4},"end":{"line":112,"column":29}},"44":{"start":{"line":114,"column":4},"end":{"line":118,"column":5}},"45":{"start":{"line":115,"column":6},"end":{"line":115,"column":30}},"46":{"start":{"line":117,"column":6},"end":{"line":117,"column":29}},"47":{"start":{"line":120,"column":4},"end":{"line":120,"column":33}},"48":{"start":{"line":125,"column":2},"end":{"line":125,"column":30}},"49":{"start":{"line":126,"column":2},"end":{"line":133,"column":3}},"50":{"start":{"line":127,"column":4},"end":{"line":127,"column":46}},"51":{"start":{"line":128,"column":4},"end":{"line":128,"column":29}},"52":{"start":{"line":130,"column":4},"end":{"line":130,"column":27}},"53":{"start":{"line":132,"column":4},"end":{"line":132,"column":33}},"54":{"start":{"line":137,"column":2},"end":{"line":137,"column":30}},"55":{"start":{"line":138,"column":2},"end":{"line":147,"column":3}},"56":{"start":{"line":139,"column":21},"end":{"line":139,"column":44}},"57":{"start":{"line":140,"column":4},"end":{"line":140,"column":37}},"58":{"start":{"line":142,"column":4},"end":{"line":144,"column":5}},"59":{"start":{"line":143,"column":6},"end":{"line":143,"column":30}},"60":{"start":{"line":146,"column":4},"end":{"line":146,"column":33}},"61":{"start":{"line":152,"column":4},"end":{"line":160,"column":7}},"62":{"start":{"line":162,"column":4},"end":{"line":167,"column":7}},"63":{"start":{"line":163,"column":6},"end":{"line":166,"column":16}},"64":{"start":{"line":164,"column":8},"end":{"line":164,"column":21}},"65":{"start":{"line":165,"column":8},"end":{"line":165,"column":18}},"66":{"start":{"line":170,"column":4},"end":{"line":180,"column":5}},"67":{"start":{"line":171,"column":6},"end":{"line":171,"column":46}},"68":{"start":{"line":173,"column":6},"end":{"line":177,"column":9}},"69":{"start":{"line":179,"column":6},"end":{"line":179,"column":38}},"70":{"start":{"line":182,"column":2},"end":{"line":196,"column":3}},"71":{"start":{"line":183,"column":21},"end":{"line":183,"column":56}},"72":{"start":{"line":184,"column":38},"end":{"line":184,"column":46}},"73":{"start":{"line":186,"column":4},"end":{"line":188,"column":5}},"74":{"start":{"line":187,"column":6},"end":{"line":187,"column":49}},"75":{"start":{"line":190,"column":4},"end":{"line":190,"column":31}},"76":{"start":{"line":191,"column":4},"end":{"line":191,"column":51}},"77":{"start":{"line":193,"column":4},"end":{"line":195,"column":5}},"78":{"start":{"line":194,"column":6},"end":{"line":194,"column":30}},"79":{"start":{"line":200,"column":2},"end":{"line":200,"column":46}},"80":{"start":{"line":201,"column":2},"end":{"line":201,"column":52}},"81":{"start":{"line":202,"column":2},"end":{"line":202,"column":59}},"82":{"start":{"line":203,"column":2},"end":{"line":203,"column":46}},"83":{"start":{"line":204,"column":2},"end":{"line":204,"column":48}},"84":{"start":{"line":205,"column":2},"end":{"line":205,"column":52}},"85":{"start":{"line":206,"column":2},"end":{"line":206,"column":48}},"86":{"start":{"line":207,"column":2},"end":{"line":207,"column":48}},"87":{"start":{"line":208,"column":2},"end":{"line":208,"column":46}}},"fnMap":{"0":{"name":"doGetAddress","decl":{"start":{"line":30,"column":10},"end":{"line":30,"column":22}},"loc":{"start":{"line":30,"column":25},"end":{"line":44,"column":1}},"line":30},"1":{"name":"doAddAddress","decl":{"start":{"line":46,"column":10},"end":{"line":46,"column":22}},"loc":{"start":{"line":46,"column":31},"end":{"line":60,"column":1}},"line":46},"2":{"name":"doDeleteAddress","decl":{"start":{"line":62,"column":10},"end":{"line":62,"column":25}},"loc":{"start":{"line":62,"column":34},"end":{"line":76,"column":1}},"line":62},"3":{"name":"doSetActiveAddress","decl":{"start":{"line":78,"column":10},"end":{"line":78,"column":28}},"loc":{"start":{"line":78,"column":33},"end":{"line":88,"column":1}},"line":78},"4":{"name":"doGetBaskets","decl":{"start":{"line":90,"column":10},"end":{"line":90,"column":22}},"loc":{"start":{"line":90,"column":25},"end":{"line":104,"column":1}},"line":90},"5":{"name":"doEditBaskets","decl":{"start":{"line":106,"column":10},"end":{"line":106,"column":23}},"loc":{"start":{"line":106,"column":32},"end":{"line":122,"column":1}},"line":106},"6":{"name":"doDeleteBaskets","decl":{"start":{"line":124,"column":10},"end":{"line":124,"column":25}},"loc":{"start":{"line":124,"column":34},"end":{"line":134,"column":1}},"line":124},"7":{"name":"doGetDistance","decl":{"start":{"line":136,"column":10},"end":{"line":136,"column":23}},"loc":{"start":{"line":136,"column":26},"end":{"line":148,"column":1}},"line":136},"8":{"name":"doPayment","decl":{"start":{"line":150,"column":10},"end":{"line":150,"column":19}},"loc":{"start":{"line":150,"column":28},"end":{"line":197,"column":1}},"line":150},"9":{"name":"paymentPending","decl":{"start":{"line":151,"column":12},"end":{"line":151,"column":26}},"loc":{"start":{"line":151,"column":29},"end":{"line":168,"column":3}},"line":151},"10":{"name":"(anonymous_10)","decl":{"start":{"line":162,"column":22},"end":{"line":162,"column":23}},"loc":{"start":{"line":162,"column":35},"end":{"line":167,"column":5}},"line":162},"11":{"name":"(anonymous_11)","decl":{"start":{"line":163,"column":17},"end":{"line":163,"column":18}},"loc":{"start":{"line":163,"column":23},"end":{"line":166,"column":7}},"line":163},"12":{"name":"callSuccessNotification","decl":{"start":{"line":169,"column":12},"end":{"line":169,"column":35}},"loc":{"start":{"line":169,"column":43},"end":{"line":181,"column":3}},"line":169},"13":{"name":"clientSaga","decl":{"start":{"line":199,"column":17},"end":{"line":199,"column":27}},"loc":{"start":{"line":199,"column":30},"end":{"line":209,"column":1}},"line":199}},"branchMap":{"0":{"loc":{"start":{"line":36,"column":4},"end":{"line":40,"column":5}},"type":"if","locations":[{"start":{"line":36,"column":4},"end":{"line":40,"column":5}},{"start":{"line":38,"column":11},"end":{"line":40,"column":5}}],"line":36},"1":{"loc":{"start":{"line":36,"column":8},"end":{"line":36,"column":116}},"type":"binary-expr","locations":[{"start":{"line":36,"column":8},"end":{"line":36,"column":22}},{"start":{"line":36,"column":26},"end":{"line":36,"column":45}},{"start":{"line":36,"column":49},"end":{"line":36,"column":116}}],"line":36},"2":{"loc":{"start":{"line":52,"column":4},"end":{"line":56,"column":5}},"type":"if","locations":[{"start":{"line":52,"column":4},"end":{"line":56,"column":5}},{"start":{"line":54,"column":11},"end":{"line":56,"column":5}}],"line":52},"3":{"loc":{"start":{"line":52,"column":8},"end":{"line":52,"column":116}},"type":"binary-expr","locations":[{"start":{"line":52,"column":8},"end":{"line":52,"column":22}},{"start":{"line":52,"column":26},"end":{"line":52,"column":45}},{"start":{"line":52,"column":49},"end":{"line":52,"column":116}}],"line":52},"4":{"loc":{"start":{"line":68,"column":4},"end":{"line":72,"column":5}},"type":"if","locations":[{"start":{"line":68,"column":4},"end":{"line":72,"column":5}},{"start":{"line":70,"column":11},"end":{"line":72,"column":5}}],"line":68},"5":{"loc":{"start":{"line":68,"column":8},"end":{"line":68,"column":116}},"type":"binary-expr","locations":[{"start":{"line":68,"column":8},"end":{"line":68,"column":22}},{"start":{"line":68,"column":26},"end":{"line":68,"column":45}},{"start":{"line":68,"column":49},"end":{"line":68,"column":116}}],"line":68},"6":{"loc":{"start":{"line":96,"column":4},"end":{"line":100,"column":5}},"type":"if","locations":[{"start":{"line":96,"column":4},"end":{"line":100,"column":5}},{"start":{"line":98,"column":11},"end":{"line":100,"column":5}}],"line":96},"7":{"loc":{"start":{"line":96,"column":8},"end":{"line":96,"column":116}},"type":"binary-expr","locations":[{"start":{"line":96,"column":8},"end":{"line":96,"column":22}},{"start":{"line":96,"column":26},"end":{"line":96,"column":45}},{"start":{"line":96,"column":49},"end":{"line":96,"column":116}}],"line":96},"8":{"loc":{"start":{"line":114,"column":4},"end":{"line":118,"column":5}},"type":"if","locations":[{"start":{"line":114,"column":4},"end":{"line":118,"column":5}},{"start":{"line":116,"column":11},"end":{"line":118,"column":5}}],"line":114},"9":{"loc":{"start":{"line":114,"column":8},"end":{"line":114,"column":116}},"type":"binary-expr","locations":[{"start":{"line":114,"column":8},"end":{"line":114,"column":22}},{"start":{"line":114,"column":26},"end":{"line":114,"column":45}},{"start":{"line":114,"column":49},"end":{"line":114,"column":116}}],"line":114},"10":{"loc":{"start":{"line":142,"column":4},"end":{"line":144,"column":5}},"type":"if","locations":[{"start":{"line":142,"column":4},"end":{"line":144,"column":5}},{"start":{},"end":{}}],"line":142},"11":{"loc":{"start":{"line":142,"column":8},"end":{"line":142,"column":116}},"type":"binary-expr","locations":[{"start":{"line":142,"column":8},"end":{"line":142,"column":22}},{"start":{"line":142,"column":26},"end":{"line":142,"column":45}},{"start":{"line":142,"column":49},"end":{"line":142,"column":116}}],"line":142},"12":{"loc":{"start":{"line":186,"column":4},"end":{"line":188,"column":5}},"type":"if","locations":[{"start":{"line":186,"column":4},"end":{"line":188,"column":5}},{"start":{},"end":{}}],"line":186},"13":{"loc":{"start":{"line":193,"column":4},"end":{"line":195,"column":5}},"type":"if","locations":[{"start":{"line":193,"column":4},"end":{"line":195,"column":5}},{"start":{},"end":{}}],"line":193},"14":{"loc":{"start":{"line":193,"column":8},"end":{"line":193,"column":116}},"type":"binary-expr","locations":[{"start":{"line":193,"column":8},"end":{"line":193,"column":22}},{"start":{"line":193,"column":26},"end":{"line":193,"column":45}},{"start":{"line":193,"column":49},"end":{"line":193,"column":116}}],"line":193}},"s":{"0":0,"1":0,"2":0,"3":0,"4":0,"5":0,"6":0,"7":0,"8":0,"9":0,"10":0,"11":0,"12":0,"13":0,"14":0,"15":0,"16":0,"17":0,"18":0,"19":0,"20":0,"21":0,"22":0,"23":0,"24":0,"25":0,"26":0,"27":0,"28":0,"29":0,"30":0,"31":0,"32":0,"33":0,"34":0,"35":0,"36":0,"37":0,"38":0,"39":0,"40":0,"41":0,"42":0,"43":0,"44":0,"45":0,"46":0,"47":0,"48":0,"49":0,"50":0,"51":0,"52":0,"53":0,"54":0,"55":0,"56":0,"57":0,"58":0,"59":0,"60":0,"61":0,"62":0,"63":0,"64":0,"65":0,"66":0,"67":0,"68":0,"69":0,"70":0,"71":0,"72":0,"73":0,"74":0,"75":0,"76":0,"77":0,"78":0,"79":4,"80":4,"81":4,"82":4,"83":4,"84":4,"85":4,"86":4,"87":4},"f":{"0":0,"1":0,"2":0,"3":0,"4":0,"5":0,"6":0,"7":0,"8":0,"9":0,"10":0,"11":0,"12":0,"13":4},"b":{"0":[0,0],"1":[0,0,0],"2":[0,0],"3":[0,0,0],"4":[0,0],"5":[0,0,0],"6":[0,0],"7":[0,0,0],"8":[0,0],"9":[0,0,0],"10":[0,0],"11":[0,0,0],"12":[0,0],"13":[0,0],"14":[0,0,0]},"_coverageSchema":"1a1c01bbd47fc00a2c39e90264f33305004495a9","hash":"81680e9cbf2afe9d48972600f013d1f68756b1e0"}
,"D:\\Kerjaan\\Oktober 2023\\Final Project\\codepresso\\client\\src\\containers\\Language\\constants.js": {"path":"D:\\Kerjaan\\Oktober 2023\\Final Project\\codepresso\\client\\src\\containers\\Language\\constants.js","statementMap":{"0":{"start":{"line":1,"column":28},"end":{"line":1,"column":51}},"1":{"start":{"line":2,"column":30},"end":{"line":2,"column":34}}},"fnMap":{},"branchMap":{},"s":{"0":4,"1":4},"f":{},"b":{},"_coverageSchema":"1a1c01bbd47fc00a2c39e90264f33305004495a9","hash":"e6e48f783c2078043f0d39b0d7ce43dbc3ab9fba"}
,"D:\\Kerjaan\\Oktober 2023\\Final Project\\codepresso\\client\\src\\containers\\Language\\reducer.js": {"path":"D:\\Kerjaan\\Oktober 2023\\Final Project\\codepresso\\client\\src\\containers\\Language\\reducer.js","statementMap":{"0":{"start":{"line":8,"column":28},"end":{"line":13,"column":1}},"1":{"start":{"line":15,"column":24},"end":{"line":22,"column":4}},"2":{"start":{"line":16,"column":2},"end":{"line":22,"column":4}},"3":{"start":{"line":17,"column":4},"end":{"line":21,"column":5}},"4":{"start":{"line":19,"column":8},"end":{"line":19,"column":41}},"5":{"start":{"line":20,"column":8},"end":{"line":20,"column":14}}},"fnMap":{"0":{"name":"(anonymous_0)","decl":{"start":{"line":15,"column":24},"end":{"line":15,"column":25}},"loc":{"start":{"line":16,"column":2},"end":{"line":22,"column":4}},"line":16},"1":{"name":"(anonymous_1)","decl":{"start":{"line":16,"column":17},"end":{"line":16,"column":18}},"loc":{"start":{"line":16,"column":28},"end":{"line":22,"column":3}},"line":16}},"branchMap":{"0":{"loc":{"start":{"line":15,"column":25},"end":{"line":15,"column":45}},"type":"default-arg","locations":[{"start":{"line":15,"column":33},"end":{"line":15,"column":45}}],"line":15},"1":{"loc":{"start":{"line":17,"column":4},"end":{"line":21,"column":5}},"type":"switch","locations":[{"start":{"line":18,"column":6},"end":{"line":20,"column":14}}],"line":17}},"s":{"0":4,"1":4,"2":32,"3":32,"4":0,"5":0},"f":{"0":32,"1":32},"b":{"0":[12],"1":[0]},"_coverageSchema":"1a1c01bbd47fc00a2c39e90264f33305004495a9","hash":"58c15a544f22bfcd5f345033a7b6d5825fca986b"}
,"D:\\Kerjaan\\Oktober 2023\\Final Project\\codepresso\\client\\src\\domain\\api.js": {"path":"D:\\Kerjaan\\Oktober 2023\\Final Project\\codepresso\\client\\src\\domain\\api.js","statementMap":{"0":{"start":{"line":7,"column":13},"end":{"line":17,"column":1}},"1":{"start":{"line":19,"column":23},"end":{"line":39,"column":1}},"2":{"start":{"line":20,"column":24},"end":{"line":22,"column":3}},"3":{"start":{"line":24,"column":18},"end":{"line":24,"column":46}},"4":{"start":{"line":25,"column":18},"end":{"line":31,"column":3}},"5":{"start":{"line":33,"column":2},"end":{"line":38,"column":3}},"6":{"start":{"line":34,"column":21},"end":{"line":34,"column":43}},"7":{"start":{"line":35,"column":4},"end":{"line":35,"column":25}},"8":{"start":{"line":37,"column":4},"end":{"line":37,"column":16}},"9":{"start":{"line":42,"column":21},"end":{"line":42,"column":75}},"10":{"start":{"line":42,"column":31},"end":{"line":42,"column":75}},"11":{"start":{"line":43,"column":24},"end":{"line":43,"column":81}},"12":{"start":{"line":43,"column":34},"end":{"line":43,"column":81}},"13":{"start":{"line":44,"column":30},"end":{"line":44,"column":94}},"14":{"start":{"line":44,"column":40},"end":{"line":44,"column":94}},"15":{"start":{"line":45,"column":29},"end":{"line":45,"column":107}},"16":{"start":{"line":45,"column":46},"end":{"line":45,"column":107}},"17":{"start":{"line":46,"column":30},"end":{"line":47,"column":102}},"18":{"start":{"line":47,"column":2},"end":{"line":47,"column":102}},"19":{"start":{"line":48,"column":26},"end":{"line":48,"column":75}},"20":{"start":{"line":48,"column":32},"end":{"line":48,"column":75}},"21":{"start":{"line":51,"column":30},"end":{"line":51,"column":66}},"22":{"start":{"line":51,"column":36},"end":{"line":51,"column":66}},"23":{"start":{"line":52,"column":35},"end":{"line":52,"column":81}},"24":{"start":{"line":52,"column":43},"end":{"line":52,"column":81}},"25":{"start":{"line":53,"column":30},"end":{"line":54,"column":86}},"26":{"start":{"line":54,"column":2},"end":{"line":54,"column":86}},"27":{"start":{"line":55,"column":30},"end":{"line":55,"column":77}},"28":{"start":{"line":55,"column":38},"end":{"line":55,"column":77}},"29":{"start":{"line":56,"column":24},"end":{"line":57,"column":91}},"30":{"start":{"line":57,"column":2},"end":{"line":57,"column":91}},"31":{"start":{"line":58,"column":29},"end":{"line":58,"column":80}},"32":{"start":{"line":58,"column":37},"end":{"line":58,"column":80}},"33":{"start":{"line":59,"column":30},"end":{"line":59,"column":82}},"34":{"start":{"line":59,"column":38},"end":{"line":59,"column":82}},"35":{"start":{"line":62,"column":29},"end":{"line":62,"column":69}},"36":{"start":{"line":62,"column":35},"end":{"line":62,"column":69}},"37":{"start":{"line":63,"column":30},"end":{"line":63,"column":81}},"38":{"start":{"line":63,"column":38},"end":{"line":63,"column":81}},"39":{"start":{"line":64,"column":27},"end":{"line":64,"column":86}},"40":{"start":{"line":64,"column":37},"end":{"line":64,"column":86}},"41":{"start":{"line":67,"column":26},"end":{"line":67,"column":65}},"42":{"start":{"line":67,"column":32},"end":{"line":67,"column":65}},"43":{"start":{"line":68,"column":29},"end":{"line":68,"column":87}},"44":{"start":{"line":68,"column":39},"end":{"line":68,"column":87}},"45":{"start":{"line":69,"column":32},"end":{"line":69,"column":94}},"46":{"start":{"line":69,"column":44},"end":{"line":69,"column":94}},"47":{"start":{"line":70,"column":29},"end":{"line":70,"column":79}},"48":{"start":{"line":70,"column":37},"end":{"line":70,"column":79}},"49":{"start":{"line":73,"column":25},"end":{"line":73,"column":82}},"50":{"start":{"line":73,"column":35},"end":{"line":73,"column":82}},"51":{"start":{"line":74,"column":26},"end":{"line":74,"column":64}},"52":{"start":{"line":74,"column":32},"end":{"line":74,"column":64}},"53":{"start":{"line":75,"column":27},"end":{"line":75,"column":97}},"54":{"start":{"line":75,"column":45},"end":{"line":75,"column":97}},"55":{"start":{"line":76,"column":29},"end":{"line":76,"column":78}},"56":{"start":{"line":76,"column":37},"end":{"line":76,"column":78}},"57":{"start":{"line":79,"column":27},"end":{"line":79,"column":71}},"58":{"start":{"line":79,"column":33},"end":{"line":79,"column":71}},"59":{"start":{"line":80,"column":28},"end":{"line":80,"column":77}},"60":{"start":{"line":80,"column":36},"end":{"line":80,"column":77}},"61":{"start":{"line":83,"column":23},"end":{"line":83,"column":81}},"62":{"start":{"line":83,"column":33},"end":{"line":83,"column":81}},"63":{"start":{"line":84,"column":36},"end":{"line":84,"column":113}},"64":{"start":{"line":84,"column":47},"end":{"line":84,"column":113}},"65":{"start":{"line":87,"column":31},"end":{"line":87,"column":79}},"66":{"start":{"line":87,"column":39},"end":{"line":87,"column":79}},"67":{"start":{"line":88,"column":27},"end":{"line":88,"column":85}},"68":{"start":{"line":88,"column":37},"end":{"line":88,"column":85}},"69":{"start":{"line":89,"column":32},"end":{"line":89,"column":96}},"70":{"start":{"line":89,"column":42},"end":{"line":89,"column":96}},"71":{"start":{"line":90,"column":32},"end":{"line":91,"column":77}},"72":{"start":{"line":91,"column":2},"end":{"line":91,"column":77}},"73":{"start":{"line":92,"column":33},"end":{"line":92,"column":89}},"74":{"start":{"line":92,"column":39},"end":{"line":92,"column":89}},"75":{"start":{"line":93,"column":30},"end":{"line":93,"column":89}},"76":{"start":{"line":93,"column":38},"end":{"line":93,"column":89}}},"fnMap":{"0":{"name":"(anonymous_0)","decl":{"start":{"line":19,"column":23},"end":{"line":19,"column":24}},"loc":{"start":{"line":19,"column":88},"end":{"line":39,"column":1}},"line":19},"1":{"name":"(anonymous_1)","decl":{"start":{"line":42,"column":21},"end":{"line":42,"column":22}},"loc":{"start":{"line":42,"column":31},"end":{"line":42,"column":75}},"line":42},"2":{"name":"(anonymous_2)","decl":{"start":{"line":43,"column":24},"end":{"line":43,"column":25}},"loc":{"start":{"line":43,"column":34},"end":{"line":43,"column":81}},"line":43},"3":{"name":"(anonymous_3)","decl":{"start":{"line":44,"column":30},"end":{"line":44,"column":31}},"loc":{"start":{"line":44,"column":40},"end":{"line":44,"column":94}},"line":44},"4":{"name":"(anonymous_4)","decl":{"start":{"line":45,"column":29},"end":{"line":45,"column":30}},"loc":{"start":{"line":45,"column":46},"end":{"line":45,"column":107}},"line":45},"5":{"name":"(anonymous_5)","decl":{"start":{"line":46,"column":30},"end":{"line":46,"column":31}},"loc":{"start":{"line":47,"column":2},"end":{"line":47,"column":102}},"line":47},"6":{"name":"(anonymous_6)","decl":{"start":{"line":48,"column":26},"end":{"line":48,"column":27}},"loc":{"start":{"line":48,"column":32},"end":{"line":48,"column":75}},"line":48},"7":{"name":"(anonymous_7)","decl":{"start":{"line":51,"column":30},"end":{"line":51,"column":31}},"loc":{"start":{"line":51,"column":36},"end":{"line":51,"column":66}},"line":51},"8":{"name":"(anonymous_8)","decl":{"start":{"line":52,"column":35},"end":{"line":52,"column":36}},"loc":{"start":{"line":52,"column":43},"end":{"line":52,"column":81}},"line":52},"9":{"name":"(anonymous_9)","decl":{"start":{"line":53,"column":30},"end":{"line":53,"column":31}},"loc":{"start":{"line":54,"column":2},"end":{"line":54,"column":86}},"line":54},"10":{"name":"(anonymous_10)","decl":{"start":{"line":55,"column":30},"end":{"line":55,"column":31}},"loc":{"start":{"line":55,"column":38},"end":{"line":55,"column":77}},"line":55},"11":{"name":"(anonymous_11)","decl":{"start":{"line":56,"column":24},"end":{"line":56,"column":25}},"loc":{"start":{"line":57,"column":2},"end":{"line":57,"column":91}},"line":57},"12":{"name":"(anonymous_12)","decl":{"start":{"line":58,"column":29},"end":{"line":58,"column":30}},"loc":{"start":{"line":58,"column":37},"end":{"line":58,"column":80}},"line":58},"13":{"name":"(anonymous_13)","decl":{"start":{"line":59,"column":30},"end":{"line":59,"column":31}},"loc":{"start":{"line":59,"column":38},"end":{"line":59,"column":82}},"line":59},"14":{"name":"(anonymous_14)","decl":{"start":{"line":62,"column":29},"end":{"line":62,"column":30}},"loc":{"start":{"line":62,"column":35},"end":{"line":62,"column":69}},"line":62},"15":{"name":"(anonymous_15)","decl":{"start":{"line":63,"column":30},"end":{"line":63,"column":31}},"loc":{"start":{"line":63,"column":38},"end":{"line":63,"column":81}},"line":63},"16":{"name":"(anonymous_16)","decl":{"start":{"line":64,"column":27},"end":{"line":64,"column":28}},"loc":{"start":{"line":64,"column":37},"end":{"line":64,"column":86}},"line":64},"17":{"name":"(anonymous_17)","decl":{"start":{"line":67,"column":26},"end":{"line":67,"column":27}},"loc":{"start":{"line":67,"column":32},"end":{"line":67,"column":65}},"line":67},"18":{"name":"(anonymous_18)","decl":{"start":{"line":68,"column":29},"end":{"line":68,"column":30}},"loc":{"start":{"line":68,"column":39},"end":{"line":68,"column":87}},"line":68},"19":{"name":"(anonymous_19)","decl":{"start":{"line":69,"column":32},"end":{"line":69,"column":33}},"loc":{"start":{"line":69,"column":44},"end":{"line":69,"column":94}},"line":69},"20":{"name":"(anonymous_20)","decl":{"start":{"line":70,"column":29},"end":{"line":70,"column":30}},"loc":{"start":{"line":70,"column":37},"end":{"line":70,"column":79}},"line":70},"21":{"name":"(anonymous_21)","decl":{"start":{"line":73,"column":25},"end":{"line":73,"column":26}},"loc":{"start":{"line":73,"column":35},"end":{"line":73,"column":82}},"line":73},"22":{"name":"(anonymous_22)","decl":{"start":{"line":74,"column":26},"end":{"line":74,"column":27}},"loc":{"start":{"line":74,"column":32},"end":{"line":74,"column":64}},"line":74},"23":{"name":"(anonymous_23)","decl":{"start":{"line":75,"column":27},"end":{"line":75,"column":28}},"loc":{"start":{"line":75,"column":45},"end":{"line":75,"column":97}},"line":75},"24":{"name":"(anonymous_24)","decl":{"start":{"line":76,"column":29},"end":{"line":76,"column":30}},"loc":{"start":{"line":76,"column":37},"end":{"line":76,"column":78}},"line":76},"25":{"name":"(anonymous_25)","decl":{"start":{"line":79,"column":27},"end":{"line":79,"column":28}},"loc":{"start":{"line":79,"column":33},"end":{"line":79,"column":71}},"line":79},"26":{"name":"(anonymous_26)","decl":{"start":{"line":80,"column":28},"end":{"line":80,"column":29}},"loc":{"start":{"line":80,"column":36},"end":{"line":80,"column":77}},"line":80},"27":{"name":"(anonymous_27)","decl":{"start":{"line":83,"column":23},"end":{"line":83,"column":24}},"loc":{"start":{"line":83,"column":33},"end":{"line":83,"column":81}},"line":83},"28":{"name":"(anonymous_28)","decl":{"start":{"line":84,"column":36},"end":{"line":84,"column":37}},"loc":{"start":{"line":84,"column":47},"end":{"line":84,"column":113}},"line":84},"29":{"name":"(anonymous_29)","decl":{"start":{"line":87,"column":31},"end":{"line":87,"column":32}},"loc":{"start":{"line":87,"column":39},"end":{"line":87,"column":79}},"line":87},"30":{"name":"(anonymous_30)","decl":{"start":{"line":88,"column":27},"end":{"line":88,"column":28}},"loc":{"start":{"line":88,"column":37},"end":{"line":88,"column":85}},"line":88},"31":{"name":"(anonymous_31)","decl":{"start":{"line":89,"column":32},"end":{"line":89,"column":33}},"loc":{"start":{"line":89,"column":42},"end":{"line":89,"column":96}},"line":89},"32":{"name":"(anonymous_32)","decl":{"start":{"line":90,"column":32},"end":{"line":90,"column":33}},"loc":{"start":{"line":91,"column":2},"end":{"line":91,"column":77}},"line":91},"33":{"name":"(anonymous_33)","decl":{"start":{"line":92,"column":33},"end":{"line":92,"column":34}},"loc":{"start":{"line":92,"column":39},"end":{"line":92,"column":89}},"line":92},"34":{"name":"(anonymous_34)","decl":{"start":{"line":93,"column":30},"end":{"line":93,"column":31}},"loc":{"start":{"line":93,"column":38},"end":{"line":93,"column":89}},"line":93}},"branchMap":{"0":{"loc":{"start":{"line":19,"column":48},"end":{"line":19,"column":59}},"type":"default-arg","locations":[{"start":{"line":19,"column":57},"end":{"line":19,"column":59}}],"line":19},"1":{"loc":{"start":{"line":19,"column":61},"end":{"line":19,"column":72}},"type":"default-arg","locations":[{"start":{"line":19,"column":70},"end":{"line":19,"column":72}}],"line":19},"2":{"loc":{"start":{"line":19,"column":74},"end":{"line":19,"column":83}},"type":"default-arg","locations":[{"start":{"line":19,"column":81},"end":{"line":19,"column":83}}],"line":19}},"s":{"0":4,"1":4,"2":0,"3":0,"4":0,"5":0,"6":0,"7":0,"8":0,"9":4,"10":0,"11":4,"12":0,"13":4,"14":0,"15":4,"16":0,"17":4,"18":0,"19":4,"20":0,"21":4,"22":0,"23":4,"24":0,"25":4,"26":0,"27":4,"28":0,"29":4,"30":0,"31":4,"32":0,"33":4,"34":0,"35":4,"36":0,"37":4,"38":0,"39":4,"40":0,"41":4,"42":0,"43":4,"44":0,"45":4,"46":0,"47":4,"48":0,"49":4,"50":0,"51":4,"52":0,"53":4,"54":0,"55":4,"56":0,"57":4,"58":0,"59":4,"60":0,"61":4,"62":0,"63":4,"64":0,"65":4,"66":0,"67":4,"68":0,"69":4,"70":0,"71":4,"72":0,"73":4,"74":0,"75":4,"76":0},"f":{"0":0,"1":0,"2":0,"3":0,"4":0,"5":0,"6":0,"7":0,"8":0,"9":0,"10":0,"11":0,"12":0,"13":0,"14":0,"15":0,"16":0,"17":0,"18":0,"19":0,"20":0,"21":0,"22":0,"23":0,"24":0,"25":0,"26":0,"27":0,"28":0,"29":0,"30":0,"31":0,"32":0,"33":0,"34":0},"b":{"0":[0],"1":[0],"2":[0]},"_coverageSchema":"1a1c01bbd47fc00a2c39e90264f33305004495a9","hash":"ce45a09cc74ef9a03ef1d877b67213cbc4ef5d01"}
,"D:\\Kerjaan\\Oktober 2023\\Final Project\\codepresso\\client\\src\\languages\\en.js": {"path":"D:\\Kerjaan\\Oktober 2023\\Final Project\\codepresso\\client\\src\\languages\\en.js","statementMap":{},"fnMap":{},"branchMap":{},"s":{},"f":{},"b":{},"_coverageSchema":"1a1c01bbd47fc00a2c39e90264f33305004495a9","hash":"f0eb93c994529bfb02d7b23abc3ae817d6693c3b"}
,"D:\\Kerjaan\\Oktober 2023\\Final Project\\codepresso\\client\\src\\languages\\id.js": {"path":"D:\\Kerjaan\\Oktober 2023\\Final Project\\codepresso\\client\\src\\languages\\id.js","statementMap":{},"fnMap":{},"branchMap":{},"s":{},"f":{},"b":{},"_coverageSchema":"1a1c01bbd47fc00a2c39e90264f33305004495a9","hash":"e4333895a0ed9e691f2542248d38376159d2a459"}
,"D:\\Kerjaan\\Oktober 2023\\Final Project\\codepresso\\client\\src\\pages\\ActiveOrder\\actions.js": {"path":"D:\\Kerjaan\\Oktober 2023\\Final Project\\codepresso\\client\\src\\pages\\ActiveOrder\\actions.js","statementMap":{"0":{"start":{"line":3,"column":33},"end":{"line":5,"column":2}},"1":{"start":{"line":3,"column":40},"end":{"line":5,"column":1}},"2":{"start":{"line":6,"column":33},"end":{"line":9,"column":2}},"3":{"start":{"line":6,"column":44},"end":{"line":9,"column":1}},"4":{"start":{"line":11,"column":30},"end":{"line":14,"column":2}},"5":{"start":{"line":11,"column":41},"end":{"line":14,"column":1}}},"fnMap":{"0":{"name":"(anonymous_0)","decl":{"start":{"line":3,"column":33},"end":{"line":3,"column":34}},"loc":{"start":{"line":3,"column":40},"end":{"line":5,"column":1}},"line":3},"1":{"name":"(anonymous_1)","decl":{"start":{"line":6,"column":33},"end":{"line":6,"column":34}},"loc":{"start":{"line":6,"column":44},"end":{"line":9,"column":1}},"line":6},"2":{"name":"(anonymous_2)","decl":{"start":{"line":11,"column":30},"end":{"line":11,"column":31}},"loc":{"start":{"line":11,"column":41},"end":{"line":14,"column":1}},"line":11}},"branchMap":{},"s":{"0":4,"1":0,"2":4,"3":0,"4":4,"5":0},"f":{"0":0,"1":0,"2":0},"b":{},"_coverageSchema":"1a1c01bbd47fc00a2c39e90264f33305004495a9","hash":"317c94ed7471dce1726f37f784b61f17d02620db"}
,"D:\\Kerjaan\\Oktober 2023\\Final Project\\codepresso\\client\\src\\pages\\ActiveOrder\\constants.js": {"path":"D:\\Kerjaan\\Oktober 2023\\Final Project\\codepresso\\client\\src\\pages\\ActiveOrder\\constants.js","statementMap":{"0":{"start":{"line":1,"column":35},"end":{"line":1,"column":56}},"1":{"start":{"line":2,"column":35},"end":{"line":2,"column":56}},"2":{"start":{"line":3,"column":32},"end":{"line":3,"column":50}}},"fnMap":{},"branchMap":{},"s":{"0":4,"1":4,"2":4},"f":{},"b":{},"_coverageSchema":"1a1c01bbd47fc00a2c39e90264f33305004495a9","hash":"c3ee68323864dabf9d50d181a1ab48fe1023d498"}
,"D:\\Kerjaan\\Oktober 2023\\Final Project\\codepresso\\client\\src\\pages\\ActiveOrder\\reducer.js": {"path":"D:\\Kerjaan\\Oktober 2023\\Final Project\\codepresso\\client\\src\\pages\\ActiveOrder\\reducer.js","statementMap":{"0":{"start":{"line":4,"column":28},"end":{"line":6,"column":1}},"1":{"start":{"line":8,"column":27},"end":{"line":15,"column":4}},"2":{"start":{"line":9,"column":2},"end":{"line":15,"column":4}},"3":{"start":{"line":10,"column":4},"end":{"line":14,"column":5}},"4":{"start":{"line":12,"column":8},"end":{"line":12,"column":46}},"5":{"start":{"line":13,"column":8},"end":{"line":13,"column":14}}},"fnMap":{"0":{"name":"(anonymous_0)","decl":{"start":{"line":8,"column":27},"end":{"line":8,"column":28}},"loc":{"start":{"line":9,"column":2},"end":{"line":15,"column":4}},"line":9},"1":{"name":"(anonymous_1)","decl":{"start":{"line":9,"column":17},"end":{"line":9,"column":18}},"loc":{"start":{"line":9,"column":28},"end":{"line":15,"column":3}},"line":9}},"branchMap":{"0":{"loc":{"start":{"line":8,"column":28},"end":{"line":8,"column":48}},"type":"default-arg","locations":[{"start":{"line":8,"column":36},"end":{"line":8,"column":48}}],"line":8},"1":{"loc":{"start":{"line":10,"column":4},"end":{"line":14,"column":5}},"type":"switch","locations":[{"start":{"line":11,"column":6},"end":{"line":13,"column":14}}],"line":10}},"s":{"0":4,"1":4,"2":32,"3":32,"4":0,"5":0},"f":{"0":32,"1":32},"b":{"0":[12],"1":[0]},"_coverageSchema":"1a1c01bbd47fc00a2c39e90264f33305004495a9","hash":"c863646d8c8d615b2a9b00a11eb0f71afbfba10f"}
,"D:\\Kerjaan\\Oktober 2023\\Final Project\\codepresso\\client\\src\\pages\\ActiveOrder\\saga.js": {"path":"D:\\Kerjaan\\Oktober 2023\\Final Project\\codepresso\\client\\src\\pages\\ActiveOrder\\saga.js","statementMap":{"0":{"start":{"line":10,"column":2},"end":{"line":10,"column":30}},"1":{"start":{"line":11,"column":2},"end":{"line":22,"column":3}},"2":{"start":{"line":12,"column":21},"end":{"line":12,"column":50}},"3":{"start":{"line":13,"column":4},"end":{"line":13,"column":43}},"4":{"start":{"line":15,"column":4},"end":{"line":19,"column":5}},"5":{"start":{"line":16,"column":6},"end":{"line":16,"column":30}},"6":{"start":{"line":18,"column":6},"end":{"line":18,"column":29}},"7":{"start":{"line":21,"column":4},"end":{"line":21,"column":33}},"8":{"start":{"line":26,"column":2},"end":{"line":26,"column":30}},"9":{"start":{"line":27,"column":2},"end":{"line":38,"column":3}},"10":{"start":{"line":28,"column":4},"end":{"line":28,"column":47}},"11":{"start":{"line":29,"column":4},"end":{"line":29,"column":29}},"12":{"start":{"line":31,"column":4},"end":{"line":35,"column":5}},"13":{"start":{"line":32,"column":6},"end":{"line":32,"column":30}},"14":{"start":{"line":34,"column":6},"end":{"line":34,"column":29}},"15":{"start":{"line":37,"column":4},"end":{"line":37,"column":33}},"16":{"start":{"line":42,"column":2},"end":{"line":42,"column":61}},"17":{"start":{"line":43,"column":2},"end":{"line":43,"column":55}}},"fnMap":{"0":{"name":"doGetActivePurchase","decl":{"start":{"line":9,"column":10},"end":{"line":9,"column":29}},"loc":{"start":{"line":9,"column":32},"end":{"line":23,"column":1}},"line":9},"1":{"name":"dosetFinishOrder","decl":{"start":{"line":25,"column":10},"end":{"line":25,"column":26}},"loc":{"start":{"line":25,"column":35},"end":{"line":39,"column":1}},"line":25},"2":{"name":"activeOrderSaga","decl":{"start":{"line":41,"column":17},"end":{"line":41,"column":32}},"loc":{"start":{"line":41,"column":35},"end":{"line":44,"column":1}},"line":41}},"branchMap":{"0":{"loc":{"start":{"line":15,"column":4},"end":{"line":19,"column":5}},"type":"if","locations":[{"start":{"line":15,"column":4},"end":{"line":19,"column":5}},{"start":{"line":17,"column":11},"end":{"line":19,"column":5}}],"line":15},"1":{"loc":{"start":{"line":15,"column":8},"end":{"line":15,"column":116}},"type":"binary-expr","locations":[{"start":{"line":15,"column":8},"end":{"line":15,"column":22}},{"start":{"line":15,"column":26},"end":{"line":15,"column":45}},{"start":{"line":15,"column":49},"end":{"line":15,"column":116}}],"line":15},"2":{"loc":{"start":{"line":31,"column":4},"end":{"line":35,"column":5}},"type":"if","locations":[{"start":{"line":31,"column":4},"end":{"line":35,"column":5}},{"start":{"line":33,"column":11},"end":{"line":35,"column":5}}],"line":31},"3":{"loc":{"start":{"line":31,"column":8},"end":{"line":31,"column":116}},"type":"binary-expr","locations":[{"start":{"line":31,"column":8},"end":{"line":31,"column":22}},{"start":{"line":31,"column":26},"end":{"line":31,"column":45}},{"start":{"line":31,"column":49},"end":{"line":31,"column":116}}],"line":31}},"s":{"0":0,"1":0,"2":0,"3":0,"4":0,"5":0,"6":0,"7":0,"8":0,"9":0,"10":0,"11":0,"12":0,"13":0,"14":0,"15":0,"16":4,"17":4},"f":{"0":0,"1":0,"2":4},"b":{"0":[0,0],"1":[0,0,0],"2":[0,0],"3":[0,0,0]},"_coverageSchema":"1a1c01bbd47fc00a2c39e90264f33305004495a9","hash":"f3208ccfa7f813a4ac98b8fb517a8606ecdfe8db"}
,"D:\\Kerjaan\\Oktober 2023\\Final Project\\codepresso\\client\\src\\pages\\CreateDriver\\actions.js": {"path":"D:\\Kerjaan\\Oktober 2023\\Final Project\\codepresso\\client\\src\\pages\\CreateDriver\\actions.js","statementMap":{"0":{"start":{"line":3,"column":37},"end":{"line":6,"column":2}},"1":{"start":{"line":3,"column":48},"end":{"line":6,"column":1}},"2":{"start":{"line":8,"column":37},"end":{"line":11,"column":2}},"3":{"start":{"line":8,"column":51},"end":{"line":11,"column":1}}},"fnMap":{"0":{"name":"(anonymous_0)","decl":{"start":{"line":3,"column":37},"end":{"line":3,"column":38}},"loc":{"start":{"line":3,"column":48},"end":{"line":6,"column":1}},"line":3},"1":{"name":"(anonymous_1)","decl":{"start":{"line":8,"column":37},"end":{"line":8,"column":38}},"loc":{"start":{"line":8,"column":51},"end":{"line":11,"column":1}},"line":8}},"branchMap":{},"s":{"0":4,"1":0,"2":4,"3":0},"f":{"0":0,"1":0},"b":{},"_coverageSchema":"1a1c01bbd47fc00a2c39e90264f33305004495a9","hash":"6c3b4b0fa01644bff1d7bb421bc235c3aa660a16"}
,"D:\\Kerjaan\\Oktober 2023\\Final Project\\codepresso\\client\\src\\pages\\CreateDriver\\constants.js": {"path":"D:\\Kerjaan\\Oktober 2023\\Final Project\\codepresso\\client\\src\\pages\\CreateDriver\\constants.js","statementMap":{"0":{"start":{"line":1,"column":39},"end":{"line":1,"column":64}},"1":{"start":{"line":2,"column":39},"end":{"line":2,"column":64}}},"fnMap":{},"branchMap":{},"s":{"0":4,"1":4},"f":{},"b":{},"_coverageSchema":"1a1c01bbd47fc00a2c39e90264f33305004495a9","hash":"c3c6c79ee17b84617fb3bf7f9b2df0923055812a"}
,"D:\\Kerjaan\\Oktober 2023\\Final Project\\codepresso\\client\\src\\pages\\CreateDriver\\reducer.js": {"path":"D:\\Kerjaan\\Oktober 2023\\Final Project\\codepresso\\client\\src\\pages\\CreateDriver\\reducer.js","statementMap":{"0":{"start":{"line":5,"column":28},"end":{"line":7,"column":1}},"1":{"start":{"line":9,"column":30},"end":{"line":16,"column":4}},"2":{"start":{"line":10,"column":2},"end":{"line":16,"column":4}},"3":{"start":{"line":11,"column":4},"end":{"line":15,"column":5}},"4":{"start":{"line":13,"column":8},"end":{"line":13,"column":51}},"5":{"start":{"line":14,"column":8},"end":{"line":14,"column":14}}},"fnMap":{"0":{"name":"(anonymous_0)","decl":{"start":{"line":9,"column":30},"end":{"line":9,"column":31}},"loc":{"start":{"line":10,"column":2},"end":{"line":16,"column":4}},"line":10},"1":{"name":"(anonymous_1)","decl":{"start":{"line":10,"column":17},"end":{"line":10,"column":18}},"loc":{"start":{"line":10,"column":28},"end":{"line":16,"column":3}},"line":10}},"branchMap":{"0":{"loc":{"start":{"line":9,"column":31},"end":{"line":9,"column":51}},"type":"default-arg","locations":[{"start":{"line":9,"column":39},"end":{"line":9,"column":51}}],"line":9},"1":{"loc":{"start":{"line":11,"column":4},"end":{"line":15,"column":5}},"type":"switch","locations":[{"start":{"line":12,"column":6},"end":{"line":14,"column":14}}],"line":11}},"s":{"0":4,"1":4,"2":32,"3":32,"4":0,"5":0},"f":{"0":32,"1":32},"b":{"0":[12],"1":[0]},"_coverageSchema":"1a1c01bbd47fc00a2c39e90264f33305004495a9","hash":"2cc0595c539f254f41766013dabbf71cf022dbbe"}
,"D:\\Kerjaan\\Oktober 2023\\Final Project\\codepresso\\client\\src\\pages\\CreateDriver\\saga.js": {"path":"D:\\Kerjaan\\Oktober 2023\\Final Project\\codepresso\\client\\src\\pages\\CreateDriver\\saga.js","statementMap":{"0":{"start":{"line":9,"column":2},"end":{"line":9,"column":30}},"1":{"start":{"line":10,"column":2},"end":{"line":21,"column":3}},"2":{"start":{"line":11,"column":28},"end":{"line":11,"column":42}},"3":{"start":{"line":12,"column":4},"end":{"line":12,"column":44}},"4":{"start":{"line":14,"column":4},"end":{"line":18,"column":5}},"5":{"start":{"line":15,"column":6},"end":{"line":15,"column":30}},"6":{"start":{"line":17,"column":6},"end":{"line":17,"column":68}},"7":{"start":{"line":20,"column":4},"end":{"line":20,"column":33}},"8":{"start":{"line":25,"column":2},"end":{"line":25,"column":62}}},"fnMap":{"0":{"name":"doRegisterDriver","decl":{"start":{"line":8,"column":10},"end":{"line":8,"column":26}},"loc":{"start":{"line":8,"column":35},"end":{"line":22,"column":1}},"line":8},"1":{"name":"registerDriverSaga","decl":{"start":{"line":24,"column":17},"end":{"line":24,"column":35}},"loc":{"start":{"line":24,"column":38},"end":{"line":26,"column":1}},"line":24}},"branchMap":{"0":{"loc":{"start":{"line":14,"column":4},"end":{"line":18,"column":5}},"type":"if","locations":[{"start":{"line":14,"column":4},"end":{"line":18,"column":5}},{"start":{"line":16,"column":11},"end":{"line":18,"column":5}}],"line":14},"1":{"loc":{"start":{"line":14,"column":8},"end":{"line":14,"column":116}},"type":"binary-expr","locations":[{"start":{"line":14,"column":8},"end":{"line":14,"column":22}},{"start":{"line":14,"column":26},"end":{"line":14,"column":45}},{"start":{"line":14,"column":49},"end":{"line":14,"column":116}}],"line":14}},"s":{"0":0,"1":0,"2":0,"3":0,"4":0,"5":0,"6":0,"7":0,"8":4},"f":{"0":0,"1":4},"b":{"0":[0,0],"1":[0,0,0]},"_coverageSchema":"1a1c01bbd47fc00a2c39e90264f33305004495a9","hash":"7fe0fa3dde9a595876466e254801e664e75ede3d"}
,"D:\\Kerjaan\\Oktober 2023\\Final Project\\codepresso\\client\\src\\pages\\CreateMenu\\actions.js": {"path":"D:\\Kerjaan\\Oktober 2023\\Final Project\\codepresso\\client\\src\\pages\\CreateMenu\\actions.js","statementMap":{"0":{"start":{"line":3,"column":26},"end":{"line":6,"column":2}},"1":{"start":{"line":3,"column":37},"end":{"line":6,"column":1}},"2":{"start":{"line":8,"column":30},"end":{"line":11,"column":2}},"3":{"start":{"line":8,"column":41},"end":{"line":11,"column":1}}},"fnMap":{"0":{"name":"(anonymous_0)","decl":{"start":{"line":3,"column":26},"end":{"line":3,"column":27}},"loc":{"start":{"line":3,"column":37},"end":{"line":6,"column":1}},"line":3},"1":{"name":"(anonymous_1)","decl":{"start":{"line":8,"column":30},"end":{"line":8,"column":31}},"loc":{"start":{"line":8,"column":41},"end":{"line":11,"column":1}},"line":8}},"branchMap":{},"s":{"0":4,"1":0,"2":4,"3":0},"f":{"0":0,"1":0},"b":{},"_coverageSchema":"1a1c01bbd47fc00a2c39e90264f33305004495a9","hash":"bc7b7dcb856582c908e8c4f1d2adea83e2798d7f"}
,"D:\\Kerjaan\\Oktober 2023\\Final Project\\codepresso\\client\\src\\pages\\CreateMenu\\constants.js": {"path":"D:\\Kerjaan\\Oktober 2023\\Final Project\\codepresso\\client\\src\\pages\\CreateMenu\\constants.js","statementMap":{"0":{"start":{"line":1,"column":27},"end":{"line":1,"column":40}},"1":{"start":{"line":2,"column":32},"end":{"line":2,"column":50}}},"fnMap":{},"branchMap":{},"s":{"0":4,"1":4},"f":{},"b":{},"_coverageSchema":"1a1c01bbd47fc00a2c39e90264f33305004495a9","hash":"b00cc90cbb62806d9386681267254e58586da154"}
,"D:\\Kerjaan\\Oktober 2023\\Final Project\\codepresso\\client\\src\\pages\\CreateMenu\\reducer.js": {"path":"D:\\Kerjaan\\Oktober 2023\\Final Project\\codepresso\\client\\src\\pages\\CreateMenu\\reducer.js","statementMap":{"0":{"start":{"line":4,"column":28},"end":{"line":6,"column":1}},"1":{"start":{"line":8,"column":20},"end":{"line":15,"column":4}},"2":{"start":{"line":9,"column":2},"end":{"line":15,"column":4}},"3":{"start":{"line":10,"column":4},"end":{"line":14,"column":5}},"4":{"start":{"line":12,"column":8},"end":{"line":12,"column":43}},"5":{"start":{"line":13,"column":8},"end":{"line":13,"column":14}}},"fnMap":{"0":{"name":"(anonymous_0)","decl":{"start":{"line":8,"column":20},"end":{"line":8,"column":21}},"loc":{"start":{"line":9,"column":2},"end":{"line":15,"column":4}},"line":9},"1":{"name":"(anonymous_1)","decl":{"start":{"line":9,"column":17},"end":{"line":9,"column":18}},"loc":{"start":{"line":9,"column":28},"end":{"line":15,"column":3}},"line":9}},"branchMap":{"0":{"loc":{"start":{"line":8,"column":21},"end":{"line":8,"column":41}},"type":"default-arg","locations":[{"start":{"line":8,"column":29},"end":{"line":8,"column":41}}],"line":8},"1":{"loc":{"start":{"line":10,"column":4},"end":{"line":14,"column":5}},"type":"switch","locations":[{"start":{"line":11,"column":6},"end":{"line":13,"column":14}}],"line":10}},"s":{"0":4,"1":4,"2":32,"3":32,"4":0,"5":0},"f":{"0":32,"1":32},"b":{"0":[12],"1":[0]},"_coverageSchema":"1a1c01bbd47fc00a2c39e90264f33305004495a9","hash":"73a600db71a50f2c900f5e7fdb588eea6233b8e9"}
,"D:\\Kerjaan\\Oktober 2023\\Final Project\\codepresso\\client\\src\\pages\\CreateMenu\\saga.js": {"path":"D:\\Kerjaan\\Oktober 2023\\Final Project\\codepresso\\client\\src\\pages\\CreateMenu\\saga.js","statementMap":{"0":{"start":{"line":10,"column":2},"end":{"line":10,"column":30}},"1":{"start":{"line":11,"column":2},"end":{"line":23,"column":3}},"2":{"start":{"line":12,"column":28},"end":{"line":12,"column":42}},"3":{"start":{"line":13,"column":4},"end":{"line":13,"column":44}},"4":{"start":{"line":14,"column":4},"end":{"line":14,"column":39}},"5":{"start":{"line":16,"column":4},"end":{"line":20,"column":5}},"6":{"start":{"line":17,"column":6},"end":{"line":17,"column":30}},"7":{"start":{"line":19,"column":6},"end":{"line":19,"column":61}},"8":{"start":{"line":22,"column":4},"end":{"line":22,"column":33}},"9":{"start":{"line":27,"column":2},"end":{"line":27,"column":46}}},"fnMap":{"0":{"name":"doCreateMenu","decl":{"start":{"line":9,"column":10},"end":{"line":9,"column":22}},"loc":{"start":{"line":9,"column":31},"end":{"line":24,"column":1}},"line":9},"1":{"name":"menuSaga","decl":{"start":{"line":26,"column":17},"end":{"line":26,"column":25}},"loc":{"start":{"line":26,"column":28},"end":{"line":28,"column":1}},"line":26}},"branchMap":{"0":{"loc":{"start":{"line":16,"column":4},"end":{"line":20,"column":5}},"type":"if","locations":[{"start":{"line":16,"column":4},"end":{"line":20,"column":5}},{"start":{"line":18,"column":11},"end":{"line":20,"column":5}}],"line":16},"1":{"loc":{"start":{"line":16,"column":8},"end":{"line":16,"column":116}},"type":"binary-expr","locations":[{"start":{"line":16,"column":8},"end":{"line":16,"column":22}},{"start":{"line":16,"column":26},"end":{"line":16,"column":45}},{"start":{"line":16,"column":49},"end":{"line":16,"column":116}}],"line":16}},"s":{"0":0,"1":0,"2":0,"3":0,"4":0,"5":0,"6":0,"7":0,"8":0,"9":4},"f":{"0":0,"1":4},"b":{"0":[0,0],"1":[0,0,0]},"_coverageSchema":"1a1c01bbd47fc00a2c39e90264f33305004495a9","hash":"9f0335862919933c0c33b296d4ed48ba36cd76da"}
,"D:\\Kerjaan\\Oktober 2023\\Final Project\\codepresso\\client\\src\\pages\\DetailOrder\\actions.js": {"path":"D:\\Kerjaan\\Oktober 2023\\Final Project\\codepresso\\client\\src\\pages\\DetailOrder\\actions.js","statementMap":{"0":{"start":{"line":3,"column":31},"end":{"line":6,"column":2}},"1":{"start":{"line":3,"column":40},"end":{"line":6,"column":1}},"2":{"start":{"line":8,"column":31},"end":{"line":11,"column":2}},"3":{"start":{"line":8,"column":42},"end":{"line":11,"column":1}},"4":{"start":{"line":12,"column":29},"end":{"line":15,"column":2}},"5":{"start":{"line":12,"column":38},"end":{"line":15,"column":1}},"6":{"start":{"line":17,"column":28},"end":{"line":20,"column":2}},"7":{"start":{"line":17,"column":39},"end":{"line":20,"column":1}}},"fnMap":{"0":{"name":"(anonymous_0)","decl":{"start":{"line":3,"column":31},"end":{"line":3,"column":32}},"loc":{"start":{"line":3,"column":40},"end":{"line":6,"column":1}},"line":3},"1":{"name":"(anonymous_1)","decl":{"start":{"line":8,"column":31},"end":{"line":8,"column":32}},"loc":{"start":{"line":8,"column":42},"end":{"line":11,"column":1}},"line":8},"2":{"name":"(anonymous_2)","decl":{"start":{"line":12,"column":29},"end":{"line":12,"column":30}},"loc":{"start":{"line":12,"column":38},"end":{"line":15,"column":1}},"line":12},"3":{"name":"(anonymous_3)","decl":{"start":{"line":17,"column":28},"end":{"line":17,"column":29}},"loc":{"start":{"line":17,"column":39},"end":{"line":20,"column":1}},"line":17}},"branchMap":{},"s":{"0":4,"1":0,"2":4,"3":0,"4":4,"5":0,"6":4,"7":0},"f":{"0":0,"1":0,"2":0,"3":0},"b":{},"_coverageSchema":"1a1c01bbd47fc00a2c39e90264f33305004495a9","hash":"5b8e95537ec225a92904e91cf7ec2fb85d08a2be"}
,"D:\\Kerjaan\\Oktober 2023\\Final Project\\codepresso\\client\\src\\pages\\DetailOrder\\constants.js": {"path":"D:\\Kerjaan\\Oktober 2023\\Final Project\\codepresso\\client\\src\\pages\\DetailOrder\\constants.js","statementMap":{"0":{"start":{"line":1,"column":33},"end":{"line":1,"column":52}},"1":{"start":{"line":2,"column":33},"end":{"line":2,"column":52}},"2":{"start":{"line":3,"column":26},"end":{"line":3,"column":38}},"3":{"start":{"line":4,"column":26},"end":{"line":4,"column":38}}},"fnMap":{},"branchMap":{},"s":{"0":4,"1":4,"2":4,"3":4},"f":{},"b":{},"_coverageSchema":"1a1c01bbd47fc00a2c39e90264f33305004495a9","hash":"097e0c945e2475cc54f4bd79d13f6ef8775dbc9a"}
,"D:\\Kerjaan\\Oktober 2023\\Final Project\\codepresso\\client\\src\\pages\\DetailOrder\\reducer.js": {"path":"D:\\Kerjaan\\Oktober 2023\\Final Project\\codepresso\\client\\src\\pages\\DetailOrder\\reducer.js","statementMap":{"0":{"start":{"line":5,"column":28},"end":{"line":8,"column":1}},"1":{"start":{"line":10,"column":25},"end":{"line":10,"column":38}},"2":{"start":{"line":12,"column":24},"end":{"line":22,"column":4}},"3":{"start":{"line":13,"column":2},"end":{"line":22,"column":4}},"4":{"start":{"line":14,"column":4},"end":{"line":21,"column":5}},"5":{"start":{"line":16,"column":8},"end":{"line":16,"column":44}},"6":{"start":{"line":17,"column":8},"end":{"line":17,"column":14}},"7":{"start":{"line":19,"column":8},"end":{"line":19,"column":41}},"8":{"start":{"line":20,"column":8},"end":{"line":20,"column":14}}},"fnMap":{"0":{"name":"(anonymous_0)","decl":{"start":{"line":12,"column":24},"end":{"line":12,"column":25}},"loc":{"start":{"line":13,"column":2},"end":{"line":22,"column":4}},"line":13},"1":{"name":"(anonymous_1)","decl":{"start":{"line":13,"column":17},"end":{"line":13,"column":18}},"loc":{"start":{"line":13,"column":28},"end":{"line":22,"column":3}},"line":13}},"branchMap":{"0":{"loc":{"start":{"line":12,"column":25},"end":{"line":12,"column":45}},"type":"default-arg","locations":[{"start":{"line":12,"column":33},"end":{"line":12,"column":45}}],"line":12},"1":{"loc":{"start":{"line":14,"column":4},"end":{"line":21,"column":5}},"type":"switch","locations":[{"start":{"line":15,"column":6},"end":{"line":17,"column":14}},{"start":{"line":18,"column":6},"end":{"line":20,"column":14}}],"line":14}},"s":{"0":4,"1":4,"2":4,"3":32,"4":32,"5":0,"6":0,"7":0,"8":0},"f":{"0":32,"1":32},"b":{"0":[12],"1":[0,0]},"_coverageSchema":"1a1c01bbd47fc00a2c39e90264f33305004495a9","hash":"550f8644583cb98a8f5ac732067eebd1de81f4a5"}
[...]
rt":{"line":78,"column":2},"end":{"line":85,"column":3}},"26":{"start":{"line":79,"column":4},"end":{"line":79,"column":47}},"27":{"start":{"line":80,"column":4},"end":{"line":80,"column":29}},"28":{"start":{"line":82,"column":4},"end":{"line":82,"column":62}},"29":{"start":{"line":84,"column":4},"end":{"line":84,"column":33}},"30":{"start":{"line":89,"column":2},"end":{"line":89,"column":30}},"31":{"start":{"line":90,"column":2},"end":{"line":97,"column":3}},"32":{"start":{"line":91,"column":4},"end":{"line":91,"column":47}},"33":{"start":{"line":92,"column":4},"end":{"line":92,"column":29}},"34":{"start":{"line":94,"column":4},"end":{"line":94,"column":62}},"35":{"start":{"line":96,"column":4},"end":{"line":96,"column":33}},"36":{"start":{"line":101,"column":2},"end":{"line":101,"column":30}},"37":{"start":{"line":102,"column":2},"end":{"line":109,"column":3}},"38":{"start":{"line":103,"column":4},"end":{"line":103,"column":44}},"39":{"start":{"line":104,"column":4},"end":{"line":104,"column":29}},"40":{"start":{"line":106,"column":4},"end":{"line":106,"column":62}},"41":{"start":{"line":108,"column":4},"end":{"line":108,"column":33}},"42":{"start":{"line":113,"column":2},"end":{"line":113,"column":30}},"43":{"start":{"line":114,"column":2},"end":{"line":121,"column":3}},"44":{"start":{"line":115,"column":4},"end":{"line":115,"column":46}},"45":{"start":{"line":116,"column":4},"end":{"line":116,"column":29}},"46":{"start":{"line":118,"column":4},"end":{"line":118,"column":62}},"47":{"start":{"line":120,"column":4},"end":{"line":120,"column":33}},"48":{"start":{"line":125,"column":2},"end":{"line":125,"column":30}},"49":{"start":{"line":126,"column":2},"end":{"line":133,"column":3}},"50":{"start":{"line":127,"column":4},"end":{"line":127,"column":47}},"51":{"start":{"line":128,"column":4},"end":{"line":128,"column":29}},"52":{"start":{"line":130,"column":4},"end":{"line":130,"column":62}},"53":{"start":{"line":132,"column":4},"end":{"line":132,"column":33}},"54":{"start":{"line":137,"column":2},"end":{"line":137,"column":55}},"55":{"start":{"line":138,"column":2},"end":{"line":138,"column":52}},"56":{"start":{"line":139,"column":2},"end":{"line":139,"column":65}},"57":{"start":{"line":140,"column":2},"end":{"line":140,"column":44}},"58":{"start":{"line":141,"column":2},"end":{"line":141,"column":54}},"59":{"start":{"line":142,"column":2},"end":{"line":142,"column":54}},"60":{"start":{"line":143,"column":2},"end":{"line":143,"column":48}},"61":{"start":{"line":144,"column":2},"end":{"line":144,"column":56}},"62":{"start":{"line":145,"column":2},"end":{"line":145,"column":58}}},"fnMap":{"0":{"name":"doGetAllProducts","decl":{"start":{"line":28,"column":10},"end":{"line":28,"column":26}},"loc":{"start":{"line":28,"column":29},"end":{"line":38,"column":1}},"line":28},"1":{"name":"doGetCategories","decl":{"start":{"line":40,"column":10},"end":{"line":40,"column":25}},"loc":{"start":{"line":40,"column":28},"end":{"line":50,"column":1}},"line":40},"2":{"name":"doGetSelectedProducts","decl":{"start":{"line":52,"column":10},"end":{"line":52,"column":31}},"loc":{"start":{"line":52,"column":40},"end":{"line":62,"column":1}},"line":52},"3":{"name":"doAddBasket","decl":{"start":{"line":64,"column":10},"end":{"line":64,"column":21}},"loc":{"start":{"line":64,"column":30},"end":{"line":74,"column":1}},"line":64},"4":{"name":"doDeleteProducts","decl":{"start":{"line":76,"column":10},"end":{"line":76,"column":26}},"loc":{"start":{"line":76,"column":35},"end":{"line":86,"column":1}},"line":76},"5":{"name":"doDeleteCategory","decl":{"start":{"line":88,"column":10},"end":{"line":88,"column":26}},"loc":{"start":{"line":88,"column":35},"end":{"line":98,"column":1}},"line":88},"6":{"name":"doAddCategory","decl":{"start":{"line":100,"column":10},"end":{"line":100,"column":23}},"loc":{"start":{"line":100,"column":32},"end":{"line":110,"column":1}},"line":100},"7":{"name":"doEnableProduct","decl":{"start":{"line":112,"column":10},"end":{"line":112,"column":25}},"loc":{"start":{"line":112,"column":34},"end":{"line":122,"column":1}},"line":112},"8":{"name":"doDisableProduct","decl":{"start":{"line":124,"column":10},"end":{"line":124,"column":26}},"loc":{"start":{"line":124,"column":35},"end":{"line":134,"column":1}},"line":124},"9":{"name":"productSaga","decl":{"start":{"line":136,"column":17},"end":{"line":136,"column":28}},"loc":{"start":{"line":136,"column":31},"end":{"line":146,"column":1}},"line":136}},"branchMap":{"0":{"loc":{"start":{"line":82,"column":16},"end":{"line":82,"column":60}},"type":"binary-expr","locations":[{"start":{"line":82,"column":16},"end":{"line":82,"column":43}},{"start":{"line":82,"column":47},"end":{"line":82,"column":60}}],"line":82},"1":{"loc":{"start":{"line":94,"column":16},"end":{"line":94,"column":60}},"type":"binary-expr","locations":[{"start":{"line":94,"column":16},"end":{"line":94,"column":43}},{"start":{"line":94,"column":47},"end":{"line":94,"column":60}}],"line":94},"2":{"loc":{"start":{"line":106,"column":16},"end":{"line":106,"column":60}},"type":"binary-expr","locations":[{"start":{"line":106,"column":16},"end":{"line":106,"column":43}},{"start":{"line":106,"column":47},"end":{"line":106,"column":60}}],"line":106},"3":{"loc":{"start":{"line":118,"column":16},"end":{"line":118,"column":60}},"type":"binary-expr","locations":[{"start":{"line":118,"column":16},"end":{"line":118,"column":43}},{"start":{"line":118,"column":47},"end":{"line":118,"column":60}}],"line":118},"4":{"loc":{"start":{"line":130,"column":16},"end":{"line":130,"column":60}},"type":"binary-expr","locations":[{"start":{"line":130,"column":16},"end":{"line":130,"column":43}},{"start":{"line":130,"column":47},"end":{"line":130,"column":60}}],"line":130}},"s":{"0":0,"1":0,"2":0,"3":0,"4":0,"5":0,"6":0,"7":0,"8":0,"9":0,"10":0,"11":0,"12":0,"13":0,"14":0,"15":0,"16":0,"17":0,"18":0,"19":0,"20":0,"21":0,"22":0,"23":0,"24":0,"25":0,"26":0,"27":0,"28":0,"29":0,"30":0,"31":0,"32":0,"33":0,"34":0,"35":0,"36":0,"37":0,"38":0,"39":0,"40":0,"41":0,"42":0,"43":0,"44":0,"45":0,"46":0,"47":0,"48":0,"49":0,"50":0,"51":0,"52":0,"53":0,"54":4,"55":4,"56":4,"57":4,"58":4,"59":4,"60":4,"61":4,"62":4},"f":{"0":0,"1":0,"2":0,"3":0,"4":0,"5":0,"6":0,"7":0,"8":0,"9":4},"b":{"0":[0,0],"1":[0,0],"2":[0,0],"3":[0,0],"4":[0,0]},"_coverageSchema":"1a1c01bbd47fc00a2c39e90264f33305004495a9","hash":"c44c759d5fff909575b777d416fc11c3beb3fc88"}
,"D:\\Kerjaan\\Oktober 2023\\Final Project\\codepresso\\client\\src\\pages\\Register\\actions.js": {"path":"D:\\Kerjaan\\Oktober 2023\\Final Project\\codepresso\\client\\src\\pages\\Register\\actions.js","statementMap":{"0":{"start":{"line":3,"column":31},"end":{"line":6,"column":2}},"1":{"start":{"line":3,"column":42},"end":{"line":6,"column":1}},"2":{"start":{"line":8,"column":31},"end":{"line":11,"column":2}},"3":{"start":{"line":8,"column":45},"end":{"line":11,"column":1}}},"fnMap":{"0":{"name":"(anonymous_0)","decl":{"start":{"line":3,"column":31},"end":{"line":3,"column":32}},"loc":{"start":{"line":3,"column":42},"end":{"line":6,"column":1}},"line":3},"1":{"name":"(anonymous_1)","decl":{"start":{"line":8,"column":31},"end":{"line":8,"column":32}},"loc":{"start":{"line":8,"column":45},"end":{"line":11,"column":1}},"line":8}},"branchMap":{},"s":{"0":4,"1":0,"2":4,"3":0},"f":{"0":0,"1":0},"b":{},"_coverageSchema":"1a1c01bbd47fc00a2c39e90264f33305004495a9","hash":"ba82a0201158c9254f0ab6d7918cb8903c4cd4ed"}
,"D:\\Kerjaan\\Oktober 2023\\Final Project\\codepresso\\client\\src\\pages\\Register\\constants.js": {"path":"D:\\Kerjaan\\Oktober 2023\\Final Project\\codepresso\\client\\src\\pages\\Register\\constants.js","statementMap":{"0":{"start":{"line":1,"column":32},"end":{"line":1,"column":50}},"1":{"start":{"line":2,"column":32},"end":{"line":2,"column":50}}},"fnMap":{},"branchMap":{},"s":{"0":4,"1":4},"f":{},"b":{},"_coverageSchema":"1a1c01bbd47fc00a2c39e90264f33305004495a9","hash":"488ac8da46220da90481944675cffb05ab336c22"}
,"D:\\Kerjaan\\Oktober 2023\\Final Project\\codepresso\\client\\src\\pages\\Register\\reducer.js": {"path":"D:\\Kerjaan\\Oktober 2023\\Final Project\\codepresso\\client\\src\\pages\\Register\\reducer.js","statementMap":{"0":{"start":{"line":5,"column":28},"end":{"line":7,"column":1}},"1":{"start":{"line":9,"column":24},"end":{"line":16,"column":4}},"2":{"start":{"line":10,"column":2},"end":{"line":16,"column":4}},"3":{"start":{"line":11,"column":4},"end":{"line":15,"column":5}},"4":{"start":{"line":13,"column":8},"end":{"line":13,"column":45}},"5":{"start":{"line":14,"column":8},"end":{"line":14,"column":14}}},"fnMap":{"0":{"name":"(anonymous_0)","decl":{"start":{"line":9,"column":24},"end":{"line":9,"column":25}},"loc":{"start":{"line":10,"column":2},"end":{"line":16,"column":4}},"line":10},"1":{"name":"(anonymous_1)","decl":{"start":{"line":10,"column":17},"end":{"line":10,"column":18}},"loc":{"start":{"line":10,"column":28},"end":{"line":16,"column":3}},"line":10}},"branchMap":{"0":{"loc":{"start":{"line":9,"column":25},"end":{"line":9,"column":45}},"type":"default-arg","locations":[{"start":{"line":9,"column":33},"end":{"line":9,"column":45}}],"line":9},"1":{"loc":{"start":{"line":11,"column":4},"end":{"line":15,"column":5}},"type":"switch","locations":[{"start":{"line":12,"column":6},"end":{"line":14,"column":14}}],"line":11}},"s":{"0":4,"1":4,"2":32,"3":32,"4":0,"5":0},"f":{"0":32,"1":32},"b":{"0":[12],"1":[0]},"_coverageSchema":"1a1c01bbd47fc00a2c39e90264f33305004495a9","hash":"89a8234da1bc1d4574987929ccdc4a61f8e18e3f"}
,"D:\\Kerjaan\\Oktober 2023\\Final Project\\codepresso\\client\\src\\pages\\Register\\saga.js": {"path":"D:\\Kerjaan\\Oktober 2023\\Final Project\\codepresso\\client\\src\\pages\\Register\\saga.js","statementMap":{"0":{"start":{"line":8,"column":2},"end":{"line":8,"column":30}},"1":{"start":{"line":9,"column":2},"end":{"line":16,"column":3}},"2":{"start":{"line":10,"column":4},"end":{"line":10,"column":44}},"3":{"start":{"line":11,"column":4},"end":{"line":11,"column":36}},"4":{"start":{"line":13,"column":4},"end":{"line":13,"column":56}},"5":{"start":{"line":15,"column":4},"end":{"line":15,"column":33}},"6":{"start":{"line":20,"column":2},"end":{"line":20,"column":47}}},"fnMap":{"0":{"name":"register","decl":{"start":{"line":7,"column":10},"end":{"line":7,"column":18}},"loc":{"start":{"line":7,"column":27},"end":{"line":17,"column":1}},"line":7},"1":{"name":"registerSaga","decl":{"start":{"line":19,"column":17},"end":{"line":19,"column":29}},"loc":{"start":{"line":19,"column":32},"end":{"line":21,"column":1}},"line":19}},"branchMap":{},"s":{"0":0,"1":0,"2":0,"3":0,"4":0,"5":0,"6":4},"f":{"0":0,"1":4},"b":{},"_coverageSchema":"1a1c01bbd47fc00a2c39e90264f33305004495a9","hash":"832f5af6462715064d16370b1ffb65b04bbc9f69"}
,"D:\\Kerjaan\\Oktober 2023\\Final Project\\codepresso\\client\\src\\pages\\ResetPassword\\actions.js": {"path":"D:\\Kerjaan\\Oktober 2023\\Final Project\\codepresso\\client\\src\\pages\\ResetPassword\\actions.js","statementMap":{"0":{"start":{"line":3,"column":28},"end":{"line":6,"column":2}},"1":{"start":{"line":3,"column":46},"end":{"line":6,"column":1}},"2":{"start":{"line":8,"column":28},"end":{"line":11,"column":2}},"3":{"start":{"line":8,"column":42},"end":{"line":11,"column":1}}},"fnMap":{"0":{"name":"(anonymous_0)","decl":{"start":{"line":3,"column":28},"end":{"line":3,"column":29}},"loc":{"start":{"line":3,"column":46},"end":{"line":6,"column":1}},"line":3},"1":{"name":"(anonymous_1)","decl":{"start":{"line":8,"column":28},"end":{"line":8,"column":29}},"loc":{"start":{"line":8,"column":42},"end":{"line":11,"column":1}},"line":8}},"branchMap":{},"s":{"0":4,"1":0,"2":4,"3":0},"f":{"0":0,"1":0},"b":{},"_coverageSchema":"1a1c01bbd47fc00a2c39e90264f33305004495a9","hash":"93fd08fc28c3b48a0ab91d6920e62e714c204d3d"}
,"D:\\Kerjaan\\Oktober 2023\\Final Project\\codepresso\\client\\src\\pages\\ResetPassword\\constants.js": {"path":"D:\\Kerjaan\\Oktober 2023\\Final Project\\codepresso\\client\\src\\pages\\ResetPassword\\constants.js","statementMap":{"0":{"start":{"line":1,"column":29},"end":{"line":1,"column":44}},"1":{"start":{"line":2,"column":29},"end":{"line":2,"column":44}}},"fnMap":{},"branchMap":{},"s":{"0":4,"1":4},"f":{},"b":{},"_coverageSchema":"1a1c01bbd47fc00a2c39e90264f33305004495a9","hash":"ced3aab407a832a83b1dda583074a228560211ff"}
,"D:\\Kerjaan\\Oktober 2023\\Final Project\\codepresso\\client\\src\\pages\\ResetPassword\\reducer.js": {"path":"D:\\Kerjaan\\Oktober 2023\\Final Project\\codepresso\\client\\src\\pages\\ResetPassword\\reducer.js","statementMap":{"0":{"start":{"line":5,"column":28},"end":{"line":7,"column":1}},"1":{"start":{"line":9,"column":21},"end":{"line":16,"column":4}},"2":{"start":{"line":10,"column":2},"end":{"line":16,"column":4}},"3":{"start":{"line":11,"column":4},"end":{"line":15,"column":5}},"4":{"start":{"line":13,"column":8},"end":{"line":13,"column":42}},"5":{"start":{"line":14,"column":8},"end":{"line":14,"column":14}}},"fnMap":{"0":{"name":"(anonymous_0)","decl":{"start":{"line":9,"column":21},"end":{"line":9,"column":22}},"loc":{"start":{"line":10,"column":2},"end":{"line":16,"column":4}},"line":10},"1":{"name":"(anonymous_1)","decl":{"start":{"line":10,"column":17},"end":{"line":10,"column":18}},"loc":{"start":{"line":10,"column":28},"end":{"line":16,"column":3}},"line":10}},"branchMap":{"0":{"loc":{"start":{"line":9,"column":22},"end":{"line":9,"column":42}},"type":"default-arg","locations":[{"start":{"line":9,"column":30},"end":{"line":9,"column":42}}],"line":9},"1":{"loc":{"start":{"line":11,"column":4},"end":{"line":15,"column":5}},"type":"switch","locations":[{"start":{"line":12,"column":6},"end":{"line":14,"column":14}}],"line":11}},"s":{"0":4,"1":4,"2":32,"3":32,"4":0,"5":0},"f":{"0":32,"1":32},"b":{"0":[12],"1":[0]},"_coverageSchema":"1a1c01bbd47fc00a2c39e90264f33305004495a9","hash":"feca62b0ab906140f92b949384d41cde75499e07"}
,"D:\\Kerjaan\\Oktober 2023\\Final Project\\codepresso\\client\\src\\pages\\ResetPassword\\saga.js": {"path":"D:\\Kerjaan\\Oktober 2023\\Final Project\\codepresso\\client\\src\\pages\\ResetPassword\\saga.js","statementMap":{"0":{"start":{"line":12,"column":23},"end":{"line":22,"column":3}},"1":{"start":{"line":13,"column":4},"end":{"line":17,"column":7}},"2":{"start":{"line":18,"column":4},"end":{"line":21,"column":13}},"3":{"start":{"line":19,"column":6},"end":{"line":19,"column":19}},"4":{"start":{"line":20,"column":6},"end":{"line":20,"column":38}},"5":{"start":{"line":23,"column":2},"end":{"line":23,"column":30}},"6":{"start":{"line":24,"column":2},"end":{"line":31,"column":3}},"7":{"start":{"line":25,"column":21},"end":{"line":25,"column":70}},"8":{"start":{"line":26,"column":4},"end":{"line":26,"column":31}},"9":{"start":{"line":28,"column":4},"end":{"line":28,"column":53}},"10":{"start":{"line":30,"column":4},"end":{"line":30,"column":33}},"11":{"start":{"line":35,"column":2},"end":{"line":35,"column":49}}},"fnMap":{"0":{"name":"resetPassword","decl":{"start":{"line":11,"column":10},"end":{"line":11,"column":23}},"loc":{"start":{"line":11,"column":37},"end":{"line":32,"column":1}},"line":11},"1":{"name":"(anonymous_1)","decl":{"start":{"line":12,"column":23},"end":{"line":12,"column":24}},"loc":{"start":{"line":12,"column":29},"end":{"line":22,"column":3}},"line":12},"2":{"name":"(anonymous_2)","decl":{"start":{"line":18,"column":15},"end":{"line":18,"column":16}},"loc":{"start":{"line":18,"column":21},"end":{"line":21,"column":5}},"line":18},"3":{"name":"resetSaga","decl":{"start":{"line":34,"column":17},"end":{"line":34,"column":26}},"loc":{"start":{"line":34,"column":29},"end":{"line":36,"column":1}},"line":34}},"branchMap":{},"s":{"0":0,"1":0,"2":0,"3":0,"4":0,"5":0,"6":0,"7":0,"8":0,"9":0,"10":0,"11":4},"f":{"0":0,"1":0,"2":0,"3":4},"b":{},"_coverageSchema":"1a1c01bbd47fc00a2c39e90264f33305004495a9","hash":"3ac3d4de709b35ef6c54ed5620a35d11b4afc522"}
,"D:\\Kerjaan\\Oktober 2023\\Final Project\\codepresso\\client\\src\\utils\\request.js": {"path":"D:\\Kerjaan\\Oktober 2023\\Final Project\\codepresso\\client\\src\\utils\\request.js","statementMap":{"0":{"start":{"line":5,"column":0},"end":{"line":12,"column":3}},"1":{"start":{"line":6,"column":16},"end":{"line":6,"column":32}},"2":{"start":{"line":7,"column":20},"end":{"line":7,"column":32}},"3":{"start":{"line":8,"column":2},"end":{"line":10,"column":3}},"4":{"start":{"line":9,"column":4},"end":{"line":9,"column":56}},"5":{"start":{"line":11,"column":2},"end":{"line":11,"column":19}},"6":{"start":{"line":14,"column":0},"end":{"line":17,"column":2}},"7":{"start":{"line":15,"column":16},"end":{"line":15,"column":24}},"8":{"start":{"line":16,"column":13},"end":{"line":16,"column":34}},"9":{"start":{"line":19,"column":16},"end":{"line":19,"column":43}},"10":{"start":{"line":19,"column":29},"end":{"line":19,"column":43}}},"fnMap":{"0":{"name":"(anonymous_0)","decl":{"start":{"line":5,"column":31},"end":{"line":5,"column":32}},"loc":{"start":{"line":5,"column":46},"end":{"line":12,"column":1}},"line":5},"1":{"name":"(anonymous_1)","decl":{"start":{"line":15,"column":2},"end":{"line":15,"column":3}},"loc":{"start":{"line":15,"column":16},"end":{"line":15,"column":24}},"line":15},"2":{"name":"(anonymous_2)","decl":{"start":{"line":16,"column":2},"end":{"line":16,"column":3}},"loc":{"start":{"line":16,"column":13},"end":{"line":16,"column":34}},"line":16},"3":{"name":"(anonymous_3)","decl":{"start":{"line":19,"column":16},"end":{"line":19,"column":17}},"loc":{"start":{"line":19,"column":29},"end":{"line":19,"column":43}},"line":19}},"branchMap":{"0":{"loc":{"start":{"line":8,"column":2},"end":{"line":10,"column":3}},"type":"if","locations":[{"start":{"line":8,"column":2},"end":{"line":10,"column":3}},{"start":{},"end":{}}],"line":8}},"s":{"0":4,"1":0,"2":0,"3":0,"4":0,"5":0,"6":4,"7":0,"8":0,"9":4,"10":0},"f":{"0":0,"1":0,"2":0,"3":0},"b":{"0":[0,0]},"_coverageSchema":"1a1c01bbd47fc00a2c39e90264f33305004495a9","hash":"a3f3bf62e1e2d7f81e02d5060749fec8fb0d160c"}
,"D:\\Kerjaan\\Oktober 2023\\Final Project\\codepresso\\client\\src\\utils\\testHelper.js": {"path":"D:\\Kerjaan\\Oktober 2023\\Final Project\\codepresso\\client\\src\\utils\\testHelper.js","statementMap":{"0":{"start":{"line":12,"column":17},"end":{"line":15,"column":1}},"1":{"start":{"line":17,"column":20},"end":{"line":23,"column":1}},"2":{"start":{"line":18,"column":2},"end":{"line":22,"column":13}},"3":{"start":{"line":25,"column":0},"end":{"line":27,"column":2}},"4":{"start":{"line":29,"column":21},"end":{"line":29,"column":86}},"5":{"start":{"line":29,"column":38},"end":{"line":29,"column":86}},"6":{"start":{"line":31,"column":13},"end":{"line":34,"column":4}},"7":{"start":{"line":32,"column":2},"end":{"line":34,"column":4}},"8":{"start":{"line":33,"column":4},"end":{"line":33,"column":38}},"9":{"start":{"line":33,"column":21},"end":{"line":33,"column":30}}},"fnMap":{"0":{"name":"(anonymous_0)","decl":{"start":{"line":17,"column":20},"end":{"line":17,"column":21}},"loc":{"start":{"line":18,"column":2},"end":{"line":22,"column":13}},"line":18},"1":{"name":"(anonymous_1)","decl":{"start":{"line":29,"column":21},"end":{"line":29,"column":22}},"loc":{"start":{"line":29,"column":38},"end":{"line":29,"column":86}},"line":29},"2":{"name":"(anonymous_2)","decl":{"start":{"line":31,"column":13},"end":{"line":31,"column":14}},"loc":{"start":{"line":32,"column":2},"end":{"line":34,"column":4}},"line":32},"3":{"name":"(anonymous_3)","decl":{"start":{"line":32,"column":14},"end":{"line":32,"column":15}},"loc":{"start":{"line":32,"column":27},"end":{"line":34,"column":3}},"line":32},"4":{"name":"(anonymous_4)","decl":{"start":{"line":33,"column":15},"end":{"line":33,"column":16}},"loc":{"start":{"line":33,"column":21},"end":{"line":33,"column":30}},"line":33}},"branchMap":{},"s":{"0":4,"1":4,"2":9,"3":4,"4":4,"5":9,"6":4,"7":0,"8":0,"9":0},"f":{"0":9,"1":9,"2":0,"3":0,"4":0},"b":{},"_coverageSchema":"1a1c01bbd47fc00a2c39e90264f33305004495a9","hash":"b3424f575e2aa2ba88abd688051f8c3e22d0ed3c"}
}
