TN:
SF:config\development.js
FNF:0
FNH:0
LF:0
LH:0
BRF:0
BRH:0
end_of_record
TN:
SF:config\index.js
FNF:0
FNH:0
DA:5,4
DA:7,4
DA:9,4
LF:3
LH:3
BRDA:5,0,0,4
BRDA:5,0,1,0
BRF:2
BRH:1
end_of_record
TN:
SF:config\production.js
FNF:0
FNH:0
LF:0
LH:0
BRF:0
BRH:0
end_of_record
TN:
SF:config\test.env.js
FNF:0
FNH:0
LF:0
LH:0
BRF:0
BRH:0
end_of_record
TN:
SF:src\configureStore.js
FN:12,(anonymous_0)
FNF:1
FNH:1
FNDA:4,(anonymous_0)
DA:9,4
DA:12,4
DA:13,4
DA:14,4
DA:18,4
DA:19,4
DA:22,4
DA:23,4
DA:24,4
DA:25,4
DA:27,4
DA:29,4
DA:32,4
DA:33,4
DA:36,4
DA:39,4
LF:16
LH:16
BRDA:12,0,0,0
BRDA:18,1,0,4
BRDA:18,1,1,0
BRDA:18,2,0,4
BRDA:18,2,1,4
BRDA:19,3,0,0
BRDA:19,3,1,4
BRF:7
BRH:4
end_of_record
TN:
SF:src\persistence.js
FN:10,(anonymous_0)
FN:12,(anonymous_1)
FN:22,(anonymous_2)
FNF:3
FNH:3
FNDA:4,(anonymous_0)
FNDA:12,(anonymous_1)
FNDA:12,(anonymous_2)
DA:4,4
DA:10,4
DA:11,4
DA:12,12
DA:22,12
LF:5
LH:5
BRF:0
BRH:0
end_of_record
TN:
SF:src\reducers.js
FN:44,(anonymous_0)
FN:49,(anonymous_1)
FNF:2
FNH:2
FNDA:4,(anonymous_0)
FNDA:24,(anonymous_1)
DA:23,4
DA:29,4
DA:44,4
DA:45,4
DA:49,24
DA:50,4
LF:6
LH:6
BRF:0
BRH:0
end_of_record
TN:
SF:src\rootSaga.js
FN:16,rootSaga
FNF:1
FNH:1
FNDA:4,rootSaga
DA:17,4
LF:1
LH:1
BRF:0
BRH:0
end_of_record
TN:
SF:src\components\Footer\index.jsx
FN:9,(anonymous_0)
FNF:1
FNH:1
FNDA:2,(anonymous_0)
DA:9,1
DA:10,2
LF:2
LH:2
BRF:0
BRH:0
end_of_record
TN:
SF:src\components\Loader\index.jsx
FN:6,(anonymous_0)
FNF:1
FNH:1
FNDA:3,(anonymous_0)
DA:6,1
DA:7,3
DA:18,1
LF:3
LH:3
BRDA:11,0,0,3
BRDA:11,0,1,1
BRF:2
BRH:2
end_of_record
TN:
SF:src\components\PopupListOrder\index.jsx
FN:8,(anonymous_0)
FN:25,(anonymous_1)
FNF:2
FNH:2
FNDA:2,(anonymous_0)
FNDA:2,(anonymous_1)
DA:8,1
DA:9,2
DA:26,2
DA:49,1
LF:4
LH:4
BRDA:35,0,0,2
BRDA:35,0,1,2
BRDA:36,1,0,2
BRDA:36,1,1,2
BRDA:37,2,0,2
BRDA:37,2,1,2
BRDA:38,3,0,2
BRDA:38,3,1,2
BRF:8
BRH:8
end_of_record
TN:
SF:src\components\PopupMessage\Dialog.jsx
FN:9,(anonymous_0)
FNF:1
FNH:1
FNDA:2,(anonymous_0)
DA:9,1
DA:10,2
DA:25,1
LF:3
LH:3
BRDA:13,0,0,2
BRDA:13,0,1,2
BRDA:16,1,0,2
BRDA:16,1,1,2
BRF:4
BRH:4
end_of_record
TN:
SF:src\containers\App\actions.js
FN:3,(anonymous_0)
FN:8,(anonymous_1)
FN:13,(anonymous_2)
FN:22,(anonymous_3)
FN:31,(anonymous_4)
FNF:5
FNH:0
FNDA:0,(anonymous_0)
FNDA:0,(anonymous_1)
FNDA:0,(anonymous_2)
FNDA:0,(anonymous_3)
FNDA:0,(anonymous_4)
DA:3,4
DA:8,4
DA:13,4
DA:22,4
DA:31,4
LF:5
LH:5
BRDA:13,0,0,0
BRDA:13,1,0,0
BRF:2
BRH:0
end_of_record
TN:
SF:src\containers\App\constants.js
FNF:0
FNH:0
DA:1,4
DA:2,4
DA:3,4
DA:4,4
LF:4
LH:4
BRF:0
BRH:0
end_of_record
TN:
SF:src\containers\App\reducer.js
FN:18,(anonymous_0)
FN:19,(anonymous_1)
FNF:2
FNH:2
FNDA:32,(anonymous_0)
FNDA:32,(anonymous_1)
DA:5,4
DA:16,4
DA:18,4
DA:19,32
DA:20,32
DA:22,0
DA:23,0
DA:25,0
DA:26,0
DA:28,0
DA:29,0
DA:31,0
DA:32,0
LF:13
LH:5
BRDA:18,0,0,12
BRDA:20,1,0,0
BRDA:20,1,1,0
BRDA:20,1,2,0
BRDA:20,1,3,0
BRF:5
BRH:1
end_of_record
TN:
SF:src\containers\Client\actions.js
FN:19,(anonymous_0)
FN:24,(anonymous_1)
FN:29,(anonymous_2)
FN:33,(anonymous_3)
FN:37,(anonymous_4)
FN:42,(anonymous_5)
FN:47,(anonymous_6)
FN:52,(anonymous_7)
FN:57,(anonymous_8)
FN:61,(anonymous_9)
FN:66,(anonymous_10)
FN:71,(anonymous_11)
FN:76,(anonymous_12)
FN:80,(anonymous_13)
FN:85,(anonymous_14)
FNF:15
FNH:0
FNDA:0,(anonymous_0)
FNDA:0,(anonymous_1)
FNDA:0,(anonymous_2)
FNDA:0,(anonymous_3)
FNDA:0,(anonymous_4)
FNDA:0,(anonymous_5)
FNDA:0,(anonymous_6)
FNDA:0,(anonymous_7)
FNDA:0,(anonymous_8)
FNDA:0,(anonymous_9)
FNDA:0,(anonymous_10)
FNDA:0,(anonymous_11)
FNDA:0,(anonymous_12)
FNDA:0,(anonymous_13)
FNDA:0,(anonymous_14)
DA:19,4
DA:24,4
DA:29,4
DA:33,4
DA:37,4
DA:42,4
DA:47,4
DA:52,4
DA:57,4
DA:61,4
DA:66,4
DA:71,4
DA:76,4
DA:80,4
DA:85,4
LF:15
LH:15
BRF:0
BRH:0
end_of_record
TN:
SF:src\containers\Client\constants.js
FNF:0
FNH:0
DA:1,4
DA:2,4
DA:3,4
DA:4,4
DA:5,4
DA:6,4
DA:7,4
DA:8,4
DA:9,4
DA:10,4
DA:11,4
DA:12,4
DA:13,4
DA:14,4
DA:15,4
LF:15
LH:15
BRF:0
BRH:0
end_of_record
TN:
SF:src\containers\Client\reducer.js
FN:22,(anonymous_0)
FN:23,(anonymous_1)
FNF:2
FNH:2
FNDA:32,(anonymous_0)
FNDA:32,(anonymous_1)
DA:12,4
DA:20,4
DA:22,4
DA:23,32
DA:24,32
DA:26,0
DA:27,0
DA:29,0
DA:30,0
DA:32,0
DA:33,0
DA:34,0
DA:36,0
DA:37,0
DA:39,0
DA:40,0
DA:42,0
DA:43,0
LF:18
LH:5
BRDA:22,0,0,12
BRDA:24,1,0,0
BRDA:24,1,1,0
BRDA:24,1,2,0
BRDA:24,1,3,0
BRDA:24,1,4,0
BRDA:24,1,5,0
BRF:7
BRH:1
end_of_record
TN:
SF:src\containers\Client\saga.js
FN:30,doGetAddress
FN:46,doAddAddress
FN:62,doDeleteAddress
FN:78,doSetActiveAddress
FN:90,doGetBaskets
FN:106,doEditBaskets
FN:124,doDeleteBaskets
FN:136,doGetDistance
FN:150,doPayment
FN:151,paymentPending
FN:162,(anonymous_10)
FN:163,(anonymous_11)
FN:169,callSuccessNotification
FN:199,clientSaga
FNF:14
FNH:1
FNDA:0,doGetAddress
FNDA:0,doAddAddress
FNDA:0,doDeleteAddress
FNDA:0,doSetActiveAddress
FNDA:0,doGetBaskets
FNDA:0,doEditBaskets
FNDA:0,doDeleteBaskets
FNDA:0,doGetDistance
FNDA:0,doPayment
FNDA:0,paymentPending
FNDA:0,(anonymous_10)
FNDA:0,(anonymous_11)
FNDA:0,callSuccessNotification
FNDA:4,clientSaga
DA:31,0
DA:32,0
DA:33,0
DA:34,0
DA:36,0
DA:37,0
DA:39,0
DA:42,0
DA:47,0
DA:48,0
DA:49,0
DA:50,0
DA:52,0
DA:53,0
DA:55,0
DA:58,0
DA:63,0
DA:64,0
DA:65,0
DA:66,0
DA:68,0
DA:69,0
DA:71,0
DA:74,0
DA:79,0
DA:80,0
DA:81,0
DA:82,0
DA:84,0
DA:86,0
DA:91,0
DA:92,0
DA:93,0
DA:94,0
DA:96,0
DA:97,0
DA:99,0
DA:102,0
DA:107,0
DA:108,0
DA:109,0
DA:110,0
DA:111,0
DA:112,0
DA:114,0
DA:115,0
DA:117,0
DA:120,0
DA:125,0
DA:126,0
DA:127,0
DA:128,0
DA:130,0
DA:132,0
DA:137,0
DA:138,0
DA:139,0
DA:140,0
DA:142,0
DA:143,0
DA:146,0
DA:152,0
DA:162,0
DA:163,0
DA:164,0
DA:165,0
DA:170,0
DA:171,0
DA:173,0
DA:179,0
DA:182,0
DA:183,0
DA:184,0
DA:186,0
DA:187,0
DA:190,0
DA:191,0
DA:193,0
DA:194,0
DA:200,4
DA:201,4
DA:202,4
DA:203,4
DA:204,4
DA:205,4
DA:206,4
DA:207,4
DA:208,4
LF:88
LH:9
BRDA:36,0,0,0
BRDA:36,0,1,0
BRDA:36,1,0,0
BRDA:36,1,1,0
BRDA:36,1,2,0
BRDA:52,2,0,0
BRDA:52,2,1,0
BRDA:52,3,0,0
BRDA:52,3,1,0
BRDA:52,3,2,0
BRDA:68,4,0,0
BRDA:68,4,1,0
BRDA:68,5,0,0
BRDA:68,5,1,0
BRDA:68,5,2,0
BRDA:96,6,0,0
BRDA:96,6,1,0
BRDA:96,7,0,0
BRDA:96,7,1,0
BRDA:96,7,2,0
BRDA:114,8,0,0
BRDA:114,8,1,0
BRDA:114,9,0,0
BRDA:114,9,1,0
BRDA:114,9,2,0
BRDA:142,10,0,0
BRDA:142,10,1,0
BRDA:142,11,0,0
BRDA:142,11,1,0
BRDA:142,11,2,0
BRDA:186,12,0,0
BRDA:186,12,1,0
BRDA:193,13,0,0
BRDA:193,13,1,0
BRDA:193,14,0,0
BRDA:193,14,1,0
BRDA:193,14,2,0
BRF:37
BRH:0
end_of_record
TN:
SF:src\containers\Language\constants.js
FNF:0
FNH:0
DA:1,4
DA:2,4
LF:2
LH:2
BRF:0
BRH:0
end_of_record
TN:
SF:src\containers\Language\reducer.js
FN:15,(anonymous_0)
FN:16,(anonymous_1)
FNF:2
FNH:2
FNDA:32,(anonymous_0)
FNDA:32,(anonymous_1)
DA:8,4
DA:15,4
DA:16,32
DA:17,32
DA:19,0
DA:20,0
LF:6
LH:4
BRDA:15,0,0,12
BRDA:17,1,0,0
BRF:2
BRH:1
end_of_record
TN:
SF:src\domain\api.js
FN:19,(anonymous_0)
FN:42,(anonymous_1)
FN:43,(anonymous_2)
FN:44,(anonymous_3)
FN:45,(anonymous_4)
FN:46,(anonymous_5)
FN:48,(anonymous_6)
FN:51,(anonymous_7)
FN:52,(anonymous_8)
FN:53,(anonymous_9)
FN:55,(anonymous_10)
FN:56,(anonymous_11)
FN:58,(anonymous_12)
FN:59,(anonymous_13)
FN:62,(anonymous_14)
FN:63,(anonymous_15)
FN:64,(anonymous_16)
FN:67,(anonymous_17)
FN:68,(anonymous_18)
FN:69,(anonymous_19)
FN:70,(anonymous_20)
FN:73,(anonymous_21)
FN:74,(anonymous_22)
FN:75,(anonymous_23)
FN:76,(anonymous_24)
FN:79,(anonymous_25)
FN:80,(anonymous_26)
FN:83,(anonymous_27)
FN:84,(anonymous_28)
FN:87,(anonymous_29)
FN:88,(anonymous_30)
FN:89,(anonymous_31)
FN:90,(anonymous_32)
FN:92,(anonymous_33)
FN:93,(anonymous_34)
FNF:35
FNH:0
FNDA:0,(anonymous_0)
FNDA:0,(anonymous_1)
FNDA:0,(anonymous_2)
FNDA:0,(anonymous_3)
FNDA:0,(anonymous_4)
FNDA:0,(anonymous_5)
FNDA:0,(anonymous_6)
FNDA:0,(anonymous_7)
FNDA:0,(anonymous_8)
FNDA:0,(anonymous_9)
FNDA:0,(anonymous_10)
FNDA:0,(anonymous_11)
FNDA:0,(anonymous_12)
FNDA:0,(anonymous_13)
FNDA:0,(anonymous_14)
FNDA:0,(anonymous_15)
FNDA:0,(anonymous_16)
FNDA:0,(anonymous_17)
FNDA:0,(anonymous_18)
FNDA:0,(anonymous_19)
FNDA:0,(anonymous_20)
FNDA:0,(anonymous_21)
FNDA:0,(anonymous_22)
FNDA:0,(anonymous_23)
FNDA:0,(anonymous_24)
FNDA:0,(anonymous_25)
FNDA:0,(anonymous_26)
FNDA:0,(anonymous_27)
FNDA:0,(anonymous_28)
FNDA:0,(anonymous_29)
FNDA:0,(anonymous_30)
FNDA:0,(anonymous_31)
FNDA:0,(anonymous_32)
FNDA:0,(anonymous_33)
FNDA:0,(anonymous_34)
DA:7,4
DA:19,4
DA:20,0
DA:24,0
DA:25,0
DA:33,0
DA:34,0
DA:35,0
DA:37,0
DA:42,4
DA:43,4
DA:44,4
DA:45,4
DA:46,4
DA:47,0
DA:48,4
DA:51,4
DA:52,4
DA:53,4
DA:54,0
DA:55,4
DA:56,4
DA:57,0
DA:58,4
DA:59,4
DA:62,4
DA:63,4
DA:64,4
DA:67,4
DA:68,4
DA:69,4
DA:70,4
DA:73,4
DA:74,4
DA:75,4
DA:76,4
DA:79,4
DA:80,4
DA:83,4
DA:84,4
DA:87,4
DA:88,4
DA:89,4
DA:90,4
DA:91,0
DA:92,4
DA:93,4
LF:47
LH:36
BRDA:19,0,0,0
BRDA:19,1,0,0
BRDA:19,2,0,0
BRF:3
BRH:0
end_of_record
TN:
SF:src\languages\en.js
FNF:0
FNH:0
LF:0
LH:0
BRF:0
BRH:0
end_of_record
TN:
SF:src\languages\id.js
FNF:0
FNH:0
LF:0
LH:0
BRF:0
BRH:0
end_of_record
TN:
SF:src\pages\ActiveOrder\actions.js
FN:3,(anonymous_0)
FN:6,(anonymous_1)
FN:11,(anonymous_2)
FNF:3
FNH:0
FNDA:0,(anonymous_0)
FNDA:0,(anonymous_1)
FNDA:0,(anonymous_2)
DA:3,4
DA:6,4
DA:11,4
LF:3
LH:3
BRF:0
BRH:0
end_of_record
TN:
SF:src\pages\ActiveOrder\constants.js
FNF:0
FNH:0
DA:1,4
DA:2,4
DA:3,4
LF:3
LH:3
BRF:0
BRH:0
end_of_record
TN:
SF:src\pages\ActiveOrder\reducer.js
FN:8,(anonymous_0)
FN:9,(anonymous_1)
FNF:2
FNH:2
FNDA:32,(anonymous_0)
FNDA:32,(anonymous_1)
DA:4,4
DA:8,4
DA:9,32
DA:10,32
DA:12,0
DA:13,0
LF:6
LH:4
BRDA:8,0,0,12
BRDA:10,1,0,0
BRF:2
BRH:1
end_of_record
TN:
SF:src\pages\ActiveOrder\saga.js
FN:9,doGetActivePurchase
FN:25,dosetFinishOrder
FN:41,activeOrderSaga
FNF:3
FNH:1
FNDA:0,doGetActivePurchase
FNDA:0,dosetFinishOrder
FNDA:4,activeOrderSaga
DA:10,0
DA:11,0
DA:12,0
DA:13,0
DA:15,0
DA:16,0
DA:18,0
DA:21,0
DA:26,0
DA:27,0
DA:28,0
DA:29,0
DA:31,0
DA:32,0
DA:34,0
DA:37,0
DA:42,4
DA:43,4
LF:18
LH:2
BRDA:15,0,0,0
BRDA:15,0,1,0
BRDA:15,1,0,0
BRDA:15,1,1,0
BRDA:15,1,2,0
BRDA:31,2,0,0
BRDA:31,2,1,0
BRDA:31,3,0,0
BRDA:31,3,1,0
BRDA:31,3,2,0
BRF:10
BRH:0
end_of_record
TN:
SF:src\pages\CreateDriver\actions.js
FN:3,(anonymous_0)
FN:8,(anonymous_1)
FNF:2
FNH:0
FNDA:0,(anonymous_0)
FNDA:0,(anonymous_1)
DA:3,4
DA:8,4
LF:2
LH:2
BRF:0
BRH:0
end_of_record
TN:
SF:src\pages\CreateDriver\constants.js
FNF:0
FNH:0
DA:1,4
DA:2,4
LF:2
LH:2
BRF:0
BRH:0
end_of_record
TN:
SF:src\pages\CreateDriver\reducer.js
FN:9,(anonymous_0)
FN:10,(anonymous_1)
FNF:2
FNH:2
FNDA:32,(anonymous_0)
FNDA:32,(anonymous_1)
DA:5,4
DA:9,4
DA:10,32
DA:11,32
DA:13,0
DA:14,0
LF:6
LH:4
BRDA:9,0,0,12
BRDA:11,1,0,0
BRF:2
BRH:1
end_of_record
TN:
SF:src\pages\CreateDriver\saga.js
FN:8,doRegisterDriver
FN:24,registerDriverSaga
FNF:2
FNH:1
FNDA:0,doRegisterDriver
FNDA:4,registerDriverSaga
DA:9,0
DA:10,0
DA:11,0
DA:12,0
DA:14,0
DA:15,0
DA:17,0
DA:20,0
DA:25,4
LF:9
LH:1
BRDA:14,0,0,0
BRDA:14,0,1,0
BRDA:14,1,0,0
BRDA:14,1,1,0
BRDA:14,1,2,0
BRF:5
BRH:0
end_of_record
TN:
SF:src\pages\CreateMenu\actions.js
FN:3,(anonymous_0)
FN:8,(anonymous_1)
FNF:2
FNH:0
FNDA:0,(anonymous_0)
FNDA:0,(anonymous_1)
DA:3,4
DA:8,4
LF:2
LH:2
BRF:0
BRH:0
end_of_record
TN:
SF:src\pages\CreateMenu\constants.js
FNF:0
FNH:0
DA:1,4
DA:2,4
LF:2
LH:2
BRF:0
BRH:0
end_of_record
TN:
SF:src\pages\CreateMenu\reducer.js
FN:8,(anonymous_0)
FN:9,(anonymous_1)
FNF:2
FNH:2
FNDA:32,(anonymous_0)
FNDA:32,(anonymous_1)
DA:4,4
DA:8,4
DA:9,32
DA:10,32
DA:12,0
DA:13,0
LF:6
LH:4
BRDA:8,0,0,12
BRDA:10,1,0,0
BRF:2
BRH:1
end_of_record
TN:
SF:src\pages\CreateMenu\saga.js
FN:9,doCreateMenu
FN:26,menuSaga
FNF:2
FNH:1
FNDA:0,doCreateMenu
FNDA:4,menuSaga
DA:10,0
DA:11,0
DA:12,0
DA:13,0
DA:14,0
DA:16,0
DA:17,0
DA:19,0
DA:22,0
DA:27,4
LF:10
LH:1
BRDA:16,0,0,0
BRDA:16,0,1,0
BRDA:16,1,0,0
BRDA:16,1,1,0
BRDA:16,1,2,0
BRF:5
BRH:0
end_of_record
TN:
SF:src\pages\DetailOrder\actions.js
FN:3,(anonymous_0)
FN:8,(anonymous_1)
FN:12,(anonymous_2)
FN:17,(anonymous_3)
FNF:4
FNH:0
FNDA:0,(anonymous_0)
FNDA:0,(anonymous_1)
FNDA:0,(anonymous_2)
FNDA:0,(anonymous_3)
DA:3,4
DA:8,4
DA:12,4
DA:17,4
LF:4
LH:4
BRF:0
BRH:0
end_of_record
TN:
SF:src\pages\DetailOrder\constants.js
FNF:0
FNH:0
DA:1,4
DA:2,4
DA:3,4
DA:4,4
LF:4
LH:4
BRF:0
BRH:0
end_of_record
TN:
SF:src\pages\DetailOrder\reducer.js
FN:12,(anonymous_0)
FN:13,(anonymous_1)
FNF:2
FNH:2
FNDA:32,(anonymous_0)
FNDA:32,(anonymous_1)
DA:5,4
DA:10,4
DA:12,4
DA:13,32
DA:14,32
DA:16,0
DA:17,0
DA:19,0
DA:20,0
LF:9
LH:5
BRDA:12,0,0,12
BRDA:14,1,0,0
BRDA:14,1,1,0
BRF:3
BRH:1
end_of_record
TN:
SF:src\pages\DetailOrder\saga.js
FN:9,doGetHistory
FN:25,doGetMapRoutes
FN:42,purchaseSaga
FNF:3
FNH:1
FNDA:0,doGetHistory
FNDA:0,doGetMapRoutes
FNDA:4,purchaseSaga
DA:10,0
DA:11,0
DA:12,0
DA:13,0
DA:15,0
DA:16,0
DA:18,0
DA:21,0
DA:26,0
DA:27,0
DA:28,0
DA:29,0
DA:30,0
DA:32,0
DA:33,0
DA:35,0
DA:38,0
DA:43,4
DA:44,4
LF:19
LH:2
BRDA:15,0,0,0
BRDA:15,0,1,0
BRDA:15,1,0,0
BRDA:15,1,1,0
BRDA:15,1,2,0
BRDA:32,2,0,0
BRDA:32,2,1,0
BRDA:32,3,0,0
BRDA:32,3,1,0
BRDA:32,3,2,0
BRF:10
BRH:0
end_of_record
TN:
SF:src\pages\EditMenu\actions.js
FN:3,(anonymous_0)
FN:8,(anonymous_1)
FNF:2
FNH:0
FNDA:0,(anonymous_0)
FNDA:0,(anonymous_1)
DA:3,4
DA:8,4
LF:2
LH:2
BRF:0
BRH:0
end_of_record
TN:
SF:src\pages\EditMenu\constants.js
FNF:0
FNH:0
DA:1,4
DA:2,4
LF:2
LH:2
BRF:0
BRH:0
end_of_record
TN:
SF:src\pages\EditMenu\reducer.js
FN:8,(anonymous_0)
FN:9,(anonymous_1)
FNF:2
FNH:2
FNDA:32,(anonymous_0)
FNDA:32,(anonymous_1)
DA:4,4
DA:8,4
DA:9,32
DA:10,32
DA:12,0
DA:13,0
LF:6
LH:4
BRDA:8,0,0,12
BRDA:10,1,0,0
BRF:2
BRH:1
end_of_record
TN:
SF:src\pages\EditMenu\saga.js
FN:9,doEditMenu
FN:26,editMenuSaga
FNF:2
FNH:1
FNDA:0,doEditMenu
FNDA:4,editMenuSaga
DA:10,0
DA:11,0
DA:12,0
DA:13,0
DA:14,0
DA:16,0
DA:17,0
DA:19,0
DA:22,0
DA:27,4
LF:10
LH:1
BRDA:16,0,0,0
BRDA:16,0,1,0
BRDA:16,1,0,0
BRDA:16,1,1,0
BRDA:16,1,2,0
BRF:5
BRH:0
end_of_record
TN:
SF:src\pages\ForgotPassword\actions.js
FN:3,(anonymous_0)
FN:8,(anonymous_1)
FNF:2
FNH:0
FNDA:0,(anonymous_0)
FNDA:0,(anonymous_1)
DA:3,4
DA:8,4
LF:2
LH:2
BRF:0
BRH:0
end_of_record
TN:
SF:src\pages\ForgotPassword\constants.js
FNF:0
FNH:0
DA:1,4
DA:2,4
LF:2
LH:2
BRF:0
BRH:0
end_of_record
TN:
SF:src\pages\ForgotPassword\reducer.js
FN:9,(anonymous_0)
FN:10,(anonymous_1)
FNF:2
FNH:2
FNDA:32,(anonymous_0)
FNDA:32,(anonymous_1)
DA:5,4
DA:9,4
DA:10,32
DA:11,32
DA:13,0
DA:14,0
LF:6
LH:4
BRDA:9,0,0,12
BRDA:11,1,0,0
BRF:2
BRH:1
end_of_record
TN:
SF:src\pages\ForgotPassword\saga.js
FN:8,forgotPassword
FN:9,(anonymous_1)
FN:15,(anonymous_2)
FN:32,forgotSaga
FNF:4
FNH:1
FNDA:0,forgotPassword
FNDA:0,(anonymous_1)
FNDA:0,(anonymous_2)
FNDA:4,forgotSaga
DA:9,0
DA:10,0
DA:15,0
DA:16,0
DA:17,0
DA:21,0
DA:22,0
DA:23,0
DA:24,0
DA:26,0
DA:28,0
DA:33,4
LF:12
LH:1
BRF:0
BRH:0
end_of_record
TN:
SF:src\pages\Login\actions.js
FN:3,(anonymous_0)
FN:8,(anonymous_1)
FNF:2
FNH:0
FNDA:0,(anonymous_0)
FNDA:0,(anonymous_1)
DA:3,4
DA:8,4
LF:2
LH:2
BRF:0
BRH:0
end_of_record
TN:
SF:src\pages\Login\constants.js
FNF:0
FNH:0
DA:1,4
DA:2,4
LF:2
LH:2
BRF:0
BRH:0
end_of_record
TN:
SF:src\pages\Login\reducer.js
FN:9,(anonymous_0)
FN:10,(anonymous_1)
FNF:2
FNH:2
FNDA:32,(anonymous_0)
FNDA:32,(anonymous_1)
DA:5,4
DA:9,4
DA:10,32
DA:11,32
DA:13,0
DA:14,0
LF:6
LH:4
BRDA:9,0,0,12
BRDA:11,1,0,0
BRF:2
BRH:1
end_of_record
TN:
SF:src\pages\Login\saga.js
FN:8,login
FN:21,loginSaga
FNF:2
FNH:1
FNDA:0,login
FNDA:4,loginSaga
DA:9,0
DA:10,0
DA:11,0
DA:12,0
DA:13,0
DA:15,0
DA:17,0
DA:22,4
LF:8
LH:1
BRF:0
BRH:0
end_of_record
TN:
SF:src\pages\ManageOrder\actions.js
FN:9,(anonymous_0)
FN:13,(anonymous_1)
FN:18,(anonymous_2)
FN:23,(anonymous_3)
FN:27,(anonymous_4)
FNF:5
FNH:0
FNDA:0,(anonymous_0)
FNDA:0,(anonymous_1)
FNDA:0,(anonymous_2)
FNDA:0,(anonymous_3)
FNDA:0,(anonymous_4)
DA:9,4
DA:13,4
DA:18,4
DA:23,4
DA:27,4
LF:5
LH:5
BRF:0
BRH:0
end_of_record
TN:
SF:src\pages\ManageOrder\constants.js
FNF:0
FNH:0
DA:1,4
DA:2,4
DA:3,4
DA:4,4
DA:5,4
LF:5
LH:5
BRF:0
BRH:0
end_of_record
TN:
SF:src\pages\ManageOrder\reducer.js
FN:9,(anonymous_0)
FN:10,(anonymous_1)
FNF:2
FNH:2
FNDA:32,(anonymous_0)
FNDA:32,(anonymous_1)
DA:4,4
DA:9,4
DA:10,32
DA:11,32
DA:13,0
DA:14,0
DA:16,0
DA:17,0
LF:8
LH:4
BRDA:9,0,0,12
BRDA:11,1,0,0
BRDA:11,1,1,0
BRF:3
BRH:1
end_of_record
TN:
SF:src\pages\ManageOrder\saga.js
FN:9,doGetAllOrderAdmin
FN:25,doSetOrderDelivery
FN:42,doGetDriverList
FN:57,manageOrderSaga
FNF:4
FNH:1
FNDA:0,doGetAllOrderAdmin
FNDA:0,doSetOrderDelivery
FNDA:0,doGetDriverList
FNDA:4,manageOrderSaga
DA:10,0
DA:11,0
DA:12,0
DA:13,0
DA:15,0
DA:16,0
DA:18,0
DA:21,0
DA:26,0
DA:27,0
DA:28,0
DA:29,0
DA:30,0
DA:32,0
DA:33,0
DA:35,0
DA:38,0
DA:43,0
DA:44,0
DA:45,0
DA:46,0
DA:48,0
DA:49,0
DA:51,0
DA:54,0
DA:58,4
DA:59,4
DA:60,4
LF:28
LH:3
BRDA:15,0,0,0
BRDA:15,0,1,0
BRDA:15,1,0,0
BRDA:15,1,1,0
BRDA:15,1,2,0
BRDA:32,2,0,0
BRDA:32,2,1,0
BRDA:32,3,0,0
BRDA:32,3,1,0
BRDA:32,3,2,0
BRDA:48,4,0,0
BRDA:48,4,1,0
BRDA:48,5,0,0
BRDA:48,5,1,0
BRDA:48,5,2,0
BRF:15
BRH:0
end_of_record
TN:
SF:src\pages\OrderHistory\actions.js
FN:3,(anonymous_0)
FN:7,(anonymous_1)
FNF:2
FNH:0
FNDA:0,(anonymous_0)
FNDA:0,(anonymous_1)
DA:3,4
DA:7,4
LF:2
LH:2
BRF:0
BRH:0
end_of_record
TN:
SF:src\pages\OrderHistory\constants.js
FNF:0
FNH:0
DA:1,4
DA:2,4
LF:2
LH:2
BRF:0
BRH:0
end_of_record
TN:
SF:src\pages\OrderHistory\reducer.js
FN:8,(anonymous_0)
FN:9,(anonymous_1)
FNF:2
FNH:2
FNDA:32,(anonymous_0)
FNDA:32,(anonymous_1)
DA:4,4
DA:8,4
DA:9,32
DA:10,32
DA:12,0
DA:13,0
LF:6
LH:4
BRDA:8,0,0,12
BRDA:10,1,0,0
BRF:2
BRH:1
end_of_record
TN:
SF:src\pages\OrderHistory\saga.js
FN:9,doGetAllOrder
FN:25,orderHistorySaga
FNF:2
FNH:1
FNDA:0,doGetAllOrder
FNDA:4,orderHistorySaga
DA:10,0
DA:11,0
DA:12,0
DA:13,0
DA:15,0
DA:16,0
DA:18,0
DA:21,0
DA:26,4
LF:9
LH:1
BRDA:15,0,0,0
BRDA:15,0,1,0
BRDA:15,1,0,0
BRDA:15,1,1,0
BRDA:15,1,2,0
BRF:5
BRH:0
end_of_record
TN:
SF:src\pages\Products\actions.js
FN:16,(anonymous_0)
FN:20,(anonymous_1)
FN:25,(anonymous_2)
FN:30,(anonymous_3)
FN:34,(anonymous_4)
FN:39,(anonymous_5)
FN:44,(anonymous_6)
FN:49,(anonymous_7)
FN:54,(anonymous_8)
FN:59,(anonymous_9)
FN:64,(anonymous_10)
FN:69,(anonymous_11)
FNF:12
FNH:0
FNDA:0,(anonymous_0)
FNDA:0,(anonymous_1)
FNDA:0,(anonymous_2)
FNDA:0,(anonymous_3)
FNDA:0,(anonymous_4)
FNDA:0,(anonymous_5)
FNDA:0,(anonymous_6)
FNDA:0,(anonymous_7)
FNDA:0,(anonymous_8)
FNDA:0,(anonymous_9)
FNDA:0,(anonymous_10)
FNDA:0,(anonymous_11)
DA:16,4
DA:20,4
DA:25,4
DA:30,4
DA:34,4
DA:39,4
DA:44,4
DA:49,4
DA:54,4
DA:59,4
DA:64,4
DA:69,4
LF:12
LH:12
BRF:0
BRH:0
end_of_record
TN:
SF:src\pages\Products\constants.js
FNF:0
FNH:0
DA:1,4
DA:2,4
DA:3,4
DA:4,4
DA:5,4
DA:6,4
DA:7,4
DA:8,4
DA:9,4
DA:10,4
DA:11,4
DA:12,4
LF:12
LH:12
BRF:0
BRH:0
end_of_record
TN:
SF:src\pages\Products\reducer.js
FN:10,(anonymous_0)
FN:11,(anonymous_1)
FNF:2
FNH:2
FNDA:32,(anonymous_0)
FNDA:32,(anonymous_1)
DA:4,4
DA:10,4
DA:11,32
DA:12,32
DA:14,0
DA:15,0
DA:17,0
DA:18,0
DA:20,0
DA:21,0
LF:10
LH:4
BRDA:10,0,0,12
BRDA:12,1,0,0
BRDA:12,1,1,0
BRDA:12,1,2,0
BRF:4
BRH:1
end_of_record
TN:
SF:src\pages\Products\saga.js
FN:28,doGetAllProducts
FN:40,doGetCategories
FN:52,doGetSelectedProducts
FN:64,doAddBasket
FN:76,doDeleteProducts
FN:88,doDeleteCategory
FN:100,doAddCategory
FN:112,doEnableProduct
FN:124,doDisableProduct
FN:136,productSaga
FNF:10
FNH:1
FNDA:0,doGetAllProducts
FNDA:0,doGetCategories
FNDA:0,doGetSelectedProducts
FNDA:0,doAddBasket
FNDA:0,doDeleteProducts
FNDA:0,doDeleteCategory
FNDA:0,doAddCategory
FNDA:0,doEnableProduct
FNDA:0,doDisableProduct
FNDA:4,productSaga
DA:29,0
DA:30,0
DA:31,0
DA:32,0
DA:34,0
DA:36,0
DA:41,0
DA:42,0
DA:43,0
DA:44,0
DA:46,0
DA:48,0
DA:53,0
DA:54,0
DA:55,0
DA:56,0
DA:58,0
DA:60,0
DA:65,0
DA:66,0
DA:67,0
DA:68,0
DA:70,0
DA:72,0
DA:77,0
DA:78,0
DA:79,0
DA:80,0
DA:82,0
DA:84,0
DA:89,0
DA:90,0
DA:91,0
DA:92,0
DA:94,0
DA:96,0
DA:101,0
DA:102,0
DA:103,0
DA:104,0
DA:106,0
DA:108,0
DA:113,0
DA:114,0
DA:115,0
DA:116,0
DA:118,0
DA:120,0
DA:125,0
DA:126,0
DA:127,0
DA:128,0
DA:130,0
DA:132,0
DA:137,4
DA:138,4
DA:139,4
DA:140,4
DA:141,4
DA:142,4
DA:143,4
DA:144,4
DA:145,4
LF:63
LH:9
BRDA:82,0,0,0
BRDA:82,0,1,0
BRDA:94,1,0,0
BRDA:94,1,1,0
BRDA:106,2,0,0
BRDA:106,2,1,0
BRDA:118,3,0,0
BRDA:118,3,1,0
BRDA:130,4,0,0
BRDA:130,4,1,0
BRF:10
BRH:0
end_of_record
TN:
SF:src\pages\Register\actions.js
FN:3,(anonymous_0)
FN:8,(anonymous_1)
FNF:2
FNH:0
FNDA:0,(anonymous_0)
FNDA:0,(anonymous_1)
DA:3,4
DA:8,4
LF:2
LH:2
BRF:0
BRH:0
end_of_record
TN:
SF:src\pages\Register\constants.js
FNF:0
FNH:0
DA:1,4
DA:2,4
LF:2
LH:2
BRF:0
BRH:0
end_of_record
TN:
SF:src\pages\Register\reducer.js
FN:9,(anonymous_0)
FN:10,(anonymous_1)
FNF:2
FNH:2
FNDA:32,(anonymous_0)
FNDA:32,(anonymous_1)
DA:5,4
DA:9,4
DA:10,32
DA:11,32
DA:13,0
DA:14,0
LF:6
LH:4
BRDA:9,0,0,12
BRDA:11,1,0,0
BRF:2
BRH:1
end_of_record
TN:
SF:src\pages\Register\saga.js
FN:7,register
FN:19,registerSaga
FNF:2
FNH:1
FNDA:0,register
FNDA:4,registerSaga
DA:8,0
DA:9,0
DA:10,0
DA:11,0
DA:13,0
DA:15,0
DA:20,4
LF:7
LH:1
BRF:0
BRH:0
end_of_record
TN:
SF:src\pages\ResetPassword\actions.js
FN:3,(anonymous_0)
FN:8,(anonymous_1)
FNF:2
FNH:0
FNDA:0,(anonymous_0)
FNDA:0,(anonymous_1)
DA:3,4
DA:8,4
LF:2
LH:2
BRF:0
BRH:0
end_of_record
TN:
SF:src\pages\ResetPassword\constants.js
FNF:0
FNH:0
DA:1,4
DA:2,4
LF:2
LH:2
BRF:0
BRH:0
end_of_record
TN:
SF:src\pages\ResetPassword\reducer.js
FN:9,(anonymous_0)
FN:10,(anonymous_1)
FNF:2
FNH:2
FNDA:32,(anonymous_0)
FNDA:32,(anonymous_1)
DA:5,4
DA:9,4
DA:10,32
DA:11,32
DA:13,0
DA:14,0
LF:6
LH:4
BRDA:9,0,0,12
BRDA:11,1,0,0
BRF:2
BRH:1
end_of_record
TN:
SF:src\pages\ResetPassword\saga.js
FN:11,resetPassword
FN:12,(anonymous_1)
FN:18,(anonymous_2)
FN:34,resetSaga
FNF:4
FNH:1
FNDA:0,resetPassword
FNDA:0,(anonymous_1)
FNDA:0,(anonymous_2)
FNDA:4,resetSaga
DA:12,0
DA:13,0
DA:18,0
DA:19,0
DA:20,0
DA:23,0
DA:24,0
DA:25,0
DA:26,0
DA:28,0
DA:30,0
DA:35,4
LF:12
LH:1
BRF:0
BRH:0
end_of_record
TN:
SF:src\utils\request.js
FN:5,(anonymous_0)
FN:15,(anonymous_1)
FN:16,(anonymous_2)
FN:19,(anonymous_3)
FNF:4
FNH:0
FNDA:0,(anonymous_0)
FNDA:0,(anonymous_1)
FNDA:0,(anonymous_2)
FNDA:0,(anonymous_3)
DA:5,4
DA:6,0
DA:7,0
DA:8,0
DA:9,0
DA:11,0
DA:14,4
DA:15,0
DA:16,0
DA:19,4
LF:10
LH:3
BRDA:8,0,0,0
BRDA:8,0,1,0
BRF:2
BRH:0
end_of_record
TN:
SF:src\utils\testHelper.js
FN:17,(anonymous_0)
FN:29,(anonymous_1)
FN:31,(anonymous_2)
FN:32,(anonymous_3)
FN:33,(anonymous_4)
FNF:5
FNH:2
FNDA:9,(anonymous_0)
FNDA:9,(anonymous_1)
FNDA:0,(anonymous_2)
FNDA:0,(anonymous_3)
FNDA:0,(anonymous_4)
DA:12,4
DA:17,4
DA:18,9
DA:25,4
DA:29,9
DA:31,4
DA:32,0
DA:33,0
LF:8
LH:6
BRF:0
BRH:0
end_of_record
